[0.076s] Invoking command in '/root/Luis/camera_zed/Camera_Depth/zed_workspace/build/camera_interface': CMAKE_PREFIX_PATH=${CMAKE_PREFIX_PATH}:/root/Luis/camera_zed/Camera_Depth/zed_workspace/install/camera_controller:/opt/ros/eloquent /usr/bin/cmake --build /root/Luis/camera_zed/Camera_Depth/zed_workspace/build/camera_interface -- -j6 -l6
[0.297s] [  2%] Built target camera_interface__cpp
[0.318s] [ 13%] Built target camera_interface__rosidl_generator_c
[0.435s] [ 24%] Built target camera_interface__rosidl_typesupport_introspection_cpp
[0.456s] [ 35%] Built target camera_interface__rosidl_typesupport_fastrtps_cpp
[0.458s] [ 46%] Built target camera_interface__rosidl_typesupport_introspection_c
[0.594s] [ 57%] Built target camera_interface__rosidl_typesupport_cpp
[0.606s] [ 68%] Built target camera_interface__rosidl_typesupport_fastrtps_c
[0.723s] [ 80%] Built target camera_interface__rosidl_typesupport_c
[0.816s] [ 80%] Built target camera_interface
[0.909s] [ 82%] Built target camera_interface__py
[1.020s] [ 91%] Built target camera_interface__python
[1.132s] [ 95%] Built target camera_interface__rosidl_typesupport_fastrtps_c__pyext
[1.133s] [100%] Built target camera_interface__rosidl_typesupport_c__pyext
[1.186s] Invoked command in '/root/Luis/camera_zed/Camera_Depth/zed_workspace/build/camera_interface' returned '0': CMAKE_PREFIX_PATH=${CMAKE_PREFIX_PATH}:/root/Luis/camera_zed/Camera_Depth/zed_workspace/install/camera_controller:/opt/ros/eloquent /usr/bin/cmake --build /root/Luis/camera_zed/Camera_Depth/zed_workspace/build/camera_interface -- -j6 -l6
[1.604s] Invoking command in '/root/Luis/camera_zed/Camera_Depth/zed_workspace/build/camera_interface': CMAKE_PREFIX_PATH=${CMAKE_PREFIX_PATH}:/root/Luis/camera_zed/Camera_Depth/zed_workspace/install/camera_controller:/opt/ros/eloquent /usr/bin/cmake --build /root/Luis/camera_zed/Camera_Depth/zed_workspace/build/camera_interface --target install -- -j6 -l6
[1.835s] [  2%] Built target camera_interface__cpp
[1.856s] [ 13%] Built target camera_interface__rosidl_generator_c
[1.946s] [ 24%] Built target camera_interface__rosidl_typesupport_introspection_cpp
[1.961s] [ 35%] Built target camera_interface__rosidl_typesupport_fastrtps_cpp
[1.973s] [ 46%] Built target camera_interface__rosidl_typesupport_introspection_c
[2.082s] [ 68%] Built target camera_interface__rosidl_typesupport_fastrtps_c
[2.083s] [ 68%] Built target camera_interface__rosidl_typesupport_cpp
[2.193s] [ 80%] Built target camera_interface__rosidl_typesupport_c
[2.278s] [ 80%] Built target camera_interface
[2.365s] [ 82%] Built target camera_interface__py
[2.478s] [ 91%] Built target camera_interface__python
[2.593s] [ 95%] Built target camera_interface__rosidl_typesupport_c__pyext
[2.594s] [100%] Built target camera_interface__rosidl_typesupport_fastrtps_c__pyext
[2.676s] [36mInstall the project...[0m
[2.715s] -- Install configuration: ""
[2.716s] -- Up-to-date: /root/Luis/camera_zed/Camera_Depth/zed_workspace/install/camera_interface/share/ament_index/resource_index/rosidl_interfaces/camera_interface
[2.718s] -- Up-to-date: /root/Luis/camera_zed/Camera_Depth/zed_workspace/install/camera_interface/lib/libcamera_interface__rosidl_typesupport_c.so
[2.718s] -- Up-to-date: /root/Luis/camera_zed/Camera_Depth/zed_workspace/install/camera_interface/share/camera_interface/environment/library_path.sh
[2.720s] -- Up-to-date: /root/Luis/camera_zed/Camera_Depth/zed_workspace/install/camera_interface/share/camera_interface/environment/library_path.dsv
[2.720s] -- Up-to-date: /root/Luis/camera_zed/Camera_Depth/zed_workspace/install/camera_interface/lib/libcamera_interface__rosidl_typesupport_cpp.so
[2.721s] -- Up-to-date: /root/Luis/camera_zed/Camera_Depth/zed_workspace/install/camera_interface/include/camera_interface
[2.723s] -- Up-to-date: /root/Luis/camera_zed/Camera_Depth/zed_workspace/install/camera_interface/include/camera_interface/msg
[2.725s] -- Up-to-date: /root/Luis/camera_zed/Camera_Depth/zed_workspace/install/camera_interface/include/camera_interface/msg/rosidl_typesupport_fastrtps_c__visibility_control.h
[2.726s] -- Up-to-date: /root/Luis/camera_zed/Camera_Depth/zed_workspace/install/camera_interface/include/camera_interface/msg/nodeupdate__rosidl_typesupport_fastrtps_c.h
[2.727s] -- Up-to-date: /root/Luis/camera_zed/Camera_Depth/zed_workspace/install/camera_interface/include/camera_interface/msg/obstacles__rosidl_typesupport_fastrtps_c.h
[2.728s] -- Up-to-date: /root/Luis/camera_zed/Camera_Depth/zed_workspace/install/camera_interface/include/camera_interface/msg/camera__rosidl_typesupport_fastrtps_c.h
[2.729s] -- Up-to-date: /root/Luis/camera_zed/Camera_Depth/zed_workspace/install/camera_interface/lib/libcamera_interface__rosidl_typesupport_fastrtps_c.so
[2.730s] -- Up-to-date: /root/Luis/camera_zed/Camera_Depth/zed_workspace/install/camera_interface/include/camera_interface
[2.732s] -- Up-to-date: /root/Luis/camera_zed/Camera_Depth/zed_workspace/install/camera_interface/include/camera_interface/msg
[2.732s] -- Up-to-date: /root/Luis/camera_zed/Camera_Depth/zed_workspace/install/camera_interface/include/camera_interface/msg/obstacles__struct.h
[2.733s] -- Up-to-date: /root/Luis/camera_zed/Camera_Depth/zed_workspace/install/camera_interface/include/camera_interface/msg/camera__struct.h
[2.734s] -- Up-to-date: /root/Luis/camera_zed/Camera_Depth/zed_workspace/install/camera_interface/include/camera_interface/msg/nodeupdate__functions.h
[2.735s] -- Up-to-date: /root/Luis/camera_zed/Camera_Depth/zed_workspace/install/camera_interface/include/camera_interface/msg/obstacles.h
[2.735s] -- Up-to-date: /root/Luis/camera_zed/Camera_Depth/zed_workspace/install/camera_interface/include/camera_interface/msg/obstacles__functions.c
[2.736s] -- Up-to-date: /root/Luis/camera_zed/Camera_Depth/zed_workspace/install/camera_interface/include/camera_interface/msg/nodeupdate__type_support.h
[2.737s] -- Up-to-date: /root/Luis/camera_zed/Camera_Depth/zed_workspace/install/camera_interface/include/camera_interface/msg/camera__type_support.h
[2.737s] -- Up-to-date: /root/Luis/camera_zed/Camera_Depth/zed_workspace/install/camera_interface/include/camera_interface/msg/obstacles__functions.h
[2.738s] -- Up-to-date: /root/Luis/camera_zed/Camera_Depth/zed_workspace/install/camera_interface/include/camera_interface/msg/rosidl_generator_c__visibility_control.h
[2.738s] -- Up-to-date: /root/Luis/camera_zed/Camera_Depth/zed_workspace/install/camera_interface/include/camera_interface/msg/nodeupdate__struct.h
[2.739s] -- Up-to-date: /root/Luis/camera_zed/Camera_Depth/zed_workspace/install/camera_interface/include/camera_interface/msg/nodeupdate.h
[2.739s] -- Up-to-date: /root/Luis/camera_zed/Camera_Depth/zed_workspace/install/camera_interface/include/camera_interface/msg/camera.h
[2.740s] -- Up-to-date: /root/Luis/camera_zed/Camera_Depth/zed_workspace/install/camera_interface/include/camera_interface/msg/camera__functions.c
[2.740s] -- Up-to-date: /root/Luis/camera_zed/Camera_Depth/zed_workspace/install/camera_interface/include/camera_interface/msg/obstacles__type_support.h
[2.743s] -- Up-to-date: /root/Luis/camera_zed/Camera_Depth/zed_workspace/install/camera_interface/include/camera_interface/msg/camera__functions.h
[2.743s] -- Up-to-date: /root/Luis/camera_zed/Camera_Depth/zed_workspace/install/camera_interface/include/camera_interface/msg/nodeupdate__functions.c
[2.744s] -- Up-to-date: /root/Luis/camera_zed/Camera_Depth/zed_workspace/install/camera_interface/lib/libcamera_interface__rosidl_generator_c.so
[2.744s] -- Up-to-date: /root/Luis/camera_zed/Camera_Depth/zed_workspace/install/camera_interface/include/camera_interface
[2.745s] -- Up-to-date: /root/Luis/camera_zed/Camera_Depth/zed_workspace/install/camera_interface/include/camera_interface/msg
[2.745s] -- Up-to-date: /root/Luis/camera_zed/Camera_Depth/zed_workspace/install/camera_interface/include/camera_interface/msg/camera__rosidl_typesupport_fastrtps_cpp.hpp
[2.746s] -- Up-to-date: /root/Luis/camera_zed/Camera_Depth/zed_workspace/install/camera_interface/include/camera_interface/msg/rosidl_typesupport_fastrtps_cpp__visibility_control.h
[2.746s] -- Up-to-date: /root/Luis/camera_zed/Camera_Depth/zed_workspace/install/camera_interface/include/camera_interface/msg/nodeupdate__rosidl_typesupport_fastrtps_cpp.hpp
[2.747s] -- Up-to-date: /root/Luis/camera_zed/Camera_Depth/zed_workspace/install/camera_interface/include/camera_interface/msg/obstacles__rosidl_typesupport_fastrtps_cpp.hpp
[2.747s] -- Up-to-date: /root/Luis/camera_zed/Camera_Depth/zed_workspace/install/camera_interface/include/camera_interface/msg/dds_fastrtps
[2.748s] -- Up-to-date: /root/Luis/camera_zed/Camera_Depth/zed_workspace/install/camera_interface/lib/libcamera_interface__rosidl_typesupport_fastrtps_cpp.so
[2.748s] -- Up-to-date: /root/Luis/camera_zed/Camera_Depth/zed_workspace/install/camera_interface/include/camera_interface
[2.748s] -- Up-to-date: /root/Luis/camera_zed/Camera_Depth/zed_workspace/install/camera_interface/include/camera_interface/msg
[2.749s] -- Up-to-date: /root/Luis/camera_zed/Camera_Depth/zed_workspace/install/camera_interface/include/camera_interface/msg/nodeupdate.hpp
[2.749s] -- Up-to-date: /root/Luis/camera_zed/Camera_Depth/zed_workspace/install/camera_interface/include/camera_interface/msg/nodeupdate__traits.hpp
[2.750s] -- Up-to-date: /root/Luis/camera_zed/Camera_Depth/zed_workspace/install/camera_interface/include/camera_interface/msg/obstacles.hpp
[2.750s] -- Up-to-date: /root/Luis/camera_zed/Camera_Depth/zed_workspace/install/camera_interface/include/camera_interface/msg/camera__traits.hpp
[2.751s] -- Up-to-date: /root/Luis/camera_zed/Camera_Depth/zed_workspace/install/camera_interface/include/camera_interface/msg/camera.hpp
[2.751s] -- Up-to-date: /root/Luis/camera_zed/Camera_Depth/zed_workspace/install/camera_interface/include/camera_interface/msg/nodeupdate__struct.hpp
[2.752s] -- Up-to-date: /root/Luis/camera_zed/Camera_Depth/zed_workspace/install/camera_interface/include/camera_interface/msg/obstacles__traits.hpp
[2.752s] -- Up-to-date: /root/Luis/camera_zed/Camera_Depth/zed_workspace/install/camera_interface/include/camera_interface/msg/obstacles__struct.hpp
[2.752s] -- Up-to-date: /root/Luis/camera_zed/Camera_Depth/zed_workspace/install/camera_interface/include/camera_interface/msg/camera__struct.hpp
[2.753s] -- Up-to-date: /root/Luis/camera_zed/Camera_Depth/zed_workspace/install/camera_interface/include/camera_interface
[2.753s] -- Up-to-date: /root/Luis/camera_zed/Camera_Depth/zed_workspace/install/camera_interface/include/camera_interface/msg
[2.754s] -- Up-to-date: /root/Luis/camera_zed/Camera_Depth/zed_workspace/install/camera_interface/include/camera_interface/msg/rosidl_typesupport_introspection_c__visibility_control.h
[2.754s] -- Up-to-date: /root/Luis/camera_zed/Camera_Depth/zed_workspace/install/camera_interface/include/camera_interface/msg/nodeupdate__rosidl_typesupport_introspection_c.h
[2.755s] -- Up-to-date: /root/Luis/camera_zed/Camera_Depth/zed_workspace/install/camera_interface/include/camera_interface/msg/obstacles__type_support.c
[2.755s] -- Up-to-date: /root/Luis/camera_zed/Camera_Depth/zed_workspace/install/camera_interface/include/camera_interface/msg/nodeupdate__type_support.c
[2.755s] -- Up-to-date: /root/Luis/camera_zed/Camera_Depth/zed_workspace/install/camera_interface/include/camera_interface/msg/obstacles__rosidl_typesupport_introspection_c.h
[2.756s] -- Up-to-date: /root/Luis/camera_zed/Camera_Depth/zed_workspace/install/camera_interface/include/camera_interface/msg/camera__rosidl_typesupport_introspection_c.h
[2.757s] -- Up-to-date: /root/Luis/camera_zed/Camera_Depth/zed_workspace/install/camera_interface/include/camera_interface/msg/camera__type_support.c
[2.757s] -- Up-to-date: /root/Luis/camera_zed/Camera_Depth/zed_workspace/install/camera_interface/lib/libcamera_interface__rosidl_typesupport_introspection_c.so
[2.757s] -- Up-to-date: /root/Luis/camera_zed/Camera_Depth/zed_workspace/install/camera_interface/include/camera_interface
[2.758s] -- Up-to-date: /root/Luis/camera_zed/Camera_Depth/zed_workspace/install/camera_interface/include/camera_interface/msg
[2.758s] -- Up-to-date: /root/Luis/camera_zed/Camera_Depth/zed_workspace/install/camera_interface/include/camera_interface/msg/obstacles__type_support.cpp
[2.759s] -- Up-to-date: /root/Luis/camera_zed/Camera_Depth/zed_workspace/install/camera_interface/include/camera_interface/msg/obstacles__rosidl_typesupport_introspection_cpp.hpp
[2.759s] -- Up-to-date: /root/Luis/camera_zed/Camera_Depth/zed_workspace/install/camera_interface/include/camera_interface/msg/nodeupdate__type_support.cpp
[2.759s] -- Up-to-date: /root/Luis/camera_zed/Camera_Depth/zed_workspace/install/camera_interface/include/camera_interface/msg/camera__rosidl_typesupport_introspection_cpp.hpp
[2.760s] -- Up-to-date: /root/Luis/camera_zed/Camera_Depth/zed_workspace/install/camera_interface/include/camera_interface/msg/camera__type_support.cpp
[2.760s] -- Up-to-date: /root/Luis/camera_zed/Camera_Depth/zed_workspace/install/camera_interface/include/camera_interface/msg/nodeupdate__rosidl_typesupport_introspection_cpp.hpp
[2.761s] -- Up-to-date: /root/Luis/camera_zed/Camera_Depth/zed_workspace/install/camera_interface/lib/libcamera_interface__rosidl_typesupport_introspection_cpp.so
[2.761s] -- Up-to-date: /root/Luis/camera_zed/Camera_Depth/zed_workspace/install/camera_interface/share/camera_interface/environment/pythonpath.sh
[2.762s] -- Up-to-date: /root/Luis/camera_zed/Camera_Depth/zed_workspace/install/camera_interface/share/camera_interface/environment/pythonpath.dsv
[2.762s] -- Up-to-date: /root/Luis/camera_zed/Camera_Depth/zed_workspace/install/camera_interface/lib/python3.6/site-packages/camera_interface/__init__.py
[2.911s] -- Up-to-date: /root/Luis/camera_zed/Camera_Depth/zed_workspace/install/camera_interface/lib/python3.6/site-packages/camera_interface/msg
[2.913s] -- Up-to-date: /root/Luis/camera_zed/Camera_Depth/zed_workspace/install/camera_interface/lib/python3.6/site-packages/camera_interface/msg/_camera_s.c
[2.916s] -- Up-to-date: /root/Luis/camera_zed/Camera_Depth/zed_workspace/install/camera_interface/lib/python3.6/site-packages/camera_interface/msg/_camera.py
[2.918s] -- Up-to-date: /root/Luis/camera_zed/Camera_Depth/zed_workspace/install/camera_interface/lib/python3.6/site-packages/camera_interface/msg/_obstacles_s.c
[2.919s] -- Up-to-date: /root/Luis/camera_zed/Camera_Depth/zed_workspace/install/camera_interface/lib/python3.6/site-packages/camera_interface/msg/_nodeupdate_s.c
[2.920s] -- Up-to-date: /root/Luis/camera_zed/Camera_Depth/zed_workspace/install/camera_interface/lib/python3.6/site-packages/camera_interface/msg/__init__.py
[2.922s] -- Up-to-date: /root/Luis/camera_zed/Camera_Depth/zed_workspace/install/camera_interface/lib/python3.6/site-packages/camera_interface/msg/_obstacles.py
[2.924s] -- Up-to-date: /root/Luis/camera_zed/Camera_Depth/zed_workspace/install/camera_interface/lib/python3.6/site-packages/camera_interface/msg/_nodeupdate.py
[2.925s] -- Up-to-date: /root/Luis/camera_zed/Camera_Depth/zed_workspace/install/camera_interface/lib/python3.6/site-packages/camera_interface/camera_interface_s__rosidl_typesupport_c.cpython-36m-aarch64-linux-gnu.so
[2.926s] -- Up-to-date: /root/Luis/camera_zed/Camera_Depth/zed_workspace/install/camera_interface/lib/python3.6/site-packages/camera_interface/camera_interface_s__rosidl_typesupport_fastrtps_c.cpython-36m-aarch64-linux-gnu.so
[2.926s] -- Up-to-date: /root/Luis/camera_zed/Camera_Depth/zed_workspace/install/camera_interface/lib/libcamera_interface__python.so
[2.927s] -- Up-to-date: /root/Luis/camera_zed/Camera_Depth/zed_workspace/install/camera_interface/share/camera_interface/msg/Camera.idl
[2.927s] -- Up-to-date: /root/Luis/camera_zed/Camera_Depth/zed_workspace/install/camera_interface/share/camera_interface/msg/Obstacles.idl
[2.928s] -- Up-to-date: /root/Luis/camera_zed/Camera_Depth/zed_workspace/install/camera_interface/share/camera_interface/msg/Nodeupdate.idl
[2.928s] -- Up-to-date: /root/Luis/camera_zed/Camera_Depth/zed_workspace/install/camera_interface/share/camera_interface/msg/Camera.msg
[2.929s] -- Up-to-date: /root/Luis/camera_zed/Camera_Depth/zed_workspace/install/camera_interface/share/camera_interface/msg/Obstacles.msg
[2.929s] -- Up-to-date: /root/Luis/camera_zed/Camera_Depth/zed_workspace/install/camera_interface/share/camera_interface/msg/Nodeupdate.msg
[2.930s] -- Up-to-date: /root/Luis/camera_zed/Camera_Depth/zed_workspace/install/camera_interface/share/ament_index/resource_index/package_run_dependencies/camera_interface
[2.930s] -- Up-to-date: /root/Luis/camera_zed/Camera_Depth/zed_workspace/install/camera_interface/share/ament_index/resource_index/parent_prefix_path/camera_interface
[2.936s] -- Up-to-date: /root/Luis/camera_zed/Camera_Depth/zed_workspace/install/camera_interface/share/camera_interface/environment/ament_prefix_path.sh
[2.937s] -- Up-to-date: /root/Luis/camera_zed/Camera_Depth/zed_workspace/install/camera_interface/share/camera_interface/environment/ament_prefix_path.dsv
[2.938s] -- Up-to-date: /root/Luis/camera_zed/Camera_Depth/zed_workspace/install/camera_interface/share/camera_interface/environment/path.sh
[2.939s] -- Up-to-date: /root/Luis/camera_zed/Camera_Depth/zed_workspace/install/camera_interface/share/camera_interface/environment/path.dsv
[2.940s] -- Up-to-date: /root/Luis/camera_zed/Camera_Depth/zed_workspace/install/camera_interface/share/camera_interface/local_setup.bash
[2.940s] -- Up-to-date: /root/Luis/camera_zed/Camera_Depth/zed_workspace/install/camera_interface/share/camera_interface/local_setup.sh
[2.941s] -- Up-to-date: /root/Luis/camera_zed/Camera_Depth/zed_workspace/install/camera_interface/share/camera_interface/local_setup.zsh
[2.950s] -- Up-to-date: /root/Luis/camera_zed/Camera_Depth/zed_workspace/install/camera_interface/share/camera_interface/local_setup.dsv
[2.951s] -- Installing: /root/Luis/camera_zed/Camera_Depth/zed_workspace/install/camera_interface/share/camera_interface/package.dsv
[2.951s] -- Up-to-date: /root/Luis/camera_zed/Camera_Depth/zed_workspace/install/camera_interface/share/ament_index/resource_index/packages/camera_interface
[2.952s] -- Up-to-date: /root/Luis/camera_zed/Camera_Depth/zed_workspace/install/camera_interface/share/camera_interface/cmake/rosidl_cmake-extras.cmake
[2.960s] -- Up-to-date: /root/Luis/camera_zed/Camera_Depth/zed_workspace/install/camera_interface/share/camera_interface/cmake/ament_cmake_export_dependencies-extras.cmake
[2.961s] -- Up-to-date: /root/Luis/camera_zed/Camera_Depth/zed_workspace/install/camera_interface/share/camera_interface/cmake/ament_cmake_export_libraries-extras.cmake
[2.962s] -- Up-to-date: /root/Luis/camera_zed/Camera_Depth/zed_workspace/install/camera_interface/share/camera_interface/cmake/ament_cmake_export_include_directories-extras.cmake
[2.963s] -- Up-to-date: /root/Luis/camera_zed/Camera_Depth/zed_workspace/install/camera_interface/share/camera_interface/cmake/camera_interfaceConfig.cmake
[2.963s] -- Up-to-date: /root/Luis/camera_zed/Camera_Depth/zed_workspace/install/camera_interface/share/camera_interface/cmake/camera_interfaceConfig-version.cmake
[2.964s] -- Up-to-date: /root/Luis/camera_zed/Camera_Depth/zed_workspace/install/camera_interface/share/camera_interface/package.xml
[2.965s] Invoked command in '/root/Luis/camera_zed/Camera_Depth/zed_workspace/build/camera_interface' returned '0': CMAKE_PREFIX_PATH=${CMAKE_PREFIX_PATH}:/root/Luis/camera_zed/Camera_Depth/zed_workspace/install/camera_controller:/opt/ros/eloquent /usr/bin/cmake --build /root/Luis/camera_zed/Camera_Depth/zed_workspace/build/camera_interface --target install -- -j6 -l6
