running egg_info
writing ../../build/camera_controller/camera_controller.egg-info/PKG-INFO
writing dependency_links to ../../build/camera_controller/camera_controller.egg-info/dependency_links.txt
writing entry points to ../../build/camera_controller/camera_controller.egg-info/entry_points.txt
writing requirements to ../../build/camera_controller/camera_controller.egg-info/requires.txt
writing top-level names to ../../build/camera_controller/camera_controller.egg-info/top_level.txt
reading manifest file '../../build/camera_controller/camera_controller.egg-info/SOURCES.txt'
writing manifest file '../../build/camera_controller/camera_controller.egg-info/SOURCES.txt'
running build
running build_py
copying camera_controller/Zed_node.py -> /root/Luis/camera_zed/Camera_Depth/zed_workspace/build/camera_controller/build/lib/camera_controller
running install
running install_lib
copying /root/Luis/camera_zed/Camera_Depth/zed_workspace/build/camera_controller/build/lib/camera_controller/Zed_node.py -> /root/Luis/camera_zed/Camera_Depth/zed_workspace/install/camera_controller/lib/python3.6/site-packages/camera_controller
byte-compiling /root/Luis/camera_zed/Camera_Depth/zed_workspace/install/camera_controller/lib/python3.6/site-packages/camera_controller/Zed_node.py to Zed_node.cpython-36.pyc
running install_data
running install_egg_info
removing '/root/Luis/camera_zed/Camera_Depth/zed_workspace/install/camera_controller/lib/python3.6/site-packages/camera_controller-0.0.0-py3.6.egg-info' (and everything under it)
Copying ../../build/camera_controller/camera_controller.egg-info to /root/Luis/camera_zed/Camera_Depth/zed_workspace/install/camera_controller/lib/python3.6/site-packages/camera_controller-0.0.0-py3.6.egg-info
running install_scripts
Installing Zed_node script to /root/Luis/camera_zed/Camera_Depth/zed_workspace/install/camera_controller/lib/camera_controller
Installing camera_node script to /root/Luis/camera_zed/Camera_Depth/zed_workspace/install/camera_controller/lib/camera_controller
Installing distance_cells script to /root/Luis/camera_zed/Camera_Depth/zed_workspace/install/camera_controller/lib/camera_controller
Installing distance_move script to /root/Luis/camera_zed/Camera_Depth/zed_workspace/install/camera_controller/lib/camera_controller
writing list of installed files to '/root/Luis/camera_zed/Camera_Depth/zed_workspace/build/camera_controller/install.log'
