running egg_info
writing ../../build/camera_controller/camera_controller.egg-info/PKG-INFO
writing dependency_links to ../../build/camera_controller/camera_controller.egg-info/dependency_links.txt
writing entry points to ../../build/camera_controller/camera_controller.egg-info/entry_points.txt
writing requirements to ../../build/camera_controller/camera_controller.egg-info/requires.txt
writing top-level names to ../../build/camera_controller/camera_controller.egg-info/top_level.txt
reading manifest file '../../build/camera_controller/camera_controller.egg-info/SOURCES.txt'
writing manifest file '../../build/camera_controller/camera_controller.egg-info/SOURCES.txt'
running build
running build_py
copying camera_controller/distance.py -> /root/Luis/Camera_Depth/build/camera_controller/build/lib/camera_controller
copying camera_controller/test_tf2.py -> /root/Luis/Camera_Depth/build/camera_controller/build/lib/camera_controller
copying camera_controller/globalPoint.py -> /root/Luis/Camera_Depth/build/camera_controller/build/lib/camera_controller
copying camera_controller/robot_localization.py -> /root/Luis/Camera_Depth/build/camera_controller/build/lib/camera_controller
copying camera_controller/distance_move.py -> /root/Luis/Camera_Depth/build/camera_controller/build/lib/camera_controller
running install
/usr/local/lib/python3.6/dist-packages/setuptools/command/install.py:37: SetuptoolsDeprecationWarning: setup.py install is deprecated. Use build and pip and other standards-based tools.
  setuptools.SetuptoolsDeprecationWarning,
running install_lib
creating /root/Luis/Camera_Depth/install/camera_controller/lib/python3.6/site-packages/camera_controller
copying /root/Luis/Camera_Depth/build/camera_controller/build/lib/camera_controller/distance.py -> /root/Luis/Camera_Depth/install/camera_controller/lib/python3.6/site-packages/camera_controller
copying /root/Luis/Camera_Depth/build/camera_controller/build/lib/camera_controller/distance_all.py -> /root/Luis/Camera_Depth/install/camera_controller/lib/python3.6/site-packages/camera_controller
copying /root/Luis/Camera_Depth/build/camera_controller/build/lib/camera_controller/test_tf2.py -> /root/Luis/Camera_Depth/install/camera_controller/lib/python3.6/site-packages/camera_controller
copying /root/Luis/Camera_Depth/build/camera_controller/build/lib/camera_controller/distance_cells.py -> /root/Luis/Camera_Depth/install/camera_controller/lib/python3.6/site-packages/camera_controller
copying /root/Luis/Camera_Depth/build/camera_controller/build/lib/camera_controller/globalPoint.py -> /root/Luis/Camera_Depth/install/camera_controller/lib/python3.6/site-packages/camera_controller
copying /root/Luis/Camera_Depth/build/camera_controller/build/lib/camera_controller/robot_localization.py -> /root/Luis/Camera_Depth/install/camera_controller/lib/python3.6/site-packages/camera_controller
copying /root/Luis/Camera_Depth/build/camera_controller/build/lib/camera_controller/__init__.py -> /root/Luis/Camera_Depth/install/camera_controller/lib/python3.6/site-packages/camera_controller
copying /root/Luis/Camera_Depth/build/camera_controller/build/lib/camera_controller/distance_move.py -> /root/Luis/Camera_Depth/install/camera_controller/lib/python3.6/site-packages/camera_controller
byte-compiling /root/Luis/Camera_Depth/install/camera_controller/lib/python3.6/site-packages/camera_controller/distance.py to distance.cpython-36.pyc
byte-compiling /root/Luis/Camera_Depth/install/camera_controller/lib/python3.6/site-packages/camera_controller/distance_all.py to distance_all.cpython-36.pyc
byte-compiling /root/Luis/Camera_Depth/install/camera_controller/lib/python3.6/site-packages/camera_controller/test_tf2.py to test_tf2.cpython-36.pyc
byte-compiling /root/Luis/Camera_Depth/install/camera_controller/lib/python3.6/site-packages/camera_controller/distance_cells.py to distance_cells.cpython-36.pyc
byte-compiling /root/Luis/Camera_Depth/install/camera_controller/lib/python3.6/site-packages/camera_controller/globalPoint.py to globalPoint.cpython-36.pyc
byte-compiling /root/Luis/Camera_Depth/install/camera_controller/lib/python3.6/site-packages/camera_controller/robot_localization.py to robot_localization.cpython-36.pyc
byte-compiling /root/Luis/Camera_Depth/install/camera_controller/lib/python3.6/site-packages/camera_controller/__init__.py to __init__.cpython-36.pyc
byte-compiling /root/Luis/Camera_Depth/install/camera_controller/lib/python3.6/site-packages/camera_controller/distance_move.py to distance_move.cpython-36.pyc
running install_data
running install_egg_info
Copying ../../build/camera_controller/camera_controller.egg-info to /root/Luis/Camera_Depth/install/camera_controller/lib/python3.6/site-packages/camera_controller-0.0.0-py3.6.egg-info
running install_scripts
Installing distance script to /root/Luis/Camera_Depth/install/camera_controller/lib/camera_controller
Installing distance_all script to /root/Luis/Camera_Depth/install/camera_controller/lib/camera_controller
Installing distance_cells script to /root/Luis/Camera_Depth/install/camera_controller/lib/camera_controller
Installing distance_move script to /root/Luis/Camera_Depth/install/camera_controller/lib/camera_controller
writing list of installed files to '/root/Luis/Camera_Depth/build/camera_controller/install.log'
