[3.171s] Invoking command in '/root/Luis/Camera_Depth/src/camera_controller': PYTHONPATH=/root/Luis/Camera_Depth/build/camera_controller/prefix_override:/root/Luis/Camera_Depth/install/camera_controller/lib/python3.10/site-packages:${PYTHONPATH} /usr/bin/python3 setup.py egg_info --egg-base ../../build/camera_controller build --build-base /root/Luis/Camera_Depth/build/camera_controller/build install --record /root/Luis/Camera_Depth/build/camera_controller/install.log --single-version-externally-managed
[4.230s] running egg_info
[4.234s] writing ../../build/camera_controller/camera_controller.egg-info/PKG-INFO
[4.235s] writing dependency_links to ../../build/camera_controller/camera_controller.egg-info/dependency_links.txt
[4.236s] writing entry points to ../../build/camera_controller/camera_controller.egg-info/entry_points.txt
[4.237s] writing requirements to ../../build/camera_controller/camera_controller.egg-info/requires.txt
[4.238s] writing top-level names to ../../build/camera_controller/camera_controller.egg-info/top_level.txt
[4.248s] reading manifest file '../../build/camera_controller/camera_controller.egg-info/SOURCES.txt'
[4.253s] writing manifest file '../../build/camera_controller/camera_controller.egg-info/SOURCES.txt'
[4.254s] running build
[4.254s] running build_py
[4.256s] copying camera_controller/distance_move.py -> /root/Luis/Camera_Depth/build/camera_controller/build/lib/camera_controller
[4.258s] running install
[4.259s] /usr/lib/python3/dist-packages/setuptools/command/install.py:34: SetuptoolsDeprecationWarning: setup.py install is deprecated. Use build and pip and other standards-based tools.
[4.260s]   warnings.warn(
[4.261s] running install_lib
[4.268s] copying /root/Luis/Camera_Depth/build/camera_controller/build/lib/camera_controller/distance_move.py -> /root/Luis/Camera_Depth/install/camera_controller/lib/python3.10/site-packages/camera_controller
[4.272s] byte-compiling /root/Luis/Camera_Depth/install/camera_controller/lib/python3.10/site-packages/camera_controller/distance_move.py to distance_move.cpython-310.pyc
[4.277s] running install_data
[4.281s] running install_egg_info
[4.289s] removing '/root/Luis/Camera_Depth/install/camera_controller/lib/python3.10/site-packages/camera_controller-0.0.0-py3.10.egg-info' (and everything under it)
[4.291s] Copying ../../build/camera_controller/camera_controller.egg-info to /root/Luis/Camera_Depth/install/camera_controller/lib/python3.10/site-packages/camera_controller-0.0.0-py3.10.egg-info
[4.298s] running install_scripts
[4.424s] Installing distance script to /root/Luis/Camera_Depth/install/camera_controller/lib/camera_controller
[4.426s] Installing distance_all script to /root/Luis/Camera_Depth/install/camera_controller/lib/camera_controller
[4.426s] Installing distance_cells script to /root/Luis/Camera_Depth/install/camera_controller/lib/camera_controller
[4.427s] Installing distance_move script to /root/Luis/Camera_Depth/install/camera_controller/lib/camera_controller
[4.429s] writing list of installed files to '/root/Luis/Camera_Depth/build/camera_controller/install.log'
[4.566s] Invoked command in '/root/Luis/Camera_Depth/src/camera_controller' returned '0': PYTHONPATH=/root/Luis/Camera_Depth/build/camera_controller/prefix_override:/root/Luis/Camera_Depth/install/camera_controller/lib/python3.10/site-packages:${PYTHONPATH} /usr/bin/python3 setup.py egg_info --egg-base ../../build/camera_controller build --build-base /root/Luis/Camera_Depth/build/camera_controller/build install --record /root/Luis/Camera_Depth/build/camera_controller/install.log --single-version-externally-managed
