[3.170s] Invoking command in '/root/Luis/Camera_Depth/src/camera_controller': PYTHONPATH=/root/Luis/Camera_Depth/build/camera_controller/prefix_override:/root/Luis/Camera_Depth/install/camera_controller/lib/python3.10/site-packages:${PYTHONPATH} /usr/bin/python3 setup.py egg_info --egg-base ../../build/camera_controller build --build-base /root/Luis/Camera_Depth/build/camera_controller/build install --record /root/Luis/Camera_Depth/build/camera_controller/install.log --single-version-externally-managed
[4.090s] running egg_info
[4.094s] writing ../../build/camera_controller/camera_controller.egg-info/PKG-INFO
[4.096s] writing dependency_links to ../../build/camera_controller/camera_controller.egg-info/dependency_links.txt
[4.097s] writing entry points to ../../build/camera_controller/camera_controller.egg-info/entry_points.txt
[4.097s] writing requirements to ../../build/camera_controller/camera_controller.egg-info/requires.txt
[4.098s] writing top-level names to ../../build/camera_controller/camera_controller.egg-info/top_level.txt
[4.105s] reading manifest file '../../build/camera_controller/camera_controller.egg-info/SOURCES.txt'
[4.110s] writing manifest file '../../build/camera_controller/camera_controller.egg-info/SOURCES.txt'
[4.111s] running build
[4.111s] running build_py
[4.112s] copying camera_controller/distance_move.py -> /root/Luis/Camera_Depth/build/camera_controller/build/lib/camera_controller
[4.114s] running install
[4.115s] /usr/lib/python3/dist-packages/setuptools/command/install.py:34: SetuptoolsDeprecationWarning: setup.py install is deprecated. Use build and pip and other standards-based tools.
[4.116s]   warnings.warn(
[4.117s] running install_lib
[4.121s] copying /root/Luis/Camera_Depth/build/camera_controller/build/lib/camera_controller/distance_move.py -> /root/Luis/Camera_Depth/install/camera_controller/lib/python3.10/site-packages/camera_controller
[4.124s] byte-compiling /root/Luis/Camera_Depth/install/camera_controller/lib/python3.10/site-packages/camera_controller/distance_move.py to distance_move.cpython-310.pyc
[4.127s] running install_data
[4.129s] running install_egg_info
[4.136s] removing '/root/Luis/Camera_Depth/install/camera_controller/lib/python3.10/site-packages/camera_controller-0.0.0-py3.10.egg-info' (and everything under it)
[4.139s] Copying ../../build/camera_controller/camera_controller.egg-info to /root/Luis/Camera_Depth/install/camera_controller/lib/python3.10/site-packages/camera_controller-0.0.0-py3.10.egg-info
[4.143s] running install_scripts
[4.255s] Installing distance script to /root/Luis/Camera_Depth/install/camera_controller/lib/camera_controller
[4.256s] Installing distance_all script to /root/Luis/Camera_Depth/install/camera_controller/lib/camera_controller
[4.257s] Installing distance_cells script to /root/Luis/Camera_Depth/install/camera_controller/lib/camera_controller
[4.257s] Installing distance_move script to /root/Luis/Camera_Depth/install/camera_controller/lib/camera_controller
[4.259s] writing list of installed files to '/root/Luis/Camera_Depth/build/camera_controller/install.log'
[4.374s] Invoked command in '/root/Luis/Camera_Depth/src/camera_controller' returned '0': PYTHONPATH=/root/Luis/Camera_Depth/build/camera_controller/prefix_override:/root/Luis/Camera_Depth/install/camera_controller/lib/python3.10/site-packages:${PYTHONPATH} /usr/bin/python3 setup.py egg_info --egg-base ../../build/camera_controller build --build-base /root/Luis/Camera_Depth/build/camera_controller/build install --record /root/Luis/Camera_Depth/build/camera_controller/install.log --single-version-externally-managed
