[3.966s] DEBUG:colcon:Command line arguments: ['/usr/bin/colcon', 'build']
[3.966s] DEBUG:colcon:Parsed command line arguments: Namespace(log_base=None, log_level=None, verb_name='build', build_base='build', install_base='install', merge_install=False, symlink_install=False, test_result_base=None, continue_on_error=False, executor='parallel', parallel_workers=6, event_handlers=None, ignore_user_meta=False, metas=['./colcon.meta'], base_paths=['.'], packages_ignore=None, packages_ignore_regex=None, paths=None, packages_up_to=None, packages_up_to_regex=None, packages_above=None, packages_above_and_dependencies=None, packages_above_depth=None, packages_select_by_dep=None, packages_skip_by_dep=None, packages_skip_up_to=None, packages_select_build_failed=False, packages_skip_build_finished=False, packages_select_test_failures=False, packages_skip_test_passed=False, packages_select=None, packages_skip=None, packages_select_regex=None, packages_skip_regex=None, packages_start=None, packages_end=None, cmake_args=None, cmake_target=None, cmake_target_skip_unavailable=False, cmake_clean_cache=False, cmake_clean_first=False, cmake_force_configure=False, ament_cmake_args=None, catkin_cmake_args=None, catkin_skip_building_tests=False, mixin_files=None, mixin=None, verb_parser=<colcon_mixin.mixin.mixin_argument.MixinArgumentDecorator object at 0x7f7a300970>, verb_extension=<colcon_core.verb.build.BuildVerb object at 0x7f7a337e80>, main=<bound method BuildVerb.main of <colcon_core.verb.build.BuildVerb object at 0x7f7a337e80>>, mixin_verb=('build',))
[4.132s] Level 1:colcon.colcon_core.package_discovery:discover_packages(colcon_meta) check parameters
[4.135s] INFO:colcon.colcon_metadata.package_discovery.colcon_meta:Using configuration from '/root/.colcon/metadata/default/Gazebo.meta'
[4.138s] INFO:colcon.colcon_metadata.package_discovery.colcon_meta:Using configuration from '/root/.colcon/metadata/default/fastrtps.meta'
[4.138s] Level 1:colcon.colcon_core.package_discovery:discover_packages(recursive) check parameters
[4.138s] Level 1:colcon.colcon_core.package_discovery:discover_packages(ignore) check parameters
[4.138s] Level 1:colcon.colcon_core.package_discovery:discover_packages(path) check parameters
[4.139s] Level 1:colcon.colcon_core.package_discovery:discover_packages(colcon_meta) discover
[4.139s] Level 1:colcon.colcon_core.package_discovery:discover_packages(recursive) discover
[4.139s] INFO:colcon.colcon_core.package_discovery:Crawling recursively for packages in '/root/Luis/Camera_Depth'
[4.140s] Level 1:colcon.colcon_core.package_identification:_identify(.) by extensions ['ignore', 'ignore_ament_install']
[4.140s] Level 1:colcon.colcon_core.package_identification:_identify(.) by extension 'ignore'
[4.141s] Level 1:colcon.colcon_core.package_identification:_identify(.) by extension 'ignore_ament_install'
[4.141s] Level 1:colcon.colcon_core.package_identification:_identify(.) by extensions ['colcon_pkg']
[4.141s] Level 1:colcon.colcon_core.package_identification:_identify(.) by extension 'colcon_pkg'
[4.141s] Level 1:colcon.colcon_core.package_identification:_identify(.) by extensions ['colcon_meta']
[4.142s] Level 1:colcon.colcon_core.package_identification:_identify(.) by extension 'colcon_meta'
[4.142s] Level 1:colcon.colcon_core.package_identification:_identify(.) by extensions ['ros']
[4.142s] Level 1:colcon.colcon_core.package_identification:_identify(.) by extension 'ros'
[4.198s] Level 1:colcon.colcon_core.package_identification:_identify(.) by extensions ['cmake', 'python']
[4.199s] Level 1:colcon.colcon_core.package_identification:_identify(.) by extension 'cmake'
[4.199s] Level 1:colcon.colcon_core.package_identification:_identify(.) by extension 'python'
[4.199s] Level 1:colcon.colcon_core.package_identification:_identify(.) by extensions ['python_setup_py']
[4.199s] Level 1:colcon.colcon_core.package_identification:_identify(.) by extension 'python_setup_py'
[4.200s] Level 1:colcon.colcon_core.package_identification:_identify(build) by extensions ['ignore', 'ignore_ament_install']
[4.200s] Level 1:colcon.colcon_core.package_identification:_identify(build) by extension 'ignore'
[4.201s] Level 1:colcon.colcon_core.package_identification:_identify(build) ignored
[4.201s] Level 1:colcon.colcon_core.package_identification:_identify(install) by extensions ['ignore', 'ignore_ament_install']
[4.202s] Level 1:colcon.colcon_core.package_identification:_identify(install) by extension 'ignore'
[4.202s] Level 1:colcon.colcon_core.package_identification:_identify(install) ignored
[4.203s] Level 1:colcon.colcon_core.package_identification:_identify(log) by extensions ['ignore', 'ignore_ament_install']
[4.203s] Level 1:colcon.colcon_core.package_identification:_identify(log) by extension 'ignore'
[4.203s] Level 1:colcon.colcon_core.package_identification:_identify(log) ignored
[4.203s] Level 1:colcon.colcon_core.package_identification:_identify(src) by extensions ['ignore', 'ignore_ament_install']
[4.204s] Level 1:colcon.colcon_core.package_identification:_identify(src) by extension 'ignore'
[4.204s] Level 1:colcon.colcon_core.package_identification:_identify(src) by extension 'ignore_ament_install'
[4.204s] Level 1:colcon.colcon_core.package_identification:_identify(src) by extensions ['colcon_pkg']
[4.205s] Level 1:colcon.colcon_core.package_identification:_identify(src) by extension 'colcon_pkg'
[4.205s] Level 1:colcon.colcon_core.package_identification:_identify(src) by extensions ['colcon_meta']
[4.205s] Level 1:colcon.colcon_core.package_identification:_identify(src) by extension 'colcon_meta'
[4.205s] Level 1:colcon.colcon_core.package_identification:_identify(src) by extensions ['ros']
[4.205s] Level 1:colcon.colcon_core.package_identification:_identify(src) by extension 'ros'
[4.206s] Level 1:colcon.colcon_core.package_identification:_identify(src) by extensions ['cmake', 'python']
[4.206s] Level 1:colcon.colcon_core.package_identification:_identify(src) by extension 'cmake'
[4.206s] Level 1:colcon.colcon_core.package_identification:_identify(src) by extension 'python'
[4.206s] Level 1:colcon.colcon_core.package_identification:_identify(src) by extensions ['python_setup_py']
[4.207s] Level 1:colcon.colcon_core.package_identification:_identify(src) by extension 'python_setup_py'
[4.207s] Level 1:colcon.colcon_core.package_identification:_identify(src/camera_controller) by extensions ['ignore', 'ignore_ament_install']
[4.208s] Level 1:colcon.colcon_core.package_identification:_identify(src/camera_controller) by extension 'ignore'
[4.208s] Level 1:colcon.colcon_core.package_identification:_identify(src/camera_controller) by extension 'ignore_ament_install'
[4.208s] Level 1:colcon.colcon_core.package_identification:_identify(src/camera_controller) by extensions ['colcon_pkg']
[4.208s] Level 1:colcon.colcon_core.package_identification:_identify(src/camera_controller) by extension 'colcon_pkg'
[4.209s] Level 1:colcon.colcon_core.package_identification:_identify(src/camera_controller) by extensions ['colcon_meta']
[4.209s] Level 1:colcon.colcon_core.package_identification:_identify(src/camera_controller) by extension 'colcon_meta'
[4.209s] Level 1:colcon.colcon_core.package_identification:_identify(src/camera_controller) by extensions ['ros']
[4.209s] Level 1:colcon.colcon_core.package_identification:_identify(src/camera_controller) by extension 'ros'
[4.221s] DEBUG:colcon.colcon_core.package_identification:Package 'src/camera_controller' with type 'ros.ament_python' and name 'camera_controller'
[4.222s] Level 1:colcon.colcon_core.package_discovery:discover_packages(recursive) using defaults
[4.222s] Level 1:colcon.colcon_core.package_discovery:discover_packages(ignore) discover
[4.222s] Level 1:colcon.colcon_core.package_discovery:discover_packages(ignore) using defaults
[4.222s] Level 1:colcon.colcon_core.package_discovery:discover_packages(path) discover
[4.222s] Level 1:colcon.colcon_core.package_discovery:discover_packages(path) using defaults
[4.472s] Level 5:colcon.colcon_core.verb:set package 'camera_controller' build argument 'cmake_args' from command line to 'None'
[4.473s] Level 5:colcon.colcon_core.verb:set package 'camera_controller' build argument 'cmake_target' from command line to 'None'
[4.473s] Level 5:colcon.colcon_core.verb:set package 'camera_controller' build argument 'cmake_target_skip_unavailable' from command line to 'False'
[4.473s] Level 5:colcon.colcon_core.verb:set package 'camera_controller' build argument 'cmake_clean_cache' from command line to 'False'
[4.473s] Level 5:colcon.colcon_core.verb:set package 'camera_controller' build argument 'cmake_clean_first' from command line to 'False'
[4.474s] Level 5:colcon.colcon_core.verb:set package 'camera_controller' build argument 'cmake_force_configure' from command line to 'False'
[4.474s] Level 5:colcon.colcon_core.verb:set package 'camera_controller' build argument 'ament_cmake_args' from command line to 'None'
[4.474s] Level 5:colcon.colcon_core.verb:set package 'camera_controller' build argument 'catkin_cmake_args' from command line to 'None'
[4.474s] Level 5:colcon.colcon_core.verb:set package 'camera_controller' build argument 'catkin_skip_building_tests' from command line to 'False'
[4.474s] DEBUG:colcon.colcon_core.verb:Building package 'camera_controller' with the following arguments: {'ament_cmake_args': None, 'build_base': '/root/Luis/Camera_Depth/build/camera_controller', 'catkin_cmake_args': None, 'catkin_skip_building_tests': False, 'cmake_args': None, 'cmake_clean_cache': False, 'cmake_clean_first': False, 'cmake_force_configure': False, 'cmake_target': None, 'cmake_target_skip_unavailable': False, 'install_base': '/root/Luis/Camera_Depth/install/camera_controller', 'merge_install': False, 'path': '/root/Luis/Camera_Depth/src/camera_controller', 'symlink_install': False, 'test_result_base': None}
[4.518s] INFO:colcon.colcon_core.executor:Executing jobs using 'parallel' executor
[4.571s] DEBUG:colcon.colcon_parallel_executor.executor.parallel:run_until_complete
[4.573s] INFO:colcon.colcon_ros.task.ament_python.build:Building ROS package in '/root/Luis/Camera_Depth/src/camera_controller' with build type 'ament_python'
[4.574s] Level 1:colcon.colcon_core.shell:create_environment_hook('camera_controller', 'ament_prefix_path')
[4.634s] INFO:colcon.colcon_core.plugin_system:Skipping extension 'colcon_core.shell.bat': Not used on non-Windows systems
[4.635s] INFO:colcon.colcon_core.shell:Creating environment hook '/root/Luis/Camera_Depth/install/camera_controller/share/camera_controller/hook/ament_prefix_path.ps1'
[4.639s] INFO:colcon.colcon_core.shell:Creating environment descriptor '/root/Luis/Camera_Depth/install/camera_controller/share/camera_controller/hook/ament_prefix_path.dsv'
[4.642s] INFO:colcon.colcon_core.shell:Creating environment hook '/root/Luis/Camera_Depth/install/camera_controller/share/camera_controller/hook/ament_prefix_path.sh'
[4.712s] INFO:colcon.colcon_core.shell:Skip shell extension 'powershell' for command environment: Not usable outside of PowerShell
[4.713s] DEBUG:colcon.colcon_core.shell:Skip shell extension 'dsv' for command environment
[5.817s] INFO:colcon.colcon_core.task.python.build:Building Python package in '/root/Luis/Camera_Depth/src/camera_controller'
[5.862s] INFO:colcon.colcon_core.shell:Skip shell extension 'powershell' for command environment: Not usable outside of PowerShell
[5.862s] DEBUG:colcon.colcon_core.shell:Skip shell extension 'dsv' for command environment
[7.307s] DEBUG:colcon.colcon_core.event_handler.log_command:Invoking command in '/root/Luis/Camera_Depth/src/camera_controller': PYTHONPATH=/root/Luis/Camera_Depth/build/camera_controller/prefix_override:/root/Luis/Camera_Depth/install/camera_controller/lib/python3.10/site-packages:${PYTHONPATH} /usr/bin/python3 setup.py egg_info --egg-base ../../build/camera_controller build --build-base /root/Luis/Camera_Depth/build/camera_controller/build install --record /root/Luis/Camera_Depth/build/camera_controller/install.log --single-version-externally-managed
[8.392s] DEBUG:colcon.colcon_core.event_handler.log_command:Invoked command in '/root/Luis/Camera_Depth/src/camera_controller' returned '0': PYTHONPATH=/root/Luis/Camera_Depth/build/camera_controller/prefix_override:/root/Luis/Camera_Depth/install/camera_controller/lib/python3.10/site-packages:${PYTHONPATH} /usr/bin/python3 setup.py egg_info --egg-base ../../build/camera_controller build --build-base /root/Luis/Camera_Depth/build/camera_controller/build install --record /root/Luis/Camera_Depth/build/camera_controller/install.log --single-version-externally-managed
[8.448s] Level 1:colcon.colcon_core.environment:checking '/root/Luis/Camera_Depth/install/camera_controller' for CMake module files
[8.451s] Level 1:colcon.colcon_core.environment:checking '/root/Luis/Camera_Depth/install/camera_controller' for CMake config files
[8.453s] Level 1:colcon.colcon_core.environment:checking '/root/Luis/Camera_Depth/install/camera_controller/lib'
[8.454s] Level 1:colcon.colcon_core.environment:checking '/root/Luis/Camera_Depth/install/camera_controller/bin'
[8.454s] Level 1:colcon.colcon_core.environment:checking '/root/Luis/Camera_Depth/install/camera_controller/lib/pkgconfig/camera_controller.pc'
[8.456s] Level 1:colcon.colcon_core.environment:checking '/root/Luis/Camera_Depth/install/camera_controller/lib/python3.10/site-packages'
[8.456s] Level 1:colcon.colcon_core.shell:create_environment_hook('camera_controller', 'pythonpath')
[8.497s] INFO:colcon.colcon_core.shell:Creating environment hook '/root/Luis/Camera_Depth/install/camera_controller/share/camera_controller/hook/pythonpath.ps1'
[8.499s] INFO:colcon.colcon_core.shell:Creating environment descriptor '/root/Luis/Camera_Depth/install/camera_controller/share/camera_controller/hook/pythonpath.dsv'
[8.501s] INFO:colcon.colcon_core.shell:Creating environment hook '/root/Luis/Camera_Depth/install/camera_controller/share/camera_controller/hook/pythonpath.sh'
[8.504s] Level 1:colcon.colcon_core.environment:checking '/root/Luis/Camera_Depth/install/camera_controller/bin'
[8.504s] Level 1:colcon.colcon_core.environment:create_environment_scripts_only(camera_controller)
[8.547s] INFO:colcon.colcon_core.shell:Creating package script '/root/Luis/Camera_Depth/install/camera_controller/share/camera_controller/package.ps1'
[8.551s] INFO:colcon.colcon_core.shell:Creating package descriptor '/root/Luis/Camera_Depth/install/camera_controller/share/camera_controller/package.dsv'
[8.554s] INFO:colcon.colcon_core.shell:Creating package script '/root/Luis/Camera_Depth/install/camera_controller/share/camera_controller/package.sh'
[8.558s] INFO:colcon.colcon_core.shell:Creating package script '/root/Luis/Camera_Depth/install/camera_controller/share/camera_controller/package.bash'
[8.561s] INFO:colcon.colcon_core.shell:Creating package script '/root/Luis/Camera_Depth/install/camera_controller/share/camera_controller/package.zsh'
[8.565s] Level 1:colcon.colcon_core.environment:create_file_with_runtime_dependencies(/root/Luis/Camera_Depth/install/camera_controller/share/colcon-core/packages/camera_controller)
[8.566s] DEBUG:colcon.colcon_parallel_executor.executor.parallel:closing loop
[8.568s] DEBUG:colcon.colcon_parallel_executor.executor.parallel:loop closed
[8.569s] DEBUG:colcon.colcon_parallel_executor.executor.parallel:run_until_complete finished with '0'
[8.569s] DEBUG:colcon.colcon_core.event_reactor:joining thread
[8.637s] INFO:colcon.colcon_core.plugin_system:Skipping extension 'colcon_notification.desktop_notification.notify_send': Could not find 'notify-send'
[8.637s] INFO:colcon.colcon_core.plugin_system:Skipping extension 'colcon_notification.desktop_notification.terminal_notifier': Not used on non-Darwin systems
[8.638s] INFO:colcon.colcon_core.plugin_system:Skipping extension 'colcon_notification.desktop_notification.win32': Not used on non-Windows systems
[8.638s] INFO:colcon.colcon_notification.desktop_notification:Sending desktop notification using 'notify2'
[8.639s] DEBUG:colcon.colcon_notification.desktop_notification.notify2:Failed to initialize notify2: org.freedesktop.DBus.Error.InvalidFileContent: D-Bus library appears to be incorrectly set up: see the manual page for dbus-uuidgen to correct this issue. (Failed to open "/var/lib/dbus/machine-id": No such file or directory; UUID file '/etc/machine-id' should contain a hex string of length 32, not length 0, with no other text)
[8.639s] DEBUG:colcon.colcon_core.event_reactor:joined thread
[8.694s] INFO:colcon.colcon_core.shell:Creating prefix script '/root/Luis/Camera_Depth/install/local_setup.ps1'
[8.698s] INFO:colcon.colcon_core.shell:Creating prefix util module '/root/Luis/Camera_Depth/install/_local_setup_util_ps1.py'
[8.706s] INFO:colcon.colcon_core.shell:Creating prefix chain script '/root/Luis/Camera_Depth/install/setup.ps1'
[8.759s] INFO:colcon.colcon_core.shell:Creating prefix script '/root/Luis/Camera_Depth/install/local_setup.sh'
[8.762s] INFO:colcon.colcon_core.shell:Creating prefix util module '/root/Luis/Camera_Depth/install/_local_setup_util_sh.py'
[8.765s] INFO:colcon.colcon_core.shell:Creating prefix chain script '/root/Luis/Camera_Depth/install/setup.sh'
[8.818s] INFO:colcon.colcon_core.shell:Creating prefix script '/root/Luis/Camera_Depth/install/local_setup.bash'
[8.820s] INFO:colcon.colcon_core.shell:Creating prefix chain script '/root/Luis/Camera_Depth/install/setup.bash'
[8.872s] INFO:colcon.colcon_core.shell:Creating prefix script '/root/Luis/Camera_Depth/install/local_setup.zsh'
[8.875s] INFO:colcon.colcon_core.shell:Creating prefix chain script '/root/Luis/Camera_Depth/install/setup.zsh'
