[2.885s] Invoking command in '/root/Luis/Camera_Depth/src/camera_controller': PYTHONPATH=/root/Luis/Camera_Depth/install/camera_controller/lib/python3.6/site-packages:${PYTHONPATH} /usr/bin/python3 setup.py egg_info --egg-base ../../build/camera_controller build --build-base /root/Luis/Camera_Depth/build/camera_controller/build install --prefix /root/Luis/Camera_Depth/install/camera_controller --record /root/Luis/Camera_Depth/build/camera_controller/install.log --single-version-externally-managed
[3.956s] running egg_info
[3.958s] writing ../../build/camera_controller/camera_controller.egg-info/PKG-INFO
[3.959s] writing dependency_links to ../../build/camera_controller/camera_controller.egg-info/dependency_links.txt
[3.960s] writing entry points to ../../build/camera_controller/camera_controller.egg-info/entry_points.txt
[3.960s] writing requirements to ../../build/camera_controller/camera_controller.egg-info/requires.txt
[3.961s] writing top-level names to ../../build/camera_controller/camera_controller.egg-info/top_level.txt
[3.968s] reading manifest file '../../build/camera_controller/camera_controller.egg-info/SOURCES.txt'
[3.974s] writing manifest file '../../build/camera_controller/camera_controller.egg-info/SOURCES.txt'
[3.975s] running build
[3.975s] running build_py
[3.976s] copying camera_controller/distance.py -> /root/Luis/Camera_Depth/build/camera_controller/build/lib/camera_controller
[3.978s] running install
[3.979s] /usr/local/lib/python3.6/dist-packages/setuptools/command/install.py:37: SetuptoolsDeprecationWarning: setup.py install is deprecated. Use build and pip and other standards-based tools.
[3.980s]   setuptools.SetuptoolsDeprecationWarning,
[3.981s] running install_lib
[3.984s] copying /root/Luis/Camera_Depth/build/camera_controller/build/lib/camera_controller/distance.py -> /root/Luis/Camera_Depth/install/camera_controller/lib/python3.6/site-packages/camera_controller
[3.987s] byte-compiling /root/Luis/Camera_Depth/install/camera_controller/lib/python3.6/site-packages/camera_controller/distance.py to distance.cpython-36.pyc
[3.996s] running install_data
[3.998s] running install_egg_info
[4.004s] removing '/root/Luis/Camera_Depth/install/camera_controller/lib/python3.6/site-packages/camera_controller-0.0.0-py3.6.egg-info' (and everything under it)
[4.006s] Copying ../../build/camera_controller/camera_controller.egg-info to /root/Luis/Camera_Depth/install/camera_controller/lib/python3.6/site-packages/camera_controller-0.0.0-py3.6.egg-info
[4.010s] running install_scripts
[4.089s] Installing distance script to /root/Luis/Camera_Depth/install/camera_controller/lib/camera_controller
[4.090s] Installing distance_all script to /root/Luis/Camera_Depth/install/camera_controller/lib/camera_controller
[4.091s] Installing distance_cells script to /root/Luis/Camera_Depth/install/camera_controller/lib/camera_controller
[4.092s] Installing distance_move script to /root/Luis/Camera_Depth/install/camera_controller/lib/camera_controller
[4.093s] writing list of installed files to '/root/Luis/Camera_Depth/build/camera_controller/install.log'
[4.180s] Invoked command in '/root/Luis/Camera_Depth/src/camera_controller' returned '0': PYTHONPATH=/root/Luis/Camera_Depth/install/camera_controller/lib/python3.6/site-packages:${PYTHONPATH} /usr/bin/python3 setup.py egg_info --egg-base ../../build/camera_controller build --build-base /root/Luis/Camera_Depth/build/camera_controller/build install --prefix /root/Luis/Camera_Depth/install/camera_controller --record /root/Luis/Camera_Depth/build/camera_controller/install.log --single-version-externally-managed
