[2.943s] Invoking command in '/root/Luis/Camera_Depth/src/camera_controller': PYTHONPATH=/root/Luis/Camera_Depth/install/camera_controller/lib/python3.6/site-packages:${PYTHONPATH} /usr/bin/python3 setup.py egg_info --egg-base ../../build/camera_controller build --build-base /root/Luis/Camera_Depth/build/camera_controller/build install --prefix /root/Luis/Camera_Depth/install/camera_controller --record /root/Luis/Camera_Depth/build/camera_controller/install.log --single-version-externally-managed
[4.049s] running egg_info
[4.052s] writing ../../build/camera_controller/camera_controller.egg-info/PKG-INFO
[4.053s] writing dependency_links to ../../build/camera_controller/camera_controller.egg-info/dependency_links.txt
[4.055s] writing entry points to ../../build/camera_controller/camera_controller.egg-info/entry_points.txt
[4.055s] writing requirements to ../../build/camera_controller/camera_controller.egg-info/requires.txt
[4.056s] writing top-level names to ../../build/camera_controller/camera_controller.egg-info/top_level.txt
[4.063s] reading manifest file '../../build/camera_controller/camera_controller.egg-info/SOURCES.txt'
[4.070s] writing manifest file '../../build/camera_controller/camera_controller.egg-info/SOURCES.txt'
[4.070s] running build
[4.071s] running build_py
[4.072s] copying camera_controller/distance.py -> /root/Luis/Camera_Depth/build/camera_controller/build/lib/camera_controller
[4.073s] copying camera_controller/test_tf2.py -> /root/Luis/Camera_Depth/build/camera_controller/build/lib/camera_controller
[4.074s] copying camera_controller/globalPoint.py -> /root/Luis/Camera_Depth/build/camera_controller/build/lib/camera_controller
[4.074s] copying camera_controller/robot_localization.py -> /root/Luis/Camera_Depth/build/camera_controller/build/lib/camera_controller
[4.075s] copying camera_controller/distance_move.py -> /root/Luis/Camera_Depth/build/camera_controller/build/lib/camera_controller
[4.077s] running install
[4.078s] /usr/local/lib/python3.6/dist-packages/setuptools/command/install.py:37: SetuptoolsDeprecationWarning: setup.py install is deprecated. Use build and pip and other standards-based tools.
[4.078s]   setuptools.SetuptoolsDeprecationWarning,
[4.079s] running install_lib
[4.082s] creating /root/Luis/Camera_Depth/install/camera_controller/lib/python3.6/site-packages/camera_controller
[4.083s] copying /root/Luis/Camera_Depth/build/camera_controller/build/lib/camera_controller/distance.py -> /root/Luis/Camera_Depth/install/camera_controller/lib/python3.6/site-packages/camera_controller
[4.083s] copying /root/Luis/Camera_Depth/build/camera_controller/build/lib/camera_controller/distance_all.py -> /root/Luis/Camera_Depth/install/camera_controller/lib/python3.6/site-packages/camera_controller
[4.084s] copying /root/Luis/Camera_Depth/build/camera_controller/build/lib/camera_controller/test_tf2.py -> /root/Luis/Camera_Depth/install/camera_controller/lib/python3.6/site-packages/camera_controller
[4.085s] copying /root/Luis/Camera_Depth/build/camera_controller/build/lib/camera_controller/distance_cells.py -> /root/Luis/Camera_Depth/install/camera_controller/lib/python3.6/site-packages/camera_controller
[4.085s] copying /root/Luis/Camera_Depth/build/camera_controller/build/lib/camera_controller/globalPoint.py -> /root/Luis/Camera_Depth/install/camera_controller/lib/python3.6/site-packages/camera_controller
[4.086s] copying /root/Luis/Camera_Depth/build/camera_controller/build/lib/camera_controller/robot_localization.py -> /root/Luis/Camera_Depth/install/camera_controller/lib/python3.6/site-packages/camera_controller
[4.087s] copying /root/Luis/Camera_Depth/build/camera_controller/build/lib/camera_controller/__init__.py -> /root/Luis/Camera_Depth/install/camera_controller/lib/python3.6/site-packages/camera_controller
[4.087s] copying /root/Luis/Camera_Depth/build/camera_controller/build/lib/camera_controller/distance_move.py -> /root/Luis/Camera_Depth/install/camera_controller/lib/python3.6/site-packages/camera_controller
[4.088s] byte-compiling /root/Luis/Camera_Depth/install/camera_controller/lib/python3.6/site-packages/camera_controller/distance.py to distance.cpython-36.pyc
[4.097s] byte-compiling /root/Luis/Camera_Depth/install/camera_controller/lib/python3.6/site-packages/camera_controller/distance_all.py to distance_all.cpython-36.pyc
[4.099s] byte-compiling /root/Luis/Camera_Depth/install/camera_controller/lib/python3.6/site-packages/camera_controller/test_tf2.py to test_tf2.cpython-36.pyc
[4.102s] byte-compiling /root/Luis/Camera_Depth/install/camera_controller/lib/python3.6/site-packages/camera_controller/distance_cells.py to distance_cells.cpython-36.pyc
[4.104s] byte-compiling /root/Luis/Camera_Depth/install/camera_controller/lib/python3.6/site-packages/camera_controller/globalPoint.py to globalPoint.cpython-36.pyc
[4.106s] byte-compiling /root/Luis/Camera_Depth/install/camera_controller/lib/python3.6/site-packages/camera_controller/robot_localization.py to robot_localization.cpython-36.pyc
[4.108s] byte-compiling /root/Luis/Camera_Depth/install/camera_controller/lib/python3.6/site-packages/camera_controller/__init__.py to __init__.cpython-36.pyc
[4.110s] byte-compiling /root/Luis/Camera_Depth/install/camera_controller/lib/python3.6/site-packages/camera_controller/distance_move.py to distance_move.cpython-36.pyc
[4.112s] running install_data
[4.114s] running install_egg_info
[4.121s] Copying ../../build/camera_controller/camera_controller.egg-info to /root/Luis/Camera_Depth/install/camera_controller/lib/python3.6/site-packages/camera_controller-0.0.0-py3.6.egg-info
[4.125s] running install_scripts
[4.201s] Installing distance script to /root/Luis/Camera_Depth/install/camera_controller/lib/camera_controller
[4.203s] Installing distance_all script to /root/Luis/Camera_Depth/install/camera_controller/lib/camera_controller
[4.203s] Installing distance_cells script to /root/Luis/Camera_Depth/install/camera_controller/lib/camera_controller
[4.204s] Installing distance_move script to /root/Luis/Camera_Depth/install/camera_controller/lib/camera_controller
[4.205s] writing list of installed files to '/root/Luis/Camera_Depth/build/camera_controller/install.log'
[4.289s] Invoked command in '/root/Luis/Camera_Depth/src/camera_controller' returned '0': PYTHONPATH=/root/Luis/Camera_Depth/install/camera_controller/lib/python3.6/site-packages:${PYTHONPATH} /usr/bin/python3 setup.py egg_info --egg-base ../../build/camera_controller build --build-base /root/Luis/Camera_Depth/build/camera_controller/build install --prefix /root/Luis/Camera_Depth/install/camera_controller --record /root/Luis/Camera_Depth/build/camera_controller/install.log --single-version-externally-managed
