[2.860s] Invoking command in '/root/Luis/camera_zed/Camera_Depth/zed_workspace/src/camera_controller': LD_LIBRARY_PATH=/root/Luis/camera_zed/Camera_Depth/zed_workspace/install/camera_interface/lib:/usr/lib/aarch64-linux-gnu/gazebo-9/plugins:/opt/ros/eloquent/opt/yaml_cpp_vendor/lib:/opt/ros/eloquent/lib/aarch64-linux-gnu:/opt/ros/eloquent/lib:/usr/local/cuda-10.2/targets/aarch64-linux/lib PYTHONPATH=/root/Luis/camera_zed/Camera_Depth/zed_workspace/install/camera_controller/lib/python3.6/site-packages:/root/Luis/camera_zed/Camera_Depth/zed_workspace/install/camera_interface/lib/python3.6/site-packages:/root/Luis/camera_zed/Camera_Depth/zed_workspace/install/camera_controller/lib/python3.6/site-packages:/opt/ros/eloquent/lib/python3.6/site-packages /usr/bin/python3 setup.py egg_info --egg-base ../../build/camera_controller build --build-base /root/Luis/camera_zed/Camera_Depth/zed_workspace/build/camera_controller/build install --prefix /root/Luis/camera_zed/Camera_Depth/zed_workspace/install/camera_controller --record /root/Luis/camera_zed/Camera_Depth/zed_workspace/build/camera_controller/install.log --single-version-externally-managed
[3.940s] running egg_info
[3.942s] writing ../../build/camera_controller/camera_controller.egg-info/PKG-INFO
[3.944s] writing dependency_links to ../../build/camera_controller/camera_controller.egg-info/dependency_links.txt
[3.945s] writing entry points to ../../build/camera_controller/camera_controller.egg-info/entry_points.txt
[3.945s] writing requirements to ../../build/camera_controller/camera_controller.egg-info/requires.txt
[3.946s] writing top-level names to ../../build/camera_controller/camera_controller.egg-info/top_level.txt
[3.953s] reading manifest file '../../build/camera_controller/camera_controller.egg-info/SOURCES.txt'
[3.960s] writing manifest file '../../build/camera_controller/camera_controller.egg-info/SOURCES.txt'
[3.961s] running build
[3.961s] running build_py
[3.962s] copying camera_controller/camera_node.py -> /root/Luis/camera_zed/Camera_Depth/zed_workspace/build/camera_controller/build/lib/camera_controller
[3.963s] running install
[3.964s] /usr/local/lib/python3.6/dist-packages/setuptools/command/install.py:37: SetuptoolsDeprecationWarning: setup.py install is deprecated. Use build and pip and other standards-based tools.
[3.965s]   setuptools.SetuptoolsDeprecationWarning,
[3.966s] running install_lib
[3.969s] copying /root/Luis/camera_zed/Camera_Depth/zed_workspace/build/camera_controller/build/lib/camera_controller/camera_node.py -> /root/Luis/camera_zed/Camera_Depth/zed_workspace/install/camera_controller/lib/python3.6/site-packages/camera_controller
[3.971s] byte-compiling /root/Luis/camera_zed/Camera_Depth/zed_workspace/install/camera_controller/lib/python3.6/site-packages/camera_controller/camera_node.py to camera_node.cpython-36.pyc
[3.983s] running install_data
[3.984s] running install_egg_info
[3.990s] removing '/root/Luis/camera_zed/Camera_Depth/zed_workspace/install/camera_controller/lib/python3.6/site-packages/camera_controller-0.0.0-py3.6.egg-info' (and everything under it)
[3.991s] Copying ../../build/camera_controller/camera_controller.egg-info to /root/Luis/camera_zed/Camera_Depth/zed_workspace/install/camera_controller/lib/python3.6/site-packages/camera_controller-0.0.0-py3.6.egg-info
[3.995s] running install_scripts
[4.073s] Installing Zed_node script to /root/Luis/camera_zed/Camera_Depth/zed_workspace/install/camera_controller/lib/camera_controller
[4.074s] Installing camera_node script to /root/Luis/camera_zed/Camera_Depth/zed_workspace/install/camera_controller/lib/camera_controller
[4.074s] Installing distance_cells script to /root/Luis/camera_zed/Camera_Depth/zed_workspace/install/camera_controller/lib/camera_controller
[4.075s] Installing distance_move script to /root/Luis/camera_zed/Camera_Depth/zed_workspace/install/camera_controller/lib/camera_controller
[4.076s] writing list of installed files to '/root/Luis/camera_zed/Camera_Depth/zed_workspace/build/camera_controller/install.log'
[4.177s] Invoked command in '/root/Luis/camera_zed/Camera_Depth/zed_workspace/src/camera_controller' returned '0': LD_LIBRARY_PATH=/root/Luis/camera_zed/Camera_Depth/zed_workspace/install/camera_interface/lib:/usr/lib/aarch64-linux-gnu/gazebo-9/plugins:/opt/ros/eloquent/opt/yaml_cpp_vendor/lib:/opt/ros/eloquent/lib/aarch64-linux-gnu:/opt/ros/eloquent/lib:/usr/local/cuda-10.2/targets/aarch64-linux/lib PYTHONPATH=/root/Luis/camera_zed/Camera_Depth/zed_workspace/install/camera_controller/lib/python3.6/site-packages:/root/Luis/camera_zed/Camera_Depth/zed_workspace/install/camera_interface/lib/python3.6/site-packages:/root/Luis/camera_zed/Camera_Depth/zed_workspace/install/camera_controller/lib/python3.6/site-packages:/opt/ros/eloquent/lib/python3.6/site-packages /usr/bin/python3 setup.py egg_info --egg-base ../../build/camera_controller build --build-base /root/Luis/camera_zed/Camera_Depth/zed_workspace/build/camera_controller/build install --prefix /root/Luis/camera_zed/Camera_Depth/zed_workspace/install/camera_controller --record /root/Luis/camera_zed/Camera_Depth/zed_workspace/build/camera_controller/install.log --single-version-externally-managed
