[2.648s] Invoking command in '/root/Luis/Camera_Depth/src/camera_controller': PYTHONPATH=/root/Luis/Camera_Depth/build/camera_controller/prefix_override:/root/Luis/Camera_Depth/install/camera_controller/lib/python3.10/site-packages:${PYTHONPATH} /usr/bin/python3 setup.py egg_info --egg-base ../../build/camera_controller build --build-base /root/Luis/Camera_Depth/build/camera_controller/build install --record /root/Luis/Camera_Depth/build/camera_controller/install.log --single-version-externally-managed
[3.588s] running egg_info
[3.596s] creating ../../build/camera_controller/camera_controller.egg-info
[3.596s] writing ../../build/camera_controller/camera_controller.egg-info/PKG-INFO
[3.598s] writing dependency_links to ../../build/camera_controller/camera_controller.egg-info/dependency_links.txt
[3.598s] writing entry points to ../../build/camera_controller/camera_controller.egg-info/entry_points.txt
[3.607s] writing requirements to ../../build/camera_controller/camera_controller.egg-info/requires.txt
[3.608s] writing top-level names to ../../build/camera_controller/camera_controller.egg-info/top_level.txt
[3.608s] writing manifest file '../../build/camera_controller/camera_controller.egg-info/SOURCES.txt'
[3.609s] reading manifest file '../../build/camera_controller/camera_controller.egg-info/SOURCES.txt'
[3.609s] writing manifest file '../../build/camera_controller/camera_controller.egg-info/SOURCES.txt'
[3.610s] running build
[3.612s] running build_py
[3.613s] creating /root/Luis/Camera_Depth/build/camera_controller/build
[3.613s] creating /root/Luis/Camera_Depth/build/camera_controller/build/lib
[3.614s] creating /root/Luis/Camera_Depth/build/camera_controller/build/lib/camera_controller
[3.614s] copying camera_controller/distance.py -> /root/Luis/Camera_Depth/build/camera_controller/build/lib/camera_controller
[3.621s] copying camera_controller/distance_all.py -> /root/Luis/Camera_Depth/build/camera_controller/build/lib/camera_controller
[3.622s] copying camera_controller/distance_cells.py -> /root/Luis/Camera_Depth/build/camera_controller/build/lib/camera_controller
[3.627s] copying camera_controller/__init__.py -> /root/Luis/Camera_Depth/build/camera_controller/build/lib/camera_controller
[3.627s] copying camera_controller/distance_move.py -> /root/Luis/Camera_Depth/build/camera_controller/build/lib/camera_controller
[3.628s] running install
[3.628s] /usr/lib/python3/dist-packages/setuptools/command/install.py:34: SetuptoolsDeprecationWarning: setup.py install is deprecated. Use build and pip and other standards-based tools.
[3.633s]   warnings.warn(
[3.633s] running install_lib
[3.633s] creating /root/Luis/Camera_Depth/install/camera_controller/lib/python3.10/site-packages/camera_controller
[3.634s] copying /root/Luis/Camera_Depth/build/camera_controller/build/lib/camera_controller/distance.py -> /root/Luis/Camera_Depth/install/camera_controller/lib/python3.10/site-packages/camera_controller
[3.634s] copying /root/Luis/Camera_Depth/build/camera_controller/build/lib/camera_controller/distance_all.py -> /root/Luis/Camera_Depth/install/camera_controller/lib/python3.10/site-packages/camera_controller
[3.636s] copying /root/Luis/Camera_Depth/build/camera_controller/build/lib/camera_controller/distance_cells.py -> /root/Luis/Camera_Depth/install/camera_controller/lib/python3.10/site-packages/camera_controller
[3.637s] copying /root/Luis/Camera_Depth/build/camera_controller/build/lib/camera_controller/__init__.py -> /root/Luis/Camera_Depth/install/camera_controller/lib/python3.10/site-packages/camera_controller
[3.639s] copying /root/Luis/Camera_Depth/build/camera_controller/build/lib/camera_controller/distance_move.py -> /root/Luis/Camera_Depth/install/camera_controller/lib/python3.10/site-packages/camera_controller
[3.640s] byte-compiling /root/Luis/Camera_Depth/install/camera_controller/lib/python3.10/site-packages/camera_controller/distance.py to distance.cpython-310.pyc
[3.644s] byte-compiling /root/Luis/Camera_Depth/install/camera_controller/lib/python3.10/site-packages/camera_controller/distance_all.py to distance_all.cpython-310.pyc
[3.645s] byte-compiling /root/Luis/Camera_Depth/install/camera_controller/lib/python3.10/site-packages/camera_controller/distance_cells.py to distance_cells.cpython-310.pyc
[3.645s] byte-compiling /root/Luis/Camera_Depth/install/camera_controller/lib/python3.10/site-packages/camera_controller/__init__.py to __init__.cpython-310.pyc
[3.646s] byte-compiling /root/Luis/Camera_Depth/install/camera_controller/lib/python3.10/site-packages/camera_controller/distance_move.py to distance_move.cpython-310.pyc
[3.646s] running install_data
[3.646s] creating /root/Luis/Camera_Depth/install/camera_controller/share/ament_index
[3.647s] creating /root/Luis/Camera_Depth/install/camera_controller/share/ament_index/resource_index
[3.647s] creating /root/Luis/Camera_Depth/install/camera_controller/share/ament_index/resource_index/packages
[3.647s] copying resource/camera_controller -> /root/Luis/Camera_Depth/install/camera_controller/share/ament_index/resource_index/packages
[3.648s] copying package.xml -> /root/Luis/Camera_Depth/install/camera_controller/share/camera_controller
[3.648s] running install_egg_info
[3.661s] Copying ../../build/camera_controller/camera_controller.egg-info to /root/Luis/Camera_Depth/install/camera_controller/lib/python3.10/site-packages/camera_controller-0.0.0-py3.10.egg-info
[3.662s] running install_scripts
[3.772s] Installing distance script to /root/Luis/Camera_Depth/install/camera_controller/lib/camera_controller
[3.777s] Installing distance_all script to /root/Luis/Camera_Depth/install/camera_controller/lib/camera_controller
[3.777s] Installing distance_cells script to /root/Luis/Camera_Depth/install/camera_controller/lib/camera_controller
[3.778s] Installing distance_move script to /root/Luis/Camera_Depth/install/camera_controller/lib/camera_controller
[3.778s] writing list of installed files to '/root/Luis/Camera_Depth/build/camera_controller/install.log'
[3.897s] Invoked command in '/root/Luis/Camera_Depth/src/camera_controller' returned '0': PYTHONPATH=/root/Luis/Camera_Depth/build/camera_controller/prefix_override:/root/Luis/Camera_Depth/install/camera_controller/lib/python3.10/site-packages:${PYTHONPATH} /usr/bin/python3 setup.py egg_info --egg-base ../../build/camera_controller build --build-base /root/Luis/Camera_Depth/build/camera_controller/build install --record /root/Luis/Camera_Depth/build/camera_controller/install.log --single-version-externally-managed
