[3.512s] DEBUG:colcon:Command line arguments: ['/usr/bin/colcon', 'build']
[3.513s] DEBUG:colcon:Parsed command line arguments: Namespace(log_base=None, log_level=None, verb_name='build', build_base='build', install_base='install', merge_install=False, symlink_install=False, test_result_base=None, continue_on_error=False, executor='parallel', parallel_workers=6, event_handlers=None, ignore_user_meta=False, metas=['./colcon.meta'], base_paths=['.'], packages_ignore=None, packages_ignore_regex=None, paths=None, packages_up_to=None, packages_up_to_regex=None, packages_above=None, packages_above_and_dependencies=None, packages_above_depth=None, packages_select_by_dep=None, packages_skip_by_dep=None, packages_skip_up_to=None, packages_select_build_failed=False, packages_skip_build_finished=False, packages_select_test_failures=False, packages_skip_test_passed=False, packages_select=None, packages_skip=None, packages_select_regex=None, packages_skip_regex=None, packages_start=None, packages_end=None, cmake_args=None, cmake_target=None, cmake_target_skip_unavailable=False, cmake_clean_cache=False, cmake_clean_first=False, cmake_force_configure=False, ament_cmake_args=None, catkin_cmake_args=None, catkin_skip_building_tests=False, mixin_files=None, mixin=None, verb_parser=<colcon_mixin.mixin.mixin_argument.MixinArgumentDecorator object at 0x7f8b427850>, verb_extension=<colcon_core.verb.build.BuildVerb object at 0x7f8b425db0>, main=<bound method BuildVerb.main of <colcon_core.verb.build.BuildVerb object at 0x7f8b425db0>>, mixin_verb=('build',))
[3.678s] Level 1:colcon.colcon_core.package_discovery:discover_packages(colcon_meta) check parameters
[3.681s] INFO:colcon.colcon_metadata.package_discovery.colcon_meta:Using configuration from '/root/.colcon/metadata/default/Gazebo.meta'
[3.683s] INFO:colcon.colcon_metadata.package_discovery.colcon_meta:Using configuration from '/root/.colcon/metadata/default/fastrtps.meta'
[3.684s] Level 1:colcon.colcon_core.package_discovery:discover_packages(recursive) check parameters
[3.684s] Level 1:colcon.colcon_core.package_discovery:discover_packages(ignore) check parameters
[3.684s] Level 1:colcon.colcon_core.package_discovery:discover_packages(path) check parameters
[3.684s] Level 1:colcon.colcon_core.package_discovery:discover_packages(colcon_meta) discover
[3.684s] Level 1:colcon.colcon_core.package_discovery:discover_packages(recursive) discover
[3.685s] INFO:colcon.colcon_core.package_discovery:Crawling recursively for packages in '/root/Luis/Camera_Depth'
[3.685s] Level 1:colcon.colcon_core.package_identification:_identify(.) by extensions ['ignore', 'ignore_ament_install']
[3.686s] Level 1:colcon.colcon_core.package_identification:_identify(.) by extension 'ignore'
[3.686s] Level 1:colcon.colcon_core.package_identification:_identify(.) by extension 'ignore_ament_install'
[3.686s] Level 1:colcon.colcon_core.package_identification:_identify(.) by extensions ['colcon_pkg']
[3.686s] Level 1:colcon.colcon_core.package_identification:_identify(.) by extension 'colcon_pkg'
[3.686s] Level 1:colcon.colcon_core.package_identification:_identify(.) by extensions ['colcon_meta']
[3.687s] Level 1:colcon.colcon_core.package_identification:_identify(.) by extension 'colcon_meta'
[3.687s] Level 1:colcon.colcon_core.package_identification:_identify(.) by extensions ['ros']
[3.687s] Level 1:colcon.colcon_core.package_identification:_identify(.) by extension 'ros'
[3.740s] Level 1:colcon.colcon_core.package_identification:_identify(.) by extensions ['cmake', 'python']
[3.741s] Level 1:colcon.colcon_core.package_identification:_identify(.) by extension 'cmake'
[3.741s] Level 1:colcon.colcon_core.package_identification:_identify(.) by extension 'python'
[3.741s] Level 1:colcon.colcon_core.package_identification:_identify(.) by extensions ['python_setup_py']
[3.741s] Level 1:colcon.colcon_core.package_identification:_identify(.) by extension 'python_setup_py'
[3.742s] Level 1:colcon.colcon_core.package_identification:_identify(build) by extensions ['ignore', 'ignore_ament_install']
[3.742s] Level 1:colcon.colcon_core.package_identification:_identify(build) by extension 'ignore'
[3.742s] Level 1:colcon.colcon_core.package_identification:_identify(build) ignored
[3.743s] Level 1:colcon.colcon_core.package_identification:_identify(install) by extensions ['ignore', 'ignore_ament_install']
[3.743s] Level 1:colcon.colcon_core.package_identification:_identify(install) by extension 'ignore'
[3.744s] Level 1:colcon.colcon_core.package_identification:_identify(install) ignored
[3.744s] Level 1:colcon.colcon_core.package_identification:_identify(log) by extensions ['ignore', 'ignore_ament_install']
[3.744s] Level 1:colcon.colcon_core.package_identification:_identify(log) by extension 'ignore'
[3.745s] Level 1:colcon.colcon_core.package_identification:_identify(log) ignored
[3.745s] Level 1:colcon.colcon_core.package_identification:_identify(src) by extensions ['ignore', 'ignore_ament_install']
[3.745s] Level 1:colcon.colcon_core.package_identification:_identify(src) by extension 'ignore'
[3.745s] Level 1:colcon.colcon_core.package_identification:_identify(src) by extension 'ignore_ament_install'
[3.746s] Level 1:colcon.colcon_core.package_identification:_identify(src) by extensions ['colcon_pkg']
[3.746s] Level 1:colcon.colcon_core.package_identification:_identify(src) by extension 'colcon_pkg'
[3.746s] Level 1:colcon.colcon_core.package_identification:_identify(src) by extensions ['colcon_meta']
[3.746s] Level 1:colcon.colcon_core.package_identification:_identify(src) by extension 'colcon_meta'
[3.746s] Level 1:colcon.colcon_core.package_identification:_identify(src) by extensions ['ros']
[3.747s] Level 1:colcon.colcon_core.package_identification:_identify(src) by extension 'ros'
[3.747s] Level 1:colcon.colcon_core.package_identification:_identify(src) by extensions ['cmake', 'python']
[3.747s] Level 1:colcon.colcon_core.package_identification:_identify(src) by extension 'cmake'
[3.747s] Level 1:colcon.colcon_core.package_identification:_identify(src) by extension 'python'
[3.747s] Level 1:colcon.colcon_core.package_identification:_identify(src) by extensions ['python_setup_py']
[3.748s] Level 1:colcon.colcon_core.package_identification:_identify(src) by extension 'python_setup_py'
[3.748s] Level 1:colcon.colcon_core.package_identification:_identify(src/camera_controller) by extensions ['ignore', 'ignore_ament_install']
[3.748s] Level 1:colcon.colcon_core.package_identification:_identify(src/camera_controller) by extension 'ignore'
[3.749s] Level 1:colcon.colcon_core.package_identification:_identify(src/camera_controller) by extension 'ignore_ament_install'
[3.749s] Level 1:colcon.colcon_core.package_identification:_identify(src/camera_controller) by extensions ['colcon_pkg']
[3.749s] Level 1:colcon.colcon_core.package_identification:_identify(src/camera_controller) by extension 'colcon_pkg'
[3.749s] Level 1:colcon.colcon_core.package_identification:_identify(src/camera_controller) by extensions ['colcon_meta']
[3.749s] Level 1:colcon.colcon_core.package_identification:_identify(src/camera_controller) by extension 'colcon_meta'
[3.750s] Level 1:colcon.colcon_core.package_identification:_identify(src/camera_controller) by extensions ['ros']
[3.750s] Level 1:colcon.colcon_core.package_identification:_identify(src/camera_controller) by extension 'ros'
[3.761s] DEBUG:colcon.colcon_core.package_identification:Package 'src/camera_controller' with type 'ros.ament_python' and name 'camera_controller'
[3.761s] Level 1:colcon.colcon_core.package_discovery:discover_packages(recursive) using defaults
[3.762s] Level 1:colcon.colcon_core.package_discovery:discover_packages(ignore) discover
[3.762s] Level 1:colcon.colcon_core.package_discovery:discover_packages(ignore) using defaults
[3.762s] Level 1:colcon.colcon_core.package_discovery:discover_packages(path) discover
[3.762s] Level 1:colcon.colcon_core.package_discovery:discover_packages(path) using defaults
[3.998s] Level 5:colcon.colcon_core.verb:set package 'camera_controller' build argument 'cmake_args' from command line to 'None'
[3.998s] Level 5:colcon.colcon_core.verb:set package 'camera_controller' build argument 'cmake_target' from command line to 'None'
[3.998s] Level 5:colcon.colcon_core.verb:set package 'camera_controller' build argument 'cmake_target_skip_unavailable' from command line to 'False'
[3.998s] Level 5:colcon.colcon_core.verb:set package 'camera_controller' build argument 'cmake_clean_cache' from command line to 'False'
[3.999s] Level 5:colcon.colcon_core.verb:set package 'camera_controller' build argument 'cmake_clean_first' from command line to 'False'
[3.999s] Level 5:colcon.colcon_core.verb:set package 'camera_controller' build argument 'cmake_force_configure' from command line to 'False'
[3.999s] Level 5:colcon.colcon_core.verb:set package 'camera_controller' build argument 'ament_cmake_args' from command line to 'None'
[3.999s] Level 5:colcon.colcon_core.verb:set package 'camera_controller' build argument 'catkin_cmake_args' from command line to 'None'
[3.999s] Level 5:colcon.colcon_core.verb:set package 'camera_controller' build argument 'catkin_skip_building_tests' from command line to 'False'
[3.999s] DEBUG:colcon.colcon_core.verb:Building package 'camera_controller' with the following arguments: {'ament_cmake_args': None, 'build_base': '/root/Luis/Camera_Depth/build/camera_controller', 'catkin_cmake_args': None, 'catkin_skip_building_tests': False, 'cmake_args': None, 'cmake_clean_cache': False, 'cmake_clean_first': False, 'cmake_force_configure': False, 'cmake_target': None, 'cmake_target_skip_unavailable': False, 'install_base': '/root/Luis/Camera_Depth/install/camera_controller', 'merge_install': False, 'path': '/root/Luis/Camera_Depth/src/camera_controller', 'symlink_install': False, 'test_result_base': None}
[4.035s] INFO:colcon.colcon_core.executor:Executing jobs using 'parallel' executor
[4.098s] DEBUG:colcon.colcon_parallel_executor.executor.parallel:run_until_complete
[4.100s] INFO:colcon.colcon_ros.task.ament_python.build:Building ROS package in '/root/Luis/Camera_Depth/src/camera_controller' with build type 'ament_python'
[4.100s] Level 1:colcon.colcon_core.shell:create_environment_hook('camera_controller', 'ament_prefix_path')
[4.158s] INFO:colcon.colcon_core.plugin_system:Skipping extension 'colcon_core.shell.bat': Not used on non-Windows systems
[4.159s] INFO:colcon.colcon_core.shell:Creating environment hook '/root/Luis/Camera_Depth/install/camera_controller/share/camera_controller/hook/ament_prefix_path.ps1'
[4.162s] INFO:colcon.colcon_core.shell:Creating environment descriptor '/root/Luis/Camera_Depth/install/camera_controller/share/camera_controller/hook/ament_prefix_path.dsv'
[4.164s] INFO:colcon.colcon_core.shell:Creating environment hook '/root/Luis/Camera_Depth/install/camera_controller/share/camera_controller/hook/ament_prefix_path.sh'
[4.224s] INFO:colcon.colcon_core.shell:Skip shell extension 'powershell' for command environment: Not usable outside of PowerShell
[4.225s] DEBUG:colcon.colcon_core.shell:Skip shell extension 'dsv' for command environment
[5.291s] INFO:colcon.colcon_core.task.python.build:Building Python package in '/root/Luis/Camera_Depth/src/camera_controller'
[5.335s] INFO:colcon.colcon_core.shell:Skip shell extension 'powershell' for command environment: Not usable outside of PowerShell
[5.336s] DEBUG:colcon.colcon_core.shell:Skip shell extension 'dsv' for command environment
[6.709s] DEBUG:colcon.colcon_core.event_handler.log_command:Invoking command in '/root/Luis/Camera_Depth/src/camera_controller': PYTHONPATH=/root/Luis/Camera_Depth/build/camera_controller/prefix_override:/root/Luis/Camera_Depth/install/camera_controller/lib/python3.10/site-packages:${PYTHONPATH} /usr/bin/python3 setup.py egg_info --egg-base ../../build/camera_controller build --build-base /root/Luis/Camera_Depth/build/camera_controller/build install --record /root/Luis/Camera_Depth/build/camera_controller/install.log --single-version-externally-managed
[7.799s] DEBUG:colcon.colcon_core.event_handler.log_command:Invoked command in '/root/Luis/Camera_Depth/src/camera_controller' returned '0': PYTHONPATH=/root/Luis/Camera_Depth/build/camera_controller/prefix_override:/root/Luis/Camera_Depth/install/camera_controller/lib/python3.10/site-packages:${PYTHONPATH} /usr/bin/python3 setup.py egg_info --egg-base ../../build/camera_controller build --build-base /root/Luis/Camera_Depth/build/camera_controller/build install --record /root/Luis/Camera_Depth/build/camera_controller/install.log --single-version-externally-managed
[7.852s] Level 1:colcon.colcon_core.environment:checking '/root/Luis/Camera_Depth/install/camera_controller' for CMake module files
[7.854s] Level 1:colcon.colcon_core.environment:checking '/root/Luis/Camera_Depth/install/camera_controller' for CMake config files
[7.857s] Level 1:colcon.colcon_core.environment:checking '/root/Luis/Camera_Depth/install/camera_controller/lib'
[7.858s] Level 1:colcon.colcon_core.environment:checking '/root/Luis/Camera_Depth/install/camera_controller/bin'
[7.858s] Level 1:colcon.colcon_core.environment:checking '/root/Luis/Camera_Depth/install/camera_controller/lib/pkgconfig/camera_controller.pc'
[7.860s] Level 1:colcon.colcon_core.environment:checking '/root/Luis/Camera_Depth/install/camera_controller/lib/python3.10/site-packages'
[7.860s] Level 1:colcon.colcon_core.shell:create_environment_hook('camera_controller', 'pythonpath')
[7.899s] INFO:colcon.colcon_core.shell:Creating environment hook '/root/Luis/Camera_Depth/install/camera_controller/share/camera_controller/hook/pythonpath.ps1'
[7.901s] INFO:colcon.colcon_core.shell:Creating environment descriptor '/root/Luis/Camera_Depth/install/camera_controller/share/camera_controller/hook/pythonpath.dsv'
[7.902s] INFO:colcon.colcon_core.shell:Creating environment hook '/root/Luis/Camera_Depth/install/camera_controller/share/camera_controller/hook/pythonpath.sh'
[7.905s] Level 1:colcon.colcon_core.environment:checking '/root/Luis/Camera_Depth/install/camera_controller/bin'
[7.905s] Level 1:colcon.colcon_core.environment:create_environment_scripts_only(camera_controller)
[7.943s] INFO:colcon.colcon_core.shell:Creating package script '/root/Luis/Camera_Depth/install/camera_controller/share/camera_controller/package.ps1'
[7.948s] INFO:colcon.colcon_core.shell:Creating package descriptor '/root/Luis/Camera_Depth/install/camera_controller/share/camera_controller/package.dsv'
[7.951s] INFO:colcon.colcon_core.shell:Creating package script '/root/Luis/Camera_Depth/install/camera_controller/share/camera_controller/package.sh'
[7.954s] INFO:colcon.colcon_core.shell:Creating package script '/root/Luis/Camera_Depth/install/camera_controller/share/camera_controller/package.bash'
[7.957s] INFO:colcon.colcon_core.shell:Creating package script '/root/Luis/Camera_Depth/install/camera_controller/share/camera_controller/package.zsh'
[7.960s] Level 1:colcon.colcon_core.environment:create_file_with_runtime_dependencies(/root/Luis/Camera_Depth/install/camera_controller/share/colcon-core/packages/camera_controller)
[7.961s] DEBUG:colcon.colcon_parallel_executor.executor.parallel:closing loop
[7.962s] DEBUG:colcon.colcon_parallel_executor.executor.parallel:loop closed
[7.963s] DEBUG:colcon.colcon_parallel_executor.executor.parallel:run_until_complete finished with '0'
[7.964s] DEBUG:colcon.colcon_core.event_reactor:joining thread
[8.030s] INFO:colcon.colcon_core.plugin_system:Skipping extension 'colcon_notification.desktop_notification.notify_send': Could not find 'notify-send'
[8.031s] INFO:colcon.colcon_core.plugin_system:Skipping extension 'colcon_notification.desktop_notification.terminal_notifier': Not used on non-Darwin systems
[8.031s] INFO:colcon.colcon_core.plugin_system:Skipping extension 'colcon_notification.desktop_notification.win32': Not used on non-Windows systems
[8.031s] INFO:colcon.colcon_notification.desktop_notification:Sending desktop notification using 'notify2'
[8.038s] DEBUG:colcon.colcon_notification.desktop_notification.notify2:Failed to initialize notify2: org.freedesktop.DBus.Error.Spawn.ExecFailed: /usr/bin/dbus-launch terminated abnormally without any error message
[8.040s] DEBUG:colcon.colcon_core.event_reactor:joined thread
[8.087s] INFO:colcon.colcon_core.shell:Creating prefix script '/root/Luis/Camera_Depth/install/local_setup.ps1'
[8.092s] INFO:colcon.colcon_core.shell:Creating prefix util module '/root/Luis/Camera_Depth/install/_local_setup_util_ps1.py'
[8.098s] INFO:colcon.colcon_core.shell:Creating prefix chain script '/root/Luis/Camera_Depth/install/setup.ps1'
[8.140s] INFO:colcon.colcon_core.shell:Creating prefix script '/root/Luis/Camera_Depth/install/local_setup.sh'
[8.143s] INFO:colcon.colcon_core.shell:Creating prefix util module '/root/Luis/Camera_Depth/install/_local_setup_util_sh.py'
[8.145s] INFO:colcon.colcon_core.shell:Creating prefix chain script '/root/Luis/Camera_Depth/install/setup.sh'
[8.187s] INFO:colcon.colcon_core.shell:Creating prefix script '/root/Luis/Camera_Depth/install/local_setup.bash'
[8.189s] INFO:colcon.colcon_core.shell:Creating prefix chain script '/root/Luis/Camera_Depth/install/setup.bash'
[8.230s] INFO:colcon.colcon_core.shell:Creating prefix script '/root/Luis/Camera_Depth/install/local_setup.zsh'
[8.233s] INFO:colcon.colcon_core.shell:Creating prefix chain script '/root/Luis/Camera_Depth/install/setup.zsh'
