[2.672s] Invoking command in '/root/Luis/Camera_Depth/src/camera_controller': PYTHONPATH=/root/Luis/Camera_Depth/build/camera_controller/prefix_override:/root/Luis/Camera_Depth/install/camera_controller/lib/python3.10/site-packages:${PYTHONPATH} /usr/bin/python3 setup.py egg_info --egg-base ../../build/camera_controller build --build-base /root/Luis/Camera_Depth/build/camera_controller/build install --record /root/Luis/Camera_Depth/build/camera_controller/install.log --single-version-externally-managed
[3.533s] running egg_info
[3.536s] writing ../../build/camera_controller/camera_controller.egg-info/PKG-INFO
[3.537s] writing dependency_links to ../../build/camera_controller/camera_controller.egg-info/dependency_links.txt
[3.539s] writing entry points to ../../build/camera_controller/camera_controller.egg-info/entry_points.txt
[3.540s] writing requirements to ../../build/camera_controller/camera_controller.egg-info/requires.txt
[3.540s] writing top-level names to ../../build/camera_controller/camera_controller.egg-info/top_level.txt
[3.547s] reading manifest file '../../build/camera_controller/camera_controller.egg-info/SOURCES.txt'
[3.552s] writing manifest file '../../build/camera_controller/camera_controller.egg-info/SOURCES.txt'
[3.552s] running build
[3.553s] running build_py
[3.554s] copying camera_controller/distance_move.py -> /root/Luis/Camera_Depth/build/camera_controller/build/lib/camera_controller
[3.555s] running install
[3.556s] /usr/lib/python3/dist-packages/setuptools/command/install.py:34: SetuptoolsDeprecationWarning: setup.py install is deprecated. Use build and pip and other standards-based tools.
[3.556s]   warnings.warn(
[3.557s] running install_lib
[3.561s] copying /root/Luis/Camera_Depth/build/camera_controller/build/lib/camera_controller/distance_move.py -> /root/Luis/Camera_Depth/install/camera_controller/lib/python3.10/site-packages/camera_controller
[3.564s] byte-compiling /root/Luis/Camera_Depth/install/camera_controller/lib/python3.10/site-packages/camera_controller/distance_move.py to distance_move.cpython-310.pyc
[3.568s] running install_data
[3.571s] running install_egg_info
[3.578s] removing '/root/Luis/Camera_Depth/install/camera_controller/lib/python3.10/site-packages/camera_controller-0.0.0-py3.10.egg-info' (and everything under it)
[3.579s] Copying ../../build/camera_controller/camera_controller.egg-info to /root/Luis/Camera_Depth/install/camera_controller/lib/python3.10/site-packages/camera_controller-0.0.0-py3.10.egg-info
[3.583s] running install_scripts
[3.680s] Installing distance script to /root/Luis/Camera_Depth/install/camera_controller/lib/camera_controller
[3.681s] Installing distance_all script to /root/Luis/Camera_Depth/install/camera_controller/lib/camera_controller
[3.682s] Installing distance_cells script to /root/Luis/Camera_Depth/install/camera_controller/lib/camera_controller
[3.682s] Installing distance_move script to /root/Luis/Camera_Depth/install/camera_controller/lib/camera_controller
[3.684s] writing list of installed files to '/root/Luis/Camera_Depth/build/camera_controller/install.log'
[3.788s] Invoked command in '/root/Luis/Camera_Depth/src/camera_controller' returned '0': PYTHONPATH=/root/Luis/Camera_Depth/build/camera_controller/prefix_override:/root/Luis/Camera_Depth/install/camera_controller/lib/python3.10/site-packages:${PYTHONPATH} /usr/bin/python3 setup.py egg_info --egg-base ../../build/camera_controller build --build-base /root/Luis/Camera_Depth/build/camera_controller/build install --record /root/Luis/Camera_Depth/build/camera_controller/install.log --single-version-externally-managed
