[0.080s] Invoking command in '/root/Luis/camera_zed/Camera_Depth/zed_workspace/build/camera_interface': CMAKE_PREFIX_PATH=${CMAKE_PREFIX_PATH}:/root/Luis/camera_zed/Camera_Depth/zed_workspace/install/camera_controller:/opt/ros/eloquent /usr/bin/cmake --build /root/Luis/camera_zed/Camera_Depth/zed_workspace/build/camera_interface -- -j6 -l6
[0.333s] [  2%] Built target camera_interface__cpp
[0.352s] [ 13%] Built target camera_interface__rosidl_generator_c
[0.448s] [ 24%] Built target camera_interface__rosidl_typesupport_introspection_cpp
[0.458s] [ 35%] Built target camera_interface__rosidl_typesupport_fastrtps_cpp
[0.471s] [ 46%] Built target camera_interface__rosidl_typesupport_introspection_c
[0.585s] [ 68%] Built target camera_interface__rosidl_typesupport_cpp
[0.586s] [ 68%] Built target camera_interface__rosidl_typesupport_fastrtps_c
[0.697s] [ 80%] Built target camera_interface__rosidl_typesupport_c
[0.781s] [ 80%] Built target camera_interface
[0.871s] [ 82%] Built target camera_interface__py
[0.987s] [ 91%] Built target camera_interface__python
[1.105s] [ 95%] Built target camera_interface__rosidl_typesupport_fastrtps_c__pyext
[1.107s] [100%] Built target camera_interface__rosidl_typesupport_c__pyext
[1.153s] Invoked command in '/root/Luis/camera_zed/Camera_Depth/zed_workspace/build/camera_interface' returned '0': CMAKE_PREFIX_PATH=${CMAKE_PREFIX_PATH}:/root/Luis/camera_zed/Camera_Depth/zed_workspace/install/camera_controller:/opt/ros/eloquent /usr/bin/cmake --build /root/Luis/camera_zed/Camera_Depth/zed_workspace/build/camera_interface -- -j6 -l6
[1.532s] Invoking command in '/root/Luis/camera_zed/Camera_Depth/zed_workspace/build/camera_interface': CMAKE_PREFIX_PATH=${CMAKE_PREFIX_PATH}:/root/Luis/camera_zed/Camera_Depth/zed_workspace/install/camera_controller:/opt/ros/eloquent /usr/bin/cmake --build /root/Luis/camera_zed/Camera_Depth/zed_workspace/build/camera_interface --target install -- -j6 -l6
[1.747s] [  2%] Built target camera_interface__cpp
[1.760s] [ 13%] Built target camera_interface__rosidl_generator_c
[1.858s] [ 24%] Built target camera_interface__rosidl_typesupport_introspection_cpp
[1.864s] [ 35%] Built target camera_interface__rosidl_typesupport_fastrtps_cpp
[1.875s] [ 46%] Built target camera_interface__rosidl_typesupport_introspection_c
[1.982s] [ 64%] Built target camera_interface__rosidl_typesupport_cpp
[1.983s] [ 68%] Built target camera_interface__rosidl_typesupport_fastrtps_c
[2.094s] [ 80%] Built target camera_interface__rosidl_typesupport_c
[2.174s] [ 80%] Built target camera_interface
[2.265s] [ 82%] Built target camera_interface__py
[2.376s] [ 91%] Built target camera_interface__python
[2.490s] [ 97%] Built target camera_interface__rosidl_typesupport_c__pyext
[2.492s] [100%] Built target camera_interface__rosidl_typesupport_fastrtps_c__pyext
[2.560s] [36mInstall the project...[0m
[2.599s] -- Install configuration: ""
[2.602s] -- Up-to-date: /root/Luis/camera_zed/Camera_Depth/zed_workspace/install/camera_interface/share/ament_index/resource_index/rosidl_interfaces/camera_interface
[2.602s] -- Up-to-date: /root/Luis/camera_zed/Camera_Depth/zed_workspace/install/camera_interface/lib/libcamera_interface__rosidl_typesupport_c.so
[2.603s] -- Up-to-date: /root/Luis/camera_zed/Camera_Depth/zed_workspace/install/camera_interface/share/camera_interface/environment/library_path.sh
[2.603s] -- Up-to-date: /root/Luis/camera_zed/Camera_Depth/zed_workspace/install/camera_interface/share/camera_interface/environment/library_path.dsv
[2.604s] -- Up-to-date: /root/Luis/camera_zed/Camera_Depth/zed_workspace/install/camera_interface/lib/libcamera_interface__rosidl_typesupport_cpp.so
[2.605s] -- Up-to-date: /root/Luis/camera_zed/Camera_Depth/zed_workspace/install/camera_interface/include/camera_interface
[2.606s] -- Up-to-date: /root/Luis/camera_zed/Camera_Depth/zed_workspace/install/camera_interface/include/camera_interface/msg
[2.606s] -- Up-to-date: /root/Luis/camera_zed/Camera_Depth/zed_workspace/install/camera_interface/include/camera_interface/msg/rosidl_typesupport_fastrtps_c__visibility_control.h
[2.608s] -- Up-to-date: /root/Luis/camera_zed/Camera_Depth/zed_workspace/install/camera_interface/include/camera_interface/msg/nodeupdate__rosidl_typesupport_fastrtps_c.h
[2.609s] -- Up-to-date: /root/Luis/camera_zed/Camera_Depth/zed_workspace/install/camera_interface/include/camera_interface/msg/obstacles__rosidl_typesupport_fastrtps_c.h
[2.610s] -- Up-to-date: /root/Luis/camera_zed/Camera_Depth/zed_workspace/install/camera_interface/include/camera_interface/msg/camera__rosidl_typesupport_fastrtps_c.h
[2.610s] -- Up-to-date: /root/Luis/camera_zed/Camera_Depth/zed_workspace/install/camera_interface/lib/libcamera_interface__rosidl_typesupport_fastrtps_c.so
[2.611s] -- Up-to-date: /root/Luis/camera_zed/Camera_Depth/zed_workspace/install/camera_interface/include/camera_interface
[2.612s] -- Up-to-date: /root/Luis/camera_zed/Camera_Depth/zed_workspace/install/camera_interface/include/camera_interface/msg
[2.613s] -- Up-to-date: /root/Luis/camera_zed/Camera_Depth/zed_workspace/install/camera_interface/include/camera_interface/msg/obstacles__struct.h
[2.613s] -- Up-to-date: /root/Luis/camera_zed/Camera_Depth/zed_workspace/install/camera_interface/include/camera_interface/msg/camera__struct.h
[2.614s] -- Up-to-date: /root/Luis/camera_zed/Camera_Depth/zed_workspace/install/camera_interface/include/camera_interface/msg/nodeupdate__functions.h
[2.616s] -- Up-to-date: /root/Luis/camera_zed/Camera_Depth/zed_workspace/install/camera_interface/include/camera_interface/msg/obstacles.h
[2.617s] -- Up-to-date: /root/Luis/camera_zed/Camera_Depth/zed_workspace/install/camera_interface/include/camera_interface/msg/obstacles__functions.c
[2.617s] -- Up-to-date: /root/Luis/camera_zed/Camera_Depth/zed_workspace/install/camera_interface/include/camera_interface/msg/nodeupdate__type_support.h
[2.618s] -- Up-to-date: /root/Luis/camera_zed/Camera_Depth/zed_workspace/install/camera_interface/include/camera_interface/msg/camera__type_support.h
[2.619s] -- Up-to-date: /root/Luis/camera_zed/Camera_Depth/zed_workspace/install/camera_interface/include/camera_interface/msg/obstacles__functions.h
[2.619s] -- Up-to-date: /root/Luis/camera_zed/Camera_Depth/zed_workspace/install/camera_interface/include/camera_interface/msg/rosidl_generator_c__visibility_control.h
[2.620s] -- Up-to-date: /root/Luis/camera_zed/Camera_Depth/zed_workspace/install/camera_interface/include/camera_interface/msg/nodeupdate__struct.h
[2.621s] -- Up-to-date: /root/Luis/camera_zed/Camera_Depth/zed_workspace/install/camera_interface/include/camera_interface/msg/nodeupdate.h
[2.621s] -- Up-to-date: /root/Luis/camera_zed/Camera_Depth/zed_workspace/install/camera_interface/include/camera_interface/msg/camera.h
[2.622s] -- Up-to-date: /root/Luis/camera_zed/Camera_Depth/zed_workspace/install/camera_interface/include/camera_interface/msg/camera__functions.c
[2.622s] -- Up-to-date: /root/Luis/camera_zed/Camera_Depth/zed_workspace/install/camera_interface/include/camera_interface/msg/obstacles__type_support.h
[2.623s] -- Up-to-date: /root/Luis/camera_zed/Camera_Depth/zed_workspace/install/camera_interface/include/camera_interface/msg/camera__functions.h
[2.624s] -- Up-to-date: /root/Luis/camera_zed/Camera_Depth/zed_workspace/install/camera_interface/include/camera_interface/msg/nodeupdate__functions.c
[2.624s] -- Up-to-date: /root/Luis/camera_zed/Camera_Depth/zed_workspace/install/camera_interface/lib/libcamera_interface__rosidl_generator_c.so
[2.625s] -- Up-to-date: /root/Luis/camera_zed/Camera_Depth/zed_workspace/install/camera_interface/include/camera_interface
[2.625s] -- Up-to-date: /root/Luis/camera_zed/Camera_Depth/zed_workspace/install/camera_interface/include/camera_interface/msg
[2.626s] -- Up-to-date: /root/Luis/camera_zed/Camera_Depth/zed_workspace/install/camera_interface/include/camera_interface/msg/camera__rosidl_typesupport_fastrtps_cpp.hpp
[2.626s] -- Up-to-date: /root/Luis/camera_zed/Camera_Depth/zed_workspace/install/camera_interface/include/camera_interface/msg/rosidl_typesupport_fastrtps_cpp__visibility_control.h
[2.627s] -- Up-to-date: /root/Luis/camera_zed/Camera_Depth/zed_workspace/install/camera_interface/include/camera_interface/msg/nodeupdate__rosidl_typesupport_fastrtps_cpp.hpp
[2.627s] -- Up-to-date: /root/Luis/camera_zed/Camera_Depth/zed_workspace/install/camera_interface/include/camera_interface/msg/obstacles__rosidl_typesupport_fastrtps_cpp.hpp
[2.628s] -- Up-to-date: /root/Luis/camera_zed/Camera_Depth/zed_workspace/install/camera_interface/include/camera_interface/msg/dds_fastrtps
[2.628s] -- Up-to-date: /root/Luis/camera_zed/Camera_Depth/zed_workspace/install/camera_interface/lib/libcamera_interface__rosidl_typesupport_fastrtps_cpp.so
[2.628s] -- Up-to-date: /root/Luis/camera_zed/Camera_Depth/zed_workspace/install/camera_interface/include/camera_interface
[2.629s] -- Up-to-date: /root/Luis/camera_zed/Camera_Depth/zed_workspace/install/camera_interface/include/camera_interface/msg
[2.629s] -- Up-to-date: /root/Luis/camera_zed/Camera_Depth/zed_workspace/install/camera_interface/include/camera_interface/msg/nodeupdate.hpp
[2.630s] -- Up-to-date: /root/Luis/camera_zed/Camera_Depth/zed_workspace/install/camera_interface/include/camera_interface/msg/nodeupdate__traits.hpp
[2.630s] -- Up-to-date: /root/Luis/camera_zed/Camera_Depth/zed_workspace/install/camera_interface/include/camera_interface/msg/obstacles.hpp
[2.630s] -- Up-to-date: /root/Luis/camera_zed/Camera_Depth/zed_workspace/install/camera_interface/include/camera_interface/msg/camera__traits.hpp
[2.631s] -- Up-to-date: /root/Luis/camera_zed/Camera_Depth/zed_workspace/install/camera_interface/include/camera_interface/msg/camera.hpp
[2.631s] -- Up-to-date: /root/Luis/camera_zed/Camera_Depth/zed_workspace/install/camera_interface/include/camera_interface/msg/nodeupdate__struct.hpp
[2.632s] -- Up-to-date: /root/Luis/camera_zed/Camera_Depth/zed_workspace/install/camera_interface/include/camera_interface/msg/obstacles__traits.hpp
[2.632s] -- Up-to-date: /root/Luis/camera_zed/Camera_Depth/zed_workspace/install/camera_interface/include/camera_interface/msg/obstacles__struct.hpp
[2.633s] -- Up-to-date: /root/Luis/camera_zed/Camera_Depth/zed_workspace/install/camera_interface/include/camera_interface/msg/camera__struct.hpp
[2.633s] -- Up-to-date: /root/Luis/camera_zed/Camera_Depth/zed_workspace/install/camera_interface/include/camera_interface
[2.634s] -- Up-to-date: /root/Luis/camera_zed/Camera_Depth/zed_workspace/install/camera_interface/include/camera_interface/msg
[2.634s] -- Up-to-date: /root/Luis/camera_zed/Camera_Depth/zed_workspace/install/camera_interface/include/camera_interface/msg/rosidl_typesupport_introspection_c__visibility_control.h
[2.634s] -- Up-to-date: /root/Luis/camera_zed/Camera_Depth/zed_workspace/install/camera_interface/include/camera_interface/msg/nodeupdate__rosidl_typesupport_introspection_c.h
[2.635s] -- Up-to-date: /root/Luis/camera_zed/Camera_Depth/zed_workspace/install/camera_interface/include/camera_interface/msg/obstacles__type_support.c
[2.635s] -- Up-to-date: /root/Luis/camera_zed/Camera_Depth/zed_workspace/install/camera_interface/include/camera_interface/msg/nodeupdate__type_support.c
[2.636s] -- Up-to-date: /root/Luis/camera_zed/Camera_Depth/zed_workspace/install/camera_interface/include/camera_interface/msg/obstacles__rosidl_typesupport_introspection_c.h
[2.636s] -- Up-to-date: /root/Luis/camera_zed/Camera_Depth/zed_workspace/install/camera_interface/include/camera_interface/msg/camera__rosidl_typesupport_introspection_c.h
[2.636s] -- Up-to-date: /root/Luis/camera_zed/Camera_Depth/zed_workspace/install/camera_interface/include/camera_interface/msg/camera__type_support.c
[2.637s] -- Up-to-date: /root/Luis/camera_zed/Camera_Depth/zed_workspace/install/camera_interface/lib/libcamera_interface__rosidl_typesupport_introspection_c.so
[2.637s] -- Up-to-date: /root/Luis/camera_zed/Camera_Depth/zed_workspace/install/camera_interface/include/camera_interface
[2.638s] -- Up-to-date: /root/Luis/camera_zed/Camera_Depth/zed_workspace/install/camera_interface/include/camera_interface/msg
[2.638s] -- Up-to-date: /root/Luis/camera_zed/Camera_Depth/zed_workspace/install/camera_interface/include/camera_interface/msg/obstacles__type_support.cpp
[2.638s] -- Up-to-date: /root/Luis/camera_zed/Camera_Depth/zed_workspace/install/camera_interface/include/camera_interface/msg/obstacles__rosidl_typesupport_introspection_cpp.hpp
[2.639s] -- Up-to-date: /root/Luis/camera_zed/Camera_Depth/zed_workspace/install/camera_interface/include/camera_interface/msg/nodeupdate__type_support.cpp
[2.639s] -- Up-to-date: /root/Luis/camera_zed/Camera_Depth/zed_workspace/install/camera_interface/include/camera_interface/msg/camera__rosidl_typesupport_introspection_cpp.hpp
[2.640s] -- Up-to-date: /root/Luis/camera_zed/Camera_Depth/zed_workspace/install/camera_interface/include/camera_interface/msg/camera__type_support.cpp
[2.640s] -- Up-to-date: /root/Luis/camera_zed/Camera_Depth/zed_workspace/install/camera_interface/include/camera_interface/msg/nodeupdate__rosidl_typesupport_introspection_cpp.hpp
[2.640s] -- Up-to-date: /root/Luis/camera_zed/Camera_Depth/zed_workspace/install/camera_interface/lib/libcamera_interface__rosidl_typesupport_introspection_cpp.so
[2.641s] -- Up-to-date: /root/Luis/camera_zed/Camera_Depth/zed_workspace/install/camera_interface/share/camera_interface/environment/pythonpath.sh
[2.641s] -- Up-to-date: /root/Luis/camera_zed/Camera_Depth/zed_workspace/install/camera_interface/share/camera_interface/environment/pythonpath.dsv
[2.642s] -- Up-to-date: /root/Luis/camera_zed/Camera_Depth/zed_workspace/install/camera_interface/lib/python3.6/site-packages/camera_interface/__init__.py
[2.777s] -- Up-to-date: /root/Luis/camera_zed/Camera_Depth/zed_workspace/install/camera_interface/lib/python3.6/site-packages/camera_interface/msg
[2.780s] -- Up-to-date: /root/Luis/camera_zed/Camera_Depth/zed_workspace/install/camera_interface/lib/python3.6/site-packages/camera_interface/msg/_camera_s.c
[2.782s] -- Up-to-date: /root/Luis/camera_zed/Camera_Depth/zed_workspace/install/camera_interface/lib/python3.6/site-packages/camera_interface/msg/_camera.py
[2.784s] -- Up-to-date: /root/Luis/camera_zed/Camera_Depth/zed_workspace/install/camera_interface/lib/python3.6/site-packages/camera_interface/msg/_obstacles_s.c
[2.786s] -- Up-to-date: /root/Luis/camera_zed/Camera_Depth/zed_workspace/install/camera_interface/lib/python3.6/site-packages/camera_interface/msg/_nodeupdate_s.c
[2.787s] -- Up-to-date: /root/Luis/camera_zed/Camera_Depth/zed_workspace/install/camera_interface/lib/python3.6/site-packages/camera_interface/msg/__init__.py
[2.788s] -- Up-to-date: /root/Luis/camera_zed/Camera_Depth/zed_workspace/install/camera_interface/lib/python3.6/site-packages/camera_interface/msg/_obstacles.py
[2.788s] -- Up-to-date: /root/Luis/camera_zed/Camera_Depth/zed_workspace/install/camera_interface/lib/python3.6/site-packages/camera_interface/msg/_nodeupdate.py
[2.789s] -- Up-to-date: /root/Luis/camera_zed/Camera_Depth/zed_workspace/install/camera_interface/lib/python3.6/site-packages/camera_interface/camera_interface_s__rosidl_typesupport_c.cpython-36m-aarch64-linux-gnu.so
[2.790s] -- Up-to-date: /root/Luis/camera_zed/Camera_Depth/zed_workspace/install/camera_interface/lib/python3.6/site-packages/camera_interface/camera_interface_s__rosidl_typesupport_fastrtps_c.cpython-36m-aarch64-linux-gnu.so
[2.791s] -- Up-to-date: /root/Luis/camera_zed/Camera_Depth/zed_workspace/install/camera_interface/lib/libcamera_interface__python.so
[2.792s] -- Up-to-date: /root/Luis/camera_zed/Camera_Depth/zed_workspace/install/camera_interface/share/camera_interface/msg/Camera.idl
[2.793s] -- Up-to-date: /root/Luis/camera_zed/Camera_Depth/zed_workspace/install/camera_interface/share/camera_interface/msg/Obstacles.idl
[2.793s] -- Up-to-date: /root/Luis/camera_zed/Camera_Depth/zed_workspace/install/camera_interface/share/camera_interface/msg/Nodeupdate.idl
[2.794s] -- Up-to-date: /root/Luis/camera_zed/Camera_Depth/zed_workspace/install/camera_interface/share/camera_interface/msg/Camera.msg
[2.794s] -- Up-to-date: /root/Luis/camera_zed/Camera_Depth/zed_workspace/install/camera_interface/share/camera_interface/msg/Obstacles.msg
[2.795s] -- Up-to-date: /root/Luis/camera_zed/Camera_Depth/zed_workspace/install/camera_interface/share/camera_interface/msg/Nodeupdate.msg
[2.795s] -- Up-to-date: /root/Luis/camera_zed/Camera_Depth/zed_workspace/install/camera_interface/share/ament_index/resource_index/package_run_dependencies/camera_interface
[2.795s] -- Up-to-date: /root/Luis/camera_zed/Camera_Depth/zed_workspace/install/camera_interface/share/ament_index/resource_index/parent_prefix_path/camera_interface
[2.796s] -- Up-to-date: /root/Luis/camera_zed/Camera_Depth/zed_workspace/install/camera_interface/share/camera_interface/environment/ament_prefix_path.sh
[2.796s] -- Up-to-date: /root/Luis/camera_zed/Camera_Depth/zed_workspace/install/camera_interface/share/camera_interface/environment/ament_prefix_path.dsv
[2.797s] -- Up-to-date: /root/Luis/camera_zed/Camera_Depth/zed_workspace/install/camera_interface/share/camera_interface/environment/path.sh
[2.798s] -- Up-to-date: /root/Luis/camera_zed/Camera_Depth/zed_workspace/install/camera_interface/share/camera_interface/environment/path.dsv
[2.799s] -- Up-to-date: /root/Luis/camera_zed/Camera_Depth/zed_workspace/install/camera_interface/share/camera_interface/local_setup.bash
[2.799s] -- Up-to-date: /root/Luis/camera_zed/Camera_Depth/zed_workspace/install/camera_interface/share/camera_interface/local_setup.sh
[2.800s] -- Up-to-date: /root/Luis/camera_zed/Camera_Depth/zed_workspace/install/camera_interface/share/camera_interface/local_setup.zsh
[2.800s] -- Up-to-date: /root/Luis/camera_zed/Camera_Depth/zed_workspace/install/camera_interface/share/camera_interface/local_setup.dsv
[2.800s] -- Installing: /root/Luis/camera_zed/Camera_Depth/zed_workspace/install/camera_interface/share/camera_interface/package.dsv
[2.801s] -- Up-to-date: /root/Luis/camera_zed/Camera_Depth/zed_workspace/install/camera_interface/share/ament_index/resource_index/packages/camera_interface
[2.801s] -- Up-to-date: /root/Luis/camera_zed/Camera_Depth/zed_workspace/install/camera_interface/share/camera_interface/cmake/rosidl_cmake-extras.cmake
[2.802s] -- Up-to-date: /root/Luis/camera_zed/Camera_Depth/zed_workspace/install/camera_interface/share/camera_interface/cmake/ament_cmake_export_dependencies-extras.cmake
[2.802s] -- Up-to-date: /root/Luis/camera_zed/Camera_Depth/zed_workspace/install/camera_interface/share/camera_interface/cmake/ament_cmake_export_libraries-extras.cmake
[2.803s] -- Up-to-date: /root/Luis/camera_zed/Camera_Depth/zed_workspace/install/camera_interface/share/camera_interface/cmake/ament_cmake_export_include_directories-extras.cmake
[2.803s] -- Up-to-date: /root/Luis/camera_zed/Camera_Depth/zed_workspace/install/camera_interface/share/camera_interface/cmake/camera_interfaceConfig.cmake
[2.804s] -- Up-to-date: /root/Luis/camera_zed/Camera_Depth/zed_workspace/install/camera_interface/share/camera_interface/cmake/camera_interfaceConfig-version.cmake
[2.804s] -- Up-to-date: /root/Luis/camera_zed/Camera_Depth/zed_workspace/install/camera_interface/share/camera_interface/package.xml
[2.812s] Invoked command in '/root/Luis/camera_zed/Camera_Depth/zed_workspace/build/camera_interface' returned '0': CMAKE_PREFIX_PATH=${CMAKE_PREFIX_PATH}:/root/Luis/camera_zed/Camera_Depth/zed_workspace/install/camera_controller:/opt/ros/eloquent /usr/bin/cmake --build /root/Luis/camera_zed/Camera_Depth/zed_workspace/build/camera_interface --target install -- -j6 -l6
