running egg_info
creating ../../build/camera_controller/camera_controller.egg-info
writing ../../build/camera_controller/camera_controller.egg-info/PKG-INFO
writing dependency_links to ../../build/camera_controller/camera_controller.egg-info/dependency_links.txt
writing entry points to ../../build/camera_controller/camera_controller.egg-info/entry_points.txt
writing requirements to ../../build/camera_controller/camera_controller.egg-info/requires.txt
writing top-level names to ../../build/camera_controller/camera_controller.egg-info/top_level.txt
writing manifest file '../../build/camera_controller/camera_controller.egg-info/SOURCES.txt'
reading manifest file '../../build/camera_controller/camera_controller.egg-info/SOURCES.txt'
writing manifest file '../../build/camera_controller/camera_controller.egg-info/SOURCES.txt'
running build
running build_py
creating /root/Luis/Camera_Depth/build/camera_controller/build
creating /root/Luis/Camera_Depth/build/camera_controller/build/lib
creating /root/Luis/Camera_Depth/build/camera_controller/build/lib/camera_controller
copying camera_controller/distance.py -> /root/Luis/Camera_Depth/build/camera_controller/build/lib/camera_controller
copying camera_controller/distance_all.py -> /root/Luis/Camera_Depth/build/camera_controller/build/lib/camera_controller
copying camera_controller/distance_cells.py -> /root/Luis/Camera_Depth/build/camera_controller/build/lib/camera_controller
copying camera_controller/__init__.py -> /root/Luis/Camera_Depth/build/camera_controller/build/lib/camera_controller
copying camera_controller/distance_move.py -> /root/Luis/Camera_Depth/build/camera_controller/build/lib/camera_controller
running install
/usr/lib/python3/dist-packages/setuptools/command/install.py:34: SetuptoolsDeprecationWarning: setup.py install is deprecated. Use build and pip and other standards-based tools.
  warnings.warn(
running install_lib
creating /root/Luis/Camera_Depth/install/camera_controller/lib/python3.10/site-packages/camera_controller
copying /root/Luis/Camera_Depth/build/camera_controller/build/lib/camera_controller/distance.py -> /root/Luis/Camera_Depth/install/camera_controller/lib/python3.10/site-packages/camera_controller
copying /root/Luis/Camera_Depth/build/camera_controller/build/lib/camera_controller/distance_all.py -> /root/Luis/Camera_Depth/install/camera_controller/lib/python3.10/site-packages/camera_controller
copying /root/Luis/Camera_Depth/build/camera_controller/build/lib/camera_controller/distance_cells.py -> /root/Luis/Camera_Depth/install/camera_controller/lib/python3.10/site-packages/camera_controller
copying /root/Luis/Camera_Depth/build/camera_controller/build/lib/camera_controller/__init__.py -> /root/Luis/Camera_Depth/install/camera_controller/lib/python3.10/site-packages/camera_controller
copying /root/Luis/Camera_Depth/build/camera_controller/build/lib/camera_controller/distance_move.py -> /root/Luis/Camera_Depth/install/camera_controller/lib/python3.10/site-packages/camera_controller
byte-compiling /root/Luis/Camera_Depth/install/camera_controller/lib/python3.10/site-packages/camera_controller/distance.py to distance.cpython-310.pyc
byte-compiling /root/Luis/Camera_Depth/install/camera_controller/lib/python3.10/site-packages/camera_controller/distance_all.py to distance_all.cpython-310.pyc
byte-compiling /root/Luis/Camera_Depth/install/camera_controller/lib/python3.10/site-packages/camera_controller/distance_cells.py to distance_cells.cpython-310.pyc
byte-compiling /root/Luis/Camera_Depth/install/camera_controller/lib/python3.10/site-packages/camera_controller/__init__.py to __init__.cpython-310.pyc
byte-compiling /root/Luis/Camera_Depth/install/camera_controller/lib/python3.10/site-packages/camera_controller/distance_move.py to distance_move.cpython-310.pyc
running install_data
creating /root/Luis/Camera_Depth/install/camera_controller/share/ament_index
creating /root/Luis/Camera_Depth/install/camera_controller/share/ament_index/resource_index
creating /root/Luis/Camera_Depth/install/camera_controller/share/ament_index/resource_index/packages
copying resource/camera_controller -> /root/Luis/Camera_Depth/install/camera_controller/share/ament_index/resource_index/packages
copying package.xml -> /root/Luis/Camera_Depth/install/camera_controller/share/camera_controller
running install_egg_info
Copying ../../build/camera_controller/camera_controller.egg-info to /root/Luis/Camera_Depth/install/camera_controller/lib/python3.10/site-packages/camera_controller-0.0.0-py3.10.egg-info
running install_scripts
Installing distance script to /root/Luis/Camera_Depth/install/camera_controller/lib/camera_controller
Installing distance_all script to /root/Luis/Camera_Depth/install/camera_controller/lib/camera_controller
Installing distance_cells script to /root/Luis/Camera_Depth/install/camera_controller/lib/camera_controller
Installing distance_move script to /root/Luis/Camera_Depth/install/camera_controller/lib/camera_controller
writing list of installed files to '/root/Luis/Camera_Depth/build/camera_controller/install.log'
