[  2%] Built target camera_interface__cpp
[ 13%] Built target camera_interface__rosidl_generator_c
[ 24%] Built target camera_interface__rosidl_typesupport_introspection_cpp
[ 35%] Built target camera_interface__rosidl_typesupport_fastrtps_cpp
[ 46%] Built target camera_interface__rosidl_typesupport_introspection_c
[ 57%] Built target camera_interface__rosidl_typesupport_cpp
[ 68%] Built target camera_interface__rosidl_typesupport_fastrtps_c
[ 80%] Built target camera_interface__rosidl_typesupport_c
[ 80%] Built target camera_interface
[ 82%] Built target camera_interface__py
[ 91%] Built target camera_interface__python
[100%] Built target camera_interface__rosidl_typesupport_c__pyext
[100%] Built target camera_interface__rosidl_typesupport_fastrtps_c__pyext
[  2%] Built target camera_interface__cpp
[ 13%] Built target camera_interface__rosidl_generator_c
[ 24%] Built target camera_interface__rosidl_typesupport_introspection_cpp
[ 35%] Built target camera_interface__rosidl_typesupport_fastrtps_cpp
[ 46%] Built target camera_interface__rosidl_typesupport_introspection_c
[ 62%] Built target camera_interface__rosidl_typesupport_fastrtps_c
[ 68%] Built target camera_interface__rosidl_typesupport_cpp
[ 80%] Built target camera_interface__rosidl_typesupport_c
[ 80%] Built target camera_interface
[ 82%] Built target camera_interface__py
[ 91%] Built target camera_interface__python
[ 97%] Built target camera_interface__rosidl_typesupport_c__pyext
[100%] Built target camera_interface__rosidl_typesupport_fastrtps_c__pyext
[36mInstall the project...[0m
-- Install configuration: ""
-- Up-to-date: /root/Luis/camera_zed/Camera_Depth/zed_workspace/install/camera_interface/share/ament_index/resource_index/rosidl_interfaces/camera_interface
-- Up-to-date: /root/Luis/camera_zed/Camera_Depth/zed_workspace/install/camera_interface/lib/libcamera_interface__rosidl_typesupport_c.so
-- Up-to-date: /root/Luis/camera_zed/Camera_Depth/zed_workspace/install/camera_interface/share/camera_interface/environment/library_path.sh
-- Up-to-date: /root/Luis/camera_zed/Camera_Depth/zed_workspace/install/camera_interface/share/camera_interface/environment/library_path.dsv
-- Up-to-date: /root/Luis/camera_zed/Camera_Depth/zed_workspace/install/camera_interface/lib/libcamera_interface__rosidl_typesupport_cpp.so
-- Up-to-date: /root/Luis/camera_zed/Camera_Depth/zed_workspace/install/camera_interface/include/camera_interface
-- Up-to-date: /root/Luis/camera_zed/Camera_Depth/zed_workspace/install/camera_interface/include/camera_interface/msg
-- Up-to-date: /root/Luis/camera_zed/Camera_Depth/zed_workspace/install/camera_interface/include/camera_interface/msg/rosidl_typesupport_fastrtps_c__visibility_control.h
-- Up-to-date: /root/Luis/camera_zed/Camera_Depth/zed_workspace/install/camera_interface/include/camera_interface/msg/nodeupdate__rosidl_typesupport_fastrtps_c.h
-- Up-to-date: /root/Luis/camera_zed/Camera_Depth/zed_workspace/install/camera_interface/include/camera_interface/msg/obstacles__rosidl_typesupport_fastrtps_c.h
-- Up-to-date: /root/Luis/camera_zed/Camera_Depth/zed_workspace/install/camera_interface/include/camera_interface/msg/camera__rosidl_typesupport_fastrtps_c.h
-- Up-to-date: /root/Luis/camera_zed/Camera_Depth/zed_workspace/install/camera_interface/lib/libcamera_interface__rosidl_typesupport_fastrtps_c.so
-- Up-to-date: /root/Luis/camera_zed/Camera_Depth/zed_workspace/install/camera_interface/include/camera_interface
-- Up-to-date: /root/Luis/camera_zed/Camera_Depth/zed_workspace/install/camera_interface/include/camera_interface/msg
-- Up-to-date: /root/Luis/camera_zed/Camera_Depth/zed_workspace/install/camera_interface/include/camera_interface/msg/obstacles__struct.h
-- Up-to-date: /root/Luis/camera_zed/Camera_Depth/zed_workspace/install/camera_interface/include/camera_interface/msg/camera__struct.h
-- Up-to-date: /root/Luis/camera_zed/Camera_Depth/zed_workspace/install/camera_interface/include/camera_interface/msg/nodeupdate__functions.h
-- Up-to-date: /root/Luis/camera_zed/Camera_Depth/zed_workspace/install/camera_interface/include/camera_interface/msg/obstacles.h
-- Up-to-date: /root/Luis/camera_zed/Camera_Depth/zed_workspace/install/camera_interface/include/camera_interface/msg/obstacles__functions.c
-- Up-to-date: /root/Luis/camera_zed/Camera_Depth/zed_workspace/install/camera_interface/include/camera_interface/msg/nodeupdate__type_support.h
-- Up-to-date: /root/Luis/camera_zed/Camera_Depth/zed_workspace/install/camera_interface/include/camera_interface/msg/camera__type_support.h
-- Up-to-date: /root/Luis/camera_zed/Camera_Depth/zed_workspace/install/camera_interface/include/camera_interface/msg/obstacles__functions.h
-- Up-to-date: /root/Luis/camera_zed/Camera_Depth/zed_workspace/install/camera_interface/include/camera_interface/msg/rosidl_generator_c__visibility_control.h
-- Up-to-date: /root/Luis/camera_zed/Camera_Depth/zed_workspace/install/camera_interface/include/camera_interface/msg/nodeupdate__struct.h
-- Up-to-date: /root/Luis/camera_zed/Camera_Depth/zed_workspace/install/camera_interface/include/camera_interface/msg/nodeupdate.h
-- Up-to-date: /root/Luis/camera_zed/Camera_Depth/zed_workspace/install/camera_interface/include/camera_interface/msg/camera.h
-- Up-to-date: /root/Luis/camera_zed/Camera_Depth/zed_workspace/install/camera_interface/include/camera_interface/msg/camera__functions.c
-- Up-to-date: /root/Luis/camera_zed/Camera_Depth/zed_workspace/install/camera_interface/include/camera_interface/msg/obstacles__type_support.h
-- Up-to-date: /root/Luis/camera_zed/Camera_Depth/zed_workspace/install/camera_interface/include/camera_interface/msg/camera__functions.h
-- Up-to-date: /root/Luis/camera_zed/Camera_Depth/zed_workspace/install/camera_interface/include/camera_interface/msg/nodeupdate__functions.c
-- Up-to-date: /root/Luis/camera_zed/Camera_Depth/zed_workspace/install/camera_interface/lib/libcamera_interface__rosidl_generator_c.so
-- Up-to-date: /root/Luis/camera_zed/Camera_Depth/zed_workspace/install/camera_interface/include/camera_interface
-- Up-to-date: /root/Luis/camera_zed/Camera_Depth/zed_workspace/install/camera_interface/include/camera_interface/msg
-- Up-to-date: /root/Luis/camera_zed/Camera_Depth/zed_workspace/install/camera_interface/include/camera_interface/msg/camera__rosidl_typesupport_fastrtps_cpp.hpp
-- Up-to-date: /root/Luis/camera_zed/Camera_Depth/zed_workspace/install/camera_interface/include/camera_interface/msg/rosidl_typesupport_fastrtps_cpp__visibility_control.h
-- Up-to-date: /root/Luis/camera_zed/Camera_Depth/zed_workspace/install/camera_interface/include/camera_interface/msg/nodeupdate__rosidl_typesupport_fastrtps_cpp.hpp
-- Up-to-date: /root/Luis/camera_zed/Camera_Depth/zed_workspace/install/camera_interface/include/camera_interface/msg/obstacles__rosidl_typesupport_fastrtps_cpp.hpp
-- Up-to-date: /root/Luis/camera_zed/Camera_Depth/zed_workspace/install/camera_interface/include/camera_interface/msg/dds_fastrtps
-- Up-to-date: /root/Luis/camera_zed/Camera_Depth/zed_workspace/install/camera_interface/lib/libcamera_interface__rosidl_typesupport_fastrtps_cpp.so
-- Up-to-date: /root/Luis/camera_zed/Camera_Depth/zed_workspace/install/camera_interface/include/camera_interface
-- Up-to-date: /root/Luis/camera_zed/Camera_Depth/zed_workspace/install/camera_interface/include/camera_interface/msg
-- Up-to-date: /root/Luis/camera_zed/Camera_Depth/zed_workspace/install/camera_interface/include/camera_interface/msg/nodeupdate.hpp
-- Up-to-date: /root/Luis/camera_zed/Camera_Depth/zed_workspace/install/camera_interface/include/camera_interface/msg/nodeupdate__traits.hpp
-- Up-to-date: /root/Luis/camera_zed/Camera_Depth/zed_workspace/install/camera_interface/include/camera_interface/msg/obstacles.hpp
-- Up-to-date: /root/Luis/camera_zed/Camera_Depth/zed_workspace/install/camera_interface/include/camera_interface/msg/camera__traits.hpp
-- Up-to-date: /root/Luis/camera_zed/Camera_Depth/zed_workspace/install/camera_interface/include/camera_interface/msg/camera.hpp
-- Up-to-date: /root/Luis/camera_zed/Camera_Depth/zed_workspace/install/camera_interface/include/camera_interface/msg/nodeupdate__struct.hpp
-- Up-to-date: /root/Luis/camera_zed/Camera_Depth/zed_workspace/install/camera_interface/include/camera_interface/msg/obstacles__traits.hpp
-- Up-to-date: /root/Luis/camera_zed/Camera_Depth/zed_workspace/install/camera_interface/include/camera_interface/msg/obstacles__struct.hpp
-- Up-to-date: /root/Luis/camera_zed/Camera_Depth/zed_workspace/install/camera_interface/include/camera_interface/msg/camera__struct.hpp
-- Up-to-date: /root/Luis/camera_zed/Camera_Depth/zed_workspace/install/camera_interface/include/camera_interface
-- Up-to-date: /root/Luis/camera_zed/Camera_Depth/zed_workspace/install/camera_interface/include/camera_interface/msg
-- Up-to-date: /root/Luis/camera_zed/Camera_Depth/zed_workspace/install/camera_interface/include/camera_interface/msg/rosidl_typesupport_introspection_c__visibility_control.h
-- Up-to-date: /root/Luis/camera_zed/Camera_Depth/zed_workspace/install/camera_interface/include/camera_interface/msg/nodeupdate__rosidl_typesupport_introspection_c.h
-- Up-to-date: /root/Luis/camera_zed/Camera_Depth/zed_workspace/install/camera_interface/include/camera_interface/msg/obstacles__type_support.c
-- Up-to-date: /root/Luis/camera_zed/Camera_Depth/zed_workspace/install/camera_interface/include/camera_interface/msg/nodeupdate__type_support.c
-- Up-to-date: /root/Luis/camera_zed/Camera_Depth/zed_workspace/install/camera_interface/include/camera_interface/msg/obstacles__rosidl_typesupport_introspection_c.h
-- Up-to-date: /root/Luis/camera_zed/Camera_Depth/zed_workspace/install/camera_interface/include/camera_interface/msg/camera__rosidl_typesupport_introspection_c.h
-- Up-to-date: /root/Luis/camera_zed/Camera_Depth/zed_workspace/install/camera_interface/include/camera_interface/msg/camera__type_support.c
-- Up-to-date: /root/Luis/camera_zed/Camera_Depth/zed_workspace/install/camera_interface/lib/libcamera_interface__rosidl_typesupport_introspection_c.so
-- Up-to-date: /root/Luis/camera_zed/Camera_Depth/zed_workspace/install/camera_interface/include/camera_interface
-- Up-to-date: /root/Luis/camera_zed/Camera_Depth/zed_workspace/install/camera_interface/include/camera_interface/msg
-- Up-to-date: /root/Luis/camera_zed/Camera_Depth/zed_workspace/install/camera_interface/include/camera_interface/msg/obstacles__type_support.cpp
-- Up-to-date: /root/Luis/camera_zed/Camera_Depth/zed_workspace/install/camera_interface/include/camera_interface/msg/obstacles__rosidl_typesupport_introspection_cpp.hpp
-- Up-to-date: /root/Luis/camera_zed/Camera_Depth/zed_workspace/install/camera_interface/include/camera_interface/msg/nodeupdate__type_support.cpp
-- Up-to-date: /root/Luis/camera_zed/Camera_Depth/zed_workspace/install/camera_interface/include/camera_interface/msg/camera__rosidl_typesupport_introspection_cpp.hpp
-- Up-to-date: /root/Luis/camera_zed/Camera_Depth/zed_workspace/install/camera_interface/include/camera_interface/msg/camera__type_support.cpp
-- Up-to-date: /root/Luis/camera_zed/Camera_Depth/zed_workspace/install/camera_interface/include/camera_interface/msg/nodeupdate__rosidl_typesupport_introspection_cpp.hpp
-- Up-to-date: /root/Luis/camera_zed/Camera_Depth/zed_workspace/install/camera_interface/lib/libcamera_interface__rosidl_typesupport_introspection_cpp.so
-- Up-to-date: /root/Luis/camera_zed/Camera_Depth/zed_workspace/install/camera_interface/share/camera_interface/environment/pythonpath.sh
-- Up-to-date: /root/Luis/camera_zed/Camera_Depth/zed_workspace/install/camera_interface/share/camera_interface/environment/pythonpath.dsv
-- Up-to-date: /root/Luis/camera_zed/Camera_Depth/zed_workspace/install/camera_interface/lib/python3.6/site-packages/camera_interface/__init__.py
-- Up-to-date: /root/Luis/camera_zed/Camera_Depth/zed_workspace/install/camera_interface/lib/python3.6/site-packages/camera_interface/msg
-- Up-to-date: /root/Luis/camera_zed/Camera_Depth/zed_workspace/install/camera_interface/lib/python3.6/site-packages/camera_interface/msg/_camera_s.c
-- Up-to-date: /root/Luis/camera_zed/Camera_Depth/zed_workspace/install/camera_interface/lib/python3.6/site-packages/camera_interface/msg/_camera.py
-- Up-to-date: /root/Luis/camera_zed/Camera_Depth/zed_workspace/install/camera_interface/lib/python3.6/site-packages/camera_interface/msg/_obstacles_s.c
-- Up-to-date: /root/Luis/camera_zed/Camera_Depth/zed_workspace/install/camera_interface/lib/python3.6/site-packages/camera_interface/msg/_nodeupdate_s.c
-- Up-to-date: /root/Luis/camera_zed/Camera_Depth/zed_workspace/install/camera_interface/lib/python3.6/site-packages/camera_interface/msg/__init__.py
-- Up-to-date: /root/Luis/camera_zed/Camera_Depth/zed_workspace/install/camera_interface/lib/python3.6/site-packages/camera_interface/msg/_obstacles.py
-- Up-to-date: /root/Luis/camera_zed/Camera_Depth/zed_workspace/install/camera_interface/lib/python3.6/site-packages/camera_interface/msg/_nodeupdate.py
-- Up-to-date: /root/Luis/camera_zed/Camera_Depth/zed_workspace/install/camera_interface/lib/python3.6/site-packages/camera_interface/camera_interface_s__rosidl_typesupport_c.cpython-36m-aarch64-linux-gnu.so
-- Up-to-date: /root/Luis/camera_zed/Camera_Depth/zed_workspace/install/camera_interface/lib/python3.6/site-packages/camera_interface/camera_interface_s__rosidl_typesupport_fastrtps_c.cpython-36m-aarch64-linux-gnu.so
-- Up-to-date: /root/Luis/camera_zed/Camera_Depth/zed_workspace/install/camera_interface/lib/libcamera_interface__python.so
-- Up-to-date: /root/Luis/camera_zed/Camera_Depth/zed_workspace/install/camera_interface/share/camera_interface/msg/Camera.idl
-- Up-to-date: /root/Luis/camera_zed/Camera_Depth/zed_workspace/install/camera_interface/share/camera_interface/msg/Obstacles.idl
-- Up-to-date: /root/Luis/camera_zed/Camera_Depth/zed_workspace/install/camera_interface/share/camera_interface/msg/Nodeupdate.idl
-- Up-to-date: /root/Luis/camera_zed/Camera_Depth/zed_workspace/install/camera_interface/share/camera_interface/msg/Camera.msg
-- Up-to-date: /root/Luis/camera_zed/Camera_Depth/zed_workspace/install/camera_interface/share/camera_interface/msg/Obstacles.msg
-- Up-to-date: /root/Luis/camera_zed/Camera_Depth/zed_workspace/install/camera_interface/share/camera_interface/msg/Nodeupdate.msg
-- Up-to-date: /root/Luis/camera_zed/Camera_Depth/zed_workspace/install/camera_interface/share/ament_index/resource_index/package_run_dependencies/camera_interface
-- Up-to-date: /root/Luis/camera_zed/Camera_Depth/zed_workspace/install/camera_interface/share/ament_index/resource_index/parent_prefix_path/camera_interface
-- Up-to-date: /root/Luis/camera_zed/Camera_Depth/zed_workspace/install/camera_interface/share/camera_interface/environment/ament_prefix_path.sh
-- Up-to-date: /root/Luis/camera_zed/Camera_Depth/zed_workspace/install/camera_interface/share/camera_interface/environment/ament_prefix_path.dsv
-- Up-to-date: /root/Luis/camera_zed/Camera_Depth/zed_workspace/install/camera_interface/share/camera_interface/environment/path.sh
-- Up-to-date: /root/Luis/camera_zed/Camera_Depth/zed_workspace/install/camera_interface/share/camera_interface/environment/path.dsv
-- Up-to-date: /root/Luis/camera_zed/Camera_Depth/zed_workspace/install/camera_interface/share/camera_interface/local_setup.bash
-- Up-to-date: /root/Luis/camera_zed/Camera_Depth/zed_workspace/install/camera_interface/share/camera_interface/local_setup.sh
-- Up-to-date: /root/Luis/camera_zed/Camera_Depth/zed_workspace/install/camera_interface/share/camera_interface/local_setup.zsh
-- Up-to-date: /root/Luis/camera_zed/Camera_Depth/zed_workspace/install/camera_interface/share/camera_interface/local_setup.dsv
-- Installing: /root/Luis/camera_zed/Camera_Depth/zed_workspace/install/camera_interface/share/camera_interface/package.dsv
-- Up-to-date: /root/Luis/camera_zed/Camera_Depth/zed_workspace/install/camera_interface/share/ament_index/resource_index/packages/camera_interface
-- Up-to-date: /root/Luis/camera_zed/Camera_Depth/zed_workspace/install/camera_interface/share/camera_interface/cmake/rosidl_cmake-extras.cmake
-- Up-to-date: /root/Luis/camera_zed/Camera_Depth/zed_workspace/install/camera_interface/share/camera_interface/cmake/ament_cmake_export_dependencies-extras.cmake
-- Up-to-date: /root/Luis/camera_zed/Camera_Depth/zed_workspace/install/camera_interface/share/camera_interface/cmake/ament_cmake_export_libraries-extras.cmake
-- Up-to-date: /root/Luis/camera_zed/Camera_Depth/zed_workspace/install/camera_interface/share/camera_interface/cmake/ament_cmake_export_include_directories-extras.cmake
-- Up-to-date: /root/Luis/camera_zed/Camera_Depth/zed_workspace/install/camera_interface/share/camera_interface/cmake/camera_interfaceConfig.cmake
-- Up-to-date: /root/Luis/camera_zed/Camera_Depth/zed_workspace/install/camera_interface/share/camera_interface/cmake/camera_interfaceConfig-version.cmake
-- Up-to-date: /root/Luis/camera_zed/Camera_Depth/zed_workspace/install/camera_interface/share/camera_interface/package.xml
