[4.879s] DEBUG:colcon:Command line arguments: ['/usr/bin/colcon', 'build']
[4.880s] DEBUG:colcon:Parsed command line arguments: Namespace(log_base=None, log_level=None, verb_name='build', build_base='build', install_base='install', merge_install=False, symlink_install=False, test_result_base=None, continue_on_error=False, executor='parallel', parallel_workers=6, event_handlers=None, ignore_user_meta=False, metas=['./colcon.meta'], base_paths=['.'], packages_ignore=None, packages_ignore_regex=None, paths=None, packages_up_to=None, packages_up_to_regex=None, packages_above=None, packages_above_and_dependencies=None, packages_above_depth=None, packages_select_by_dep=None, packages_skip_by_dep=None, packages_skip_up_to=None, packages_select_build_failed=False, packages_skip_build_finished=False, packages_select_test_failures=False, packages_skip_test_passed=False, packages_select=None, packages_skip=None, packages_select_regex=None, packages_skip_regex=None, packages_start=None, packages_end=None, cmake_args=None, cmake_target=None, cmake_target_skip_unavailable=False, cmake_clean_cache=False, cmake_clean_first=False, cmake_force_configure=False, ament_cmake_args=None, catkin_cmake_args=None, catkin_skip_building_tests=False, mixin_files=None, mixin=None, verb_parser=<colcon_mixin.mixin.mixin_argument.MixinArgumentDecorator object at 0x7f8df30760>, verb_extension=<colcon_core.verb.build.BuildVerb object at 0x7f8df60190>, main=<bound method BuildVerb.main of <colcon_core.verb.build.BuildVerb object at 0x7f8df60190>>, mixin_verb=('build',))
[5.091s] Level 1:colcon.colcon_core.package_discovery:discover_packages(colcon_meta) check parameters
[5.095s] INFO:colcon.colcon_metadata.package_discovery.colcon_meta:Using configuration from '/root/.colcon/metadata/default/Gazebo.meta'
[5.098s] INFO:colcon.colcon_metadata.package_discovery.colcon_meta:Using configuration from '/root/.colcon/metadata/default/fastrtps.meta'
[5.099s] Level 1:colcon.colcon_core.package_discovery:discover_packages(recursive) check parameters
[5.099s] Level 1:colcon.colcon_core.package_discovery:discover_packages(ignore) check parameters
[5.099s] Level 1:colcon.colcon_core.package_discovery:discover_packages(path) check parameters
[5.101s] Level 1:colcon.colcon_core.package_discovery:discover_packages(colcon_meta) discover
[5.101s] Level 1:colcon.colcon_core.package_discovery:discover_packages(recursive) discover
[5.101s] INFO:colcon.colcon_core.package_discovery:Crawling recursively for packages in '/root/Luis/Camera_Depth'
[5.102s] Level 1:colcon.colcon_core.package_identification:_identify(.) by extensions ['ignore', 'ignore_ament_install']
[5.102s] Level 1:colcon.colcon_core.package_identification:_identify(.) by extension 'ignore'
[5.103s] Level 1:colcon.colcon_core.package_identification:_identify(.) by extension 'ignore_ament_install'
[5.103s] Level 1:colcon.colcon_core.package_identification:_identify(.) by extensions ['colcon_pkg']
[5.103s] Level 1:colcon.colcon_core.package_identification:_identify(.) by extension 'colcon_pkg'
[5.104s] Level 1:colcon.colcon_core.package_identification:_identify(.) by extensions ['colcon_meta']
[5.104s] Level 1:colcon.colcon_core.package_identification:_identify(.) by extension 'colcon_meta'
[5.104s] Level 1:colcon.colcon_core.package_identification:_identify(.) by extensions ['ros']
[5.104s] Level 1:colcon.colcon_core.package_identification:_identify(.) by extension 'ros'
[5.176s] Level 1:colcon.colcon_core.package_identification:_identify(.) by extensions ['cmake', 'python']
[5.176s] Level 1:colcon.colcon_core.package_identification:_identify(.) by extension 'cmake'
[5.176s] Level 1:colcon.colcon_core.package_identification:_identify(.) by extension 'python'
[5.177s] Level 1:colcon.colcon_core.package_identification:_identify(.) by extensions ['python_setup_py']
[5.177s] Level 1:colcon.colcon_core.package_identification:_identify(.) by extension 'python_setup_py'
[5.178s] Level 1:colcon.colcon_core.package_identification:_identify(build) by extensions ['ignore', 'ignore_ament_install']
[5.178s] Level 1:colcon.colcon_core.package_identification:_identify(build) by extension 'ignore'
[5.178s] Level 1:colcon.colcon_core.package_identification:_identify(build) ignored
[5.179s] Level 1:colcon.colcon_core.package_identification:_identify(install) by extensions ['ignore', 'ignore_ament_install']
[5.179s] Level 1:colcon.colcon_core.package_identification:_identify(install) by extension 'ignore'
[5.180s] Level 1:colcon.colcon_core.package_identification:_identify(install) ignored
[5.180s] Level 1:colcon.colcon_core.package_identification:_identify(log) by extensions ['ignore', 'ignore_ament_install']
[5.181s] Level 1:colcon.colcon_core.package_identification:_identify(log) by extension 'ignore'
[5.181s] Level 1:colcon.colcon_core.package_identification:_identify(log) ignored
[5.181s] Level 1:colcon.colcon_core.package_identification:_identify(src) by extensions ['ignore', 'ignore_ament_install']
[5.182s] Level 1:colcon.colcon_core.package_identification:_identify(src) by extension 'ignore'
[5.182s] Level 1:colcon.colcon_core.package_identification:_identify(src) by extension 'ignore_ament_install'
[5.183s] Level 1:colcon.colcon_core.package_identification:_identify(src) by extensions ['colcon_pkg']
[5.183s] Level 1:colcon.colcon_core.package_identification:_identify(src) by extension 'colcon_pkg'
[5.183s] Level 1:colcon.colcon_core.package_identification:_identify(src) by extensions ['colcon_meta']
[5.183s] Level 1:colcon.colcon_core.package_identification:_identify(src) by extension 'colcon_meta'
[5.183s] Level 1:colcon.colcon_core.package_identification:_identify(src) by extensions ['ros']
[5.184s] Level 1:colcon.colcon_core.package_identification:_identify(src) by extension 'ros'
[5.184s] Level 1:colcon.colcon_core.package_identification:_identify(src) by extensions ['cmake', 'python']
[5.184s] Level 1:colcon.colcon_core.package_identification:_identify(src) by extension 'cmake'
[5.185s] Level 1:colcon.colcon_core.package_identification:_identify(src) by extension 'python'
[5.185s] Level 1:colcon.colcon_core.package_identification:_identify(src) by extensions ['python_setup_py']
[5.185s] Level 1:colcon.colcon_core.package_identification:_identify(src) by extension 'python_setup_py'
[5.186s] Level 1:colcon.colcon_core.package_identification:_identify(src/camera_controller) by extensions ['ignore', 'ignore_ament_install']
[5.187s] Level 1:colcon.colcon_core.package_identification:_identify(src/camera_controller) by extension 'ignore'
[5.187s] Level 1:colcon.colcon_core.package_identification:_identify(src/camera_controller) by extension 'ignore_ament_install'
[5.187s] Level 1:colcon.colcon_core.package_identification:_identify(src/camera_controller) by extensions ['colcon_pkg']
[5.188s] Level 1:colcon.colcon_core.package_identification:_identify(src/camera_controller) by extension 'colcon_pkg'
[5.188s] Level 1:colcon.colcon_core.package_identification:_identify(src/camera_controller) by extensions ['colcon_meta']
[5.188s] Level 1:colcon.colcon_core.package_identification:_identify(src/camera_controller) by extension 'colcon_meta'
[5.188s] Level 1:colcon.colcon_core.package_identification:_identify(src/camera_controller) by extensions ['ros']
[5.189s] Level 1:colcon.colcon_core.package_identification:_identify(src/camera_controller) by extension 'ros'
[5.206s] DEBUG:colcon.colcon_core.package_identification:Package 'src/camera_controller' with type 'ros.ament_python' and name 'camera_controller'
[5.206s] Level 1:colcon.colcon_core.package_discovery:discover_packages(recursive) using defaults
[5.207s] Level 1:colcon.colcon_core.package_discovery:discover_packages(ignore) discover
[5.207s] Level 1:colcon.colcon_core.package_discovery:discover_packages(ignore) using defaults
[5.207s] Level 1:colcon.colcon_core.package_discovery:discover_packages(path) discover
[5.207s] Level 1:colcon.colcon_core.package_discovery:discover_packages(path) using defaults
[5.490s] Level 5:colcon.colcon_core.verb:set package 'camera_controller' build argument 'cmake_args' from command line to 'None'
[5.490s] Level 5:colcon.colcon_core.verb:set package 'camera_controller' build argument 'cmake_target' from command line to 'None'
[5.490s] Level 5:colcon.colcon_core.verb:set package 'camera_controller' build argument 'cmake_target_skip_unavailable' from command line to 'False'
[5.490s] Level 5:colcon.colcon_core.verb:set package 'camera_controller' build argument 'cmake_clean_cache' from command line to 'False'
[5.491s] Level 5:colcon.colcon_core.verb:set package 'camera_controller' build argument 'cmake_clean_first' from command line to 'False'
[5.491s] Level 5:colcon.colcon_core.verb:set package 'camera_controller' build argument 'cmake_force_configure' from command line to 'False'
[5.491s] Level 5:colcon.colcon_core.verb:set package 'camera_controller' build argument 'ament_cmake_args' from command line to 'None'
[5.491s] Level 5:colcon.colcon_core.verb:set package 'camera_controller' build argument 'catkin_cmake_args' from command line to 'None'
[5.491s] Level 5:colcon.colcon_core.verb:set package 'camera_controller' build argument 'catkin_skip_building_tests' from command line to 'False'
[5.491s] DEBUG:colcon.colcon_core.verb:Building package 'camera_controller' with the following arguments: {'ament_cmake_args': None, 'build_base': '/root/Luis/Camera_Depth/build/camera_controller', 'catkin_cmake_args': None, 'catkin_skip_building_tests': False, 'cmake_args': None, 'cmake_clean_cache': False, 'cmake_clean_first': False, 'cmake_force_configure': False, 'cmake_target': None, 'cmake_target_skip_unavailable': False, 'install_base': '/root/Luis/Camera_Depth/install/camera_controller', 'merge_install': False, 'path': '/root/Luis/Camera_Depth/src/camera_controller', 'symlink_install': False, 'test_result_base': None}
[5.533s] INFO:colcon.colcon_core.executor:Executing jobs using 'parallel' executor
[5.574s] DEBUG:colcon.colcon_parallel_executor.executor.parallel:run_until_complete
[5.576s] INFO:colcon.colcon_ros.task.ament_python.build:Building ROS package in '/root/Luis/Camera_Depth/src/camera_controller' with build type 'ament_python'
[5.577s] Level 1:colcon.colcon_core.shell:create_environment_hook('camera_controller', 'ament_prefix_path')
[5.634s] INFO:colcon.colcon_core.plugin_system:Skipping extension 'colcon_core.shell.bat': Not used on non-Windows systems
[5.635s] INFO:colcon.colcon_core.shell:Creating environment hook '/root/Luis/Camera_Depth/install/camera_controller/share/camera_controller/hook/ament_prefix_path.ps1'
[5.640s] INFO:colcon.colcon_core.shell:Creating environment descriptor '/root/Luis/Camera_Depth/install/camera_controller/share/camera_controller/hook/ament_prefix_path.dsv'
[5.643s] INFO:colcon.colcon_core.shell:Creating environment hook '/root/Luis/Camera_Depth/install/camera_controller/share/camera_controller/hook/ament_prefix_path.sh'
[5.692s] INFO:colcon.colcon_core.shell:Skip shell extension 'powershell' for command environment: Not usable outside of PowerShell
[5.692s] DEBUG:colcon.colcon_core.shell:Skip shell extension 'dsv' for command environment
[6.942s] INFO:colcon.colcon_core.task.python.build:Building Python package in '/root/Luis/Camera_Depth/src/camera_controller'
[7.002s] INFO:colcon.colcon_core.shell:Skip shell extension 'powershell' for command environment: Not usable outside of PowerShell
[7.003s] DEBUG:colcon.colcon_core.shell:Skip shell extension 'dsv' for command environment
[8.734s] DEBUG:colcon.colcon_core.event_handler.log_command:Invoking command in '/root/Luis/Camera_Depth/src/camera_controller': PYTHONPATH=/root/Luis/Camera_Depth/build/camera_controller/prefix_override:/root/Luis/Camera_Depth/install/camera_controller/lib/python3.10/site-packages:${PYTHONPATH} /usr/bin/python3 setup.py egg_info --egg-base ../../build/camera_controller build --build-base /root/Luis/Camera_Depth/build/camera_controller/build install --record /root/Luis/Camera_Depth/build/camera_controller/install.log --single-version-externally-managed
[10.030s] DEBUG:colcon.colcon_core.event_handler.log_command:Invoked command in '/root/Luis/Camera_Depth/src/camera_controller' returned '0': PYTHONPATH=/root/Luis/Camera_Depth/build/camera_controller/prefix_override:/root/Luis/Camera_Depth/install/camera_controller/lib/python3.10/site-packages:${PYTHONPATH} /usr/bin/python3 setup.py egg_info --egg-base ../../build/camera_controller build --build-base /root/Luis/Camera_Depth/build/camera_controller/build install --record /root/Luis/Camera_Depth/build/camera_controller/install.log --single-version-externally-managed
[10.094s] Level 1:colcon.colcon_core.environment:checking '/root/Luis/Camera_Depth/install/camera_controller' for CMake module files
[10.097s] Level 1:colcon.colcon_core.environment:checking '/root/Luis/Camera_Depth/install/camera_controller' for CMake config files
[10.100s] Level 1:colcon.colcon_core.environment:checking '/root/Luis/Camera_Depth/install/camera_controller/lib'
[10.101s] Level 1:colcon.colcon_core.environment:checking '/root/Luis/Camera_Depth/install/camera_controller/bin'
[10.101s] Level 1:colcon.colcon_core.environment:checking '/root/Luis/Camera_Depth/install/camera_controller/lib/pkgconfig/camera_controller.pc'
[10.102s] Level 1:colcon.colcon_core.environment:checking '/root/Luis/Camera_Depth/install/camera_controller/lib/python3.10/site-packages'
[10.103s] Level 1:colcon.colcon_core.shell:create_environment_hook('camera_controller', 'pythonpath')
[10.150s] INFO:colcon.colcon_core.shell:Creating environment hook '/root/Luis/Camera_Depth/install/camera_controller/share/camera_controller/hook/pythonpath.ps1'
[10.152s] INFO:colcon.colcon_core.shell:Creating environment descriptor '/root/Luis/Camera_Depth/install/camera_controller/share/camera_controller/hook/pythonpath.dsv'
[10.154s] INFO:colcon.colcon_core.shell:Creating environment hook '/root/Luis/Camera_Depth/install/camera_controller/share/camera_controller/hook/pythonpath.sh'
[10.156s] Level 1:colcon.colcon_core.environment:checking '/root/Luis/Camera_Depth/install/camera_controller/bin'
[10.157s] Level 1:colcon.colcon_core.environment:create_environment_scripts_only(camera_controller)
[10.200s] INFO:colcon.colcon_core.shell:Creating package script '/root/Luis/Camera_Depth/install/camera_controller/share/camera_controller/package.ps1'
[10.205s] INFO:colcon.colcon_core.shell:Creating package descriptor '/root/Luis/Camera_Depth/install/camera_controller/share/camera_controller/package.dsv'
[10.209s] INFO:colcon.colcon_core.shell:Creating package script '/root/Luis/Camera_Depth/install/camera_controller/share/camera_controller/package.sh'
[10.214s] INFO:colcon.colcon_core.shell:Creating package script '/root/Luis/Camera_Depth/install/camera_controller/share/camera_controller/package.bash'
[10.218s] INFO:colcon.colcon_core.shell:Creating package script '/root/Luis/Camera_Depth/install/camera_controller/share/camera_controller/package.zsh'
[10.223s] Level 1:colcon.colcon_core.environment:create_file_with_runtime_dependencies(/root/Luis/Camera_Depth/install/camera_controller/share/colcon-core/packages/camera_controller)
[10.224s] DEBUG:colcon.colcon_parallel_executor.executor.parallel:closing loop
[10.225s] DEBUG:colcon.colcon_parallel_executor.executor.parallel:loop closed
[10.225s] DEBUG:colcon.colcon_parallel_executor.executor.parallel:run_until_complete finished with '0'
[10.225s] DEBUG:colcon.colcon_core.event_reactor:joining thread
[10.340s] INFO:colcon.colcon_core.plugin_system:Skipping extension 'colcon_notification.desktop_notification.notify_send': Could not find 'notify-send'
[10.341s] INFO:colcon.colcon_core.plugin_system:Skipping extension 'colcon_notification.desktop_notification.terminal_notifier': Not used on non-Darwin systems
[10.341s] INFO:colcon.colcon_core.plugin_system:Skipping extension 'colcon_notification.desktop_notification.win32': Not used on non-Windows systems
[10.341s] INFO:colcon.colcon_notification.desktop_notification:Sending desktop notification using 'notify2'
[10.347s] DEBUG:colcon.colcon_notification.desktop_notification.notify2:Failed to initialize notify2: org.freedesktop.DBus.Error.InvalidFileContent: D-Bus library appears to be incorrectly set up: see the manual page for dbus-uuidgen to correct this issue. (Failed to open "/var/lib/dbus/machine-id": No such file or directory; UUID file '/etc/machine-id' should contain a hex string of length 32, not length 0, with no other text)
[10.348s] DEBUG:colcon.colcon_core.event_reactor:joined thread
[10.394s] INFO:colcon.colcon_core.shell:Creating prefix script '/root/Luis/Camera_Depth/install/local_setup.ps1'
[10.398s] INFO:colcon.colcon_core.shell:Creating prefix util module '/root/Luis/Camera_Depth/install/_local_setup_util_ps1.py'
[10.406s] INFO:colcon.colcon_core.shell:Creating prefix chain script '/root/Luis/Camera_Depth/install/setup.ps1'
[10.450s] INFO:colcon.colcon_core.shell:Creating prefix script '/root/Luis/Camera_Depth/install/local_setup.sh'
[10.454s] INFO:colcon.colcon_core.shell:Creating prefix util module '/root/Luis/Camera_Depth/install/_local_setup_util_sh.py'
[10.457s] INFO:colcon.colcon_core.shell:Creating prefix chain script '/root/Luis/Camera_Depth/install/setup.sh'
[10.503s] INFO:colcon.colcon_core.shell:Creating prefix script '/root/Luis/Camera_Depth/install/local_setup.bash'
[10.506s] INFO:colcon.colcon_core.shell:Creating prefix chain script '/root/Luis/Camera_Depth/install/setup.bash'
[10.557s] INFO:colcon.colcon_core.shell:Creating prefix script '/root/Luis/Camera_Depth/install/local_setup.zsh'
[10.560s] INFO:colcon.colcon_core.shell:Creating prefix chain script '/root/Luis/Camera_Depth/install/setup.zsh'
