[1.113s] DEBUG:colcon:Command line arguments: ['/usr/bin/colcon', 'build']
[1.116s] DEBUG:colcon:Parsed command line arguments: Namespace(allow_overriding=[], ament_cmake_args=None, base_paths=['.'], build_base='build', catkin_cmake_args=None, catkin_skip_building_tests=False, cmake_args=None, cmake_clean_cache=False, cmake_clean_first=False, cmake_force_configure=False, cmake_target=None, cmake_target_skip_unavailable=False, continue_on_error=False, event_handlers=None, executor='parallel', ignore_user_meta=False, install_base='install', log_base=None, log_level=None, main=<bound method BuildVerb.main of <colcon_core.verb.build.BuildVerb object at 0x7f788b3710>>, merge_install=False, metas=['./colcon.meta'], packages_above=None, packages_above_and_dependencies=None, packages_above_depth=None, packages_end=None, packages_ignore=None, packages_ignore_regex=None, packages_select=None, packages_select_build_failed=False, packages_select_by_dep=None, packages_select_regex=None, packages_select_test_failures=False, packages_skip=None, packages_skip_build_finished=False, packages_skip_by_dep=None, packages_skip_regex=None, packages_skip_test_passed=False, packages_skip_up_to=None, packages_start=None, packages_up_to=None, packages_up_to_regex=None, parallel_workers=6, paths=None, symlink_install=False, test_result_base=None, verb_extension=<colcon_core.verb.build.BuildVerb object at 0x7f788b3710>, verb_name='build', verb_parser=<colcon_defaults.argument_parser.defaults.DefaultArgumentsDecorator object at 0x7f7871e080>)
[1.137s] Level 1:colcon.colcon_core.package_discovery:discover_packages(colcon_meta) check parameters
[1.138s] Level 1:colcon.colcon_core.package_discovery:discover_packages(recursive) check parameters
[1.138s] Level 1:colcon.colcon_core.package_discovery:discover_packages(ignore) check parameters
[1.138s] Level 1:colcon.colcon_core.package_discovery:discover_packages(path) check parameters
[1.138s] Level 1:colcon.colcon_core.package_discovery:discover_packages(colcon_meta) discover
[1.139s] Level 1:colcon.colcon_core.package_discovery:discover_packages(recursive) discover
[1.140s] INFO:colcon.colcon_core.package_discovery:Crawling recursively for packages in '/root/Luis/camera_zed/Camera_Depth/zed_workspace'
[1.140s] Level 1:colcon.colcon_core.package_identification:_identify(.) by extensions ['ignore', 'ignore_ament_install']
[1.141s] Level 1:colcon.colcon_core.package_identification:_identify(.) by extension 'ignore'
[1.141s] Level 1:colcon.colcon_core.package_identification:_identify(.) by extension 'ignore_ament_install'
[1.141s] Level 1:colcon.colcon_core.package_identification:_identify(.) by extensions ['colcon_pkg']
[1.141s] Level 1:colcon.colcon_core.package_identification:_identify(.) by extension 'colcon_pkg'
[1.142s] Level 1:colcon.colcon_core.package_identification:_identify(.) by extensions ['colcon_meta']
[1.142s] Level 1:colcon.colcon_core.package_identification:_identify(.) by extension 'colcon_meta'
[1.142s] Level 1:colcon.colcon_core.package_identification:_identify(.) by extensions ['ros']
[1.142s] Level 1:colcon.colcon_core.package_identification:_identify(.) by extension 'ros'
[1.192s] Level 1:colcon.colcon_core.package_identification:_identify(.) by extensions ['cmake', 'python']
[1.193s] Level 1:colcon.colcon_core.package_identification:_identify(.) by extension 'cmake'
[1.193s] Level 1:colcon.colcon_core.package_identification:_identify(.) by extension 'python'
[1.194s] Level 1:colcon.colcon_core.package_identification:_identify(.) by extensions ['python_setup_py']
[1.194s] Level 1:colcon.colcon_core.package_identification:_identify(.) by extension 'python_setup_py'
[1.194s] Level 1:colcon.colcon_core.package_identification:_identify(build) by extensions ['ignore', 'ignore_ament_install']
[1.195s] Level 1:colcon.colcon_core.package_identification:_identify(build) by extension 'ignore'
[1.195s] Level 1:colcon.colcon_core.package_identification:_identify(build) ignored
[1.197s] Level 1:colcon.colcon_core.package_identification:_identify(install) by extensions ['ignore', 'ignore_ament_install']
[1.197s] Level 1:colcon.colcon_core.package_identification:_identify(install) by extension 'ignore'
[1.198s] Level 1:colcon.colcon_core.package_identification:_identify(install) ignored
[1.198s] Level 1:colcon.colcon_core.package_identification:_identify(log) by extensions ['ignore', 'ignore_ament_install']
[1.199s] Level 1:colcon.colcon_core.package_identification:_identify(log) by extension 'ignore'
[1.199s] Level 1:colcon.colcon_core.package_identification:_identify(log) ignored
[1.199s] Level 1:colcon.colcon_core.package_identification:_identify(src) by extensions ['ignore', 'ignore_ament_install']
[1.200s] Level 1:colcon.colcon_core.package_identification:_identify(src) by extension 'ignore'
[1.200s] Level 1:colcon.colcon_core.package_identification:_identify(src) by extension 'ignore_ament_install'
[1.200s] Level 1:colcon.colcon_core.package_identification:_identify(src) by extensions ['colcon_pkg']
[1.200s] Level 1:colcon.colcon_core.package_identification:_identify(src) by extension 'colcon_pkg'
[1.201s] Level 1:colcon.colcon_core.package_identification:_identify(src) by extensions ['colcon_meta']
[1.201s] Level 1:colcon.colcon_core.package_identification:_identify(src) by extension 'colcon_meta'
[1.201s] Level 1:colcon.colcon_core.package_identification:_identify(src) by extensions ['ros']
[1.201s] Level 1:colcon.colcon_core.package_identification:_identify(src) by extension 'ros'
[1.202s] Level 1:colcon.colcon_core.package_identification:_identify(src) by extensions ['cmake', 'python']
[1.202s] Level 1:colcon.colcon_core.package_identification:_identify(src) by extension 'cmake'
[1.202s] Level 1:colcon.colcon_core.package_identification:_identify(src) by extension 'python'
[1.203s] Level 1:colcon.colcon_core.package_identification:_identify(src) by extensions ['python_setup_py']
[1.203s] Level 1:colcon.colcon_core.package_identification:_identify(src) by extension 'python_setup_py'
[1.203s] Level 1:colcon.colcon_core.package_identification:_identify(src/camera_controller) by extensions ['ignore', 'ignore_ament_install']
[1.204s] Level 1:colcon.colcon_core.package_identification:_identify(src/camera_controller) by extension 'ignore'
[1.204s] Level 1:colcon.colcon_core.package_identification:_identify(src/camera_controller) by extension 'ignore_ament_install'
[1.204s] Level 1:colcon.colcon_core.package_identification:_identify(src/camera_controller) by extensions ['colcon_pkg']
[1.204s] Level 1:colcon.colcon_core.package_identification:_identify(src/camera_controller) by extension 'colcon_pkg'
[1.205s] Level 1:colcon.colcon_core.package_identification:_identify(src/camera_controller) by extensions ['colcon_meta']
[1.205s] Level 1:colcon.colcon_core.package_identification:_identify(src/camera_controller) by extension 'colcon_meta'
[1.205s] Level 1:colcon.colcon_core.package_identification:_identify(src/camera_controller) by extensions ['ros']
[1.205s] Level 1:colcon.colcon_core.package_identification:_identify(src/camera_controller) by extension 'ros'
[1.217s] DEBUG:colcon.colcon_core.package_identification:Package 'src/camera_controller' with type 'ros.ament_python' and name 'camera_controller'
[1.218s] Level 1:colcon.colcon_core.package_identification:_identify(src/camera_interface) by extensions ['ignore', 'ignore_ament_install']
[1.219s] Level 1:colcon.colcon_core.package_identification:_identify(src/camera_interface) by extension 'ignore'
[1.219s] Level 1:colcon.colcon_core.package_identification:_identify(src/camera_interface) by extension 'ignore_ament_install'
[1.219s] Level 1:colcon.colcon_core.package_identification:_identify(src/camera_interface) by extensions ['colcon_pkg']
[1.219s] Level 1:colcon.colcon_core.package_identification:_identify(src/camera_interface) by extension 'colcon_pkg'
[1.220s] Level 1:colcon.colcon_core.package_identification:_identify(src/camera_interface) by extensions ['colcon_meta']
[1.220s] Level 1:colcon.colcon_core.package_identification:_identify(src/camera_interface) by extension 'colcon_meta'
[1.220s] Level 1:colcon.colcon_core.package_identification:_identify(src/camera_interface) by extensions ['ros']
[1.220s] Level 1:colcon.colcon_core.package_identification:_identify(src/camera_interface) by extension 'ros'
[1.223s] DEBUG:colcon.colcon_core.package_identification:Package 'src/camera_interface' with type 'ros.ament_cmake' and name 'camera_interface'
[1.223s] Level 1:colcon.colcon_core.package_discovery:discover_packages(recursive) using defaults
[1.224s] Level 1:colcon.colcon_core.package_discovery:discover_packages(ignore) discover
[1.224s] Level 1:colcon.colcon_core.package_discovery:discover_packages(ignore) using defaults
[1.224s] Level 1:colcon.colcon_core.package_discovery:discover_packages(path) discover
[1.225s] Level 1:colcon.colcon_core.package_discovery:discover_packages(path) using defaults
[1.356s] Level 5:colcon.colcon_core.verb:set package 'camera_interface' build argument 'cmake_args' from command line to 'None'
[1.356s] Level 5:colcon.colcon_core.verb:set package 'camera_interface' build argument 'cmake_target' from command line to 'None'
[1.357s] Level 5:colcon.colcon_core.verb:set package 'camera_interface' build argument 'cmake_target_skip_unavailable' from command line to 'False'
[1.357s] Level 5:colcon.colcon_core.verb:set package 'camera_interface' build argument 'cmake_clean_cache' from command line to 'False'
[1.357s] Level 5:colcon.colcon_core.verb:set package 'camera_interface' build argument 'cmake_clean_first' from command line to 'False'
[1.357s] Level 5:colcon.colcon_core.verb:set package 'camera_interface' build argument 'cmake_force_configure' from command line to 'False'
[1.357s] Level 5:colcon.colcon_core.verb:set package 'camera_interface' build argument 'ament_cmake_args' from command line to 'None'
[1.357s] Level 5:colcon.colcon_core.verb:set package 'camera_interface' build argument 'catkin_cmake_args' from command line to 'None'
[1.358s] Level 5:colcon.colcon_core.verb:set package 'camera_interface' build argument 'catkin_skip_building_tests' from command line to 'False'
[1.358s] DEBUG:colcon.colcon_core.verb:Building package 'camera_interface' with the following arguments: {'ament_cmake_args': None, 'build_base': '/root/Luis/camera_zed/Camera_Depth/zed_workspace/build/camera_interface', 'catkin_cmake_args': None, 'catkin_skip_building_tests': False, 'cmake_args': None, 'cmake_clean_cache': False, 'cmake_clean_first': False, 'cmake_force_configure': False, 'cmake_target': None, 'cmake_target_skip_unavailable': False, 'install_base': '/root/Luis/camera_zed/Camera_Depth/zed_workspace/install/camera_interface', 'merge_install': False, 'path': '/root/Luis/camera_zed/Camera_Depth/zed_workspace/src/camera_interface', 'symlink_install': False, 'test_result_base': None}
[1.361s] Level 5:colcon.colcon_core.verb:set package 'camera_controller' build argument 'cmake_args' from command line to 'None'
[1.361s] Level 5:colcon.colcon_core.verb:set package 'camera_controller' build argument 'cmake_target' from command line to 'None'
[1.362s] Level 5:colcon.colcon_core.verb:set package 'camera_controller' build argument 'cmake_target_skip_unavailable' from command line to 'False'
[1.362s] Level 5:colcon.colcon_core.verb:set package 'camera_controller' build argument 'cmake_clean_cache' from command line to 'False'
[1.362s] Level 5:colcon.colcon_core.verb:set package 'camera_controller' build argument 'cmake_clean_first' from command line to 'False'
[1.362s] Level 5:colcon.colcon_core.verb:set package 'camera_controller' build argument 'cmake_force_configure' from command line to 'False'
[1.362s] Level 5:colcon.colcon_core.verb:set package 'camera_controller' build argument 'ament_cmake_args' from command line to 'None'
[1.362s] Level 5:colcon.colcon_core.verb:set package 'camera_controller' build argument 'catkin_cmake_args' from command line to 'None'
[1.362s] Level 5:colcon.colcon_core.verb:set package 'camera_controller' build argument 'catkin_skip_building_tests' from command line to 'False'
[1.363s] DEBUG:colcon.colcon_core.verb:Building package 'camera_controller' with the following arguments: {'ament_cmake_args': None, 'build_base': '/root/Luis/camera_zed/Camera_Depth/zed_workspace/build/camera_controller', 'catkin_cmake_args': None, 'catkin_skip_building_tests': False, 'cmake_args': None, 'cmake_clean_cache': False, 'cmake_clean_first': False, 'cmake_force_configure': False, 'cmake_target': None, 'cmake_target_skip_unavailable': False, 'install_base': '/root/Luis/camera_zed/Camera_Depth/zed_workspace/install/camera_controller', 'merge_install': False, 'path': '/root/Luis/camera_zed/Camera_Depth/zed_workspace/src/camera_controller', 'symlink_install': False, 'test_result_base': None}
[1.367s] WARNING:colcon.colcon_core.prefix_path.colcon:The path '/home/zed_workspace/install' in the environment variable COLCON_PREFIX_PATH doesn't exist
[1.367s] WARNING:colcon.colcon_ros.prefix_path.ament:The path '/home/zed_workspace/install/camera_controller' in the environment variable AMENT_PREFIX_PATH doesn't exist
[1.367s] WARNING:colcon.colcon_ros.prefix_path.ament:The path '/home/zed_workspace/install/camera_interface' in the environment variable AMENT_PREFIX_PATH doesn't exist
[1.368s] WARNING:colcon.colcon_ros.prefix_path.catkin:The path '/home/zed_workspace/install/camera_interface' in the environment variable CMAKE_PREFIX_PATH doesn't exist
[1.376s] INFO:colcon.colcon_core.executor:Executing jobs using 'parallel' executor
[1.388s] DEBUG:colcon.colcon_parallel_executor.executor.parallel:run_until_complete
[1.390s] INFO:colcon.colcon_ros.task.ament_cmake.build:Building ROS package in '/root/Luis/camera_zed/Camera_Depth/zed_workspace/src/camera_interface' with build type 'ament_cmake'
[1.391s] INFO:colcon.colcon_cmake.task.cmake.build:Building CMake package in '/root/Luis/camera_zed/Camera_Depth/zed_workspace/src/camera_interface'
[1.409s] INFO:colcon.colcon_core.plugin_system:Skipping extension 'colcon_core.shell.bat': Not used on non-Windows systems
[1.410s] INFO:colcon.colcon_core.shell:Skip shell extension 'powershell' for command environment: Not usable outside of PowerShell
[1.411s] DEBUG:colcon.colcon_core.shell:Skip shell extension 'dsv' for command environment
[1.458s] DEBUG:colcon.colcon_core.event_handler.log_command:Invoking command in '/root/Luis/camera_zed/Camera_Depth/zed_workspace/build/camera_interface': CMAKE_PREFIX_PATH=${CMAKE_PREFIX_PATH}:/home/zed_workspace/install/camera_controller:/opt/ros/eloquent /usr/bin/cmake /root/Luis/camera_zed/Camera_Depth/zed_workspace/src/camera_interface -DCMAKE_INSTALL_PREFIX=/root/Luis/camera_zed/Camera_Depth/zed_workspace/install/camera_interface
[11.968s] DEBUG:colcon.colcon_core.event_handler.log_command:Invoked command in '/root/Luis/camera_zed/Camera_Depth/zed_workspace/build/camera_interface' returned '0': CMAKE_PREFIX_PATH=${CMAKE_PREFIX_PATH}:/home/zed_workspace/install/camera_controller:/opt/ros/eloquent /usr/bin/cmake /root/Luis/camera_zed/Camera_Depth/zed_workspace/src/camera_interface -DCMAKE_INSTALL_PREFIX=/root/Luis/camera_zed/Camera_Depth/zed_workspace/install/camera_interface
[11.970s] DEBUG:colcon.colcon_core.event_handler.log_command:Invoking command in '/root/Luis/camera_zed/Camera_Depth/zed_workspace/build/camera_interface': CMAKE_PREFIX_PATH=${CMAKE_PREFIX_PATH}:/home/zed_workspace/install/camera_controller:/opt/ros/eloquent /usr/bin/cmake --build /root/Luis/camera_zed/Camera_Depth/zed_workspace/build/camera_interface -- -j6 -l6
[28.690s] DEBUG:colcon.colcon_core.event_handler.log_command:Invoked command in '/root/Luis/camera_zed/Camera_Depth/zed_workspace/build/camera_interface' returned '0': CMAKE_PREFIX_PATH=${CMAKE_PREFIX_PATH}:/home/zed_workspace/install/camera_controller:/opt/ros/eloquent /usr/bin/cmake --build /root/Luis/camera_zed/Camera_Depth/zed_workspace/build/camera_interface -- -j6 -l6
[29.081s] DEBUG:colcon.colcon_core.event_handler.log_command:Invoking command in '/root/Luis/camera_zed/Camera_Depth/zed_workspace/build/camera_interface': CMAKE_PREFIX_PATH=${CMAKE_PREFIX_PATH}:/home/zed_workspace/install/camera_controller:/opt/ros/eloquent /usr/bin/cmake --build /root/Luis/camera_zed/Camera_Depth/zed_workspace/build/camera_interface --target install -- -j6 -l6
[30.402s] Level 1:colcon.colcon_core.environment:create_environment_scripts_only(camera_interface)
[30.412s] DEBUG:colcon.colcon_core.event_handler.log_command:Invoked command in '/root/Luis/camera_zed/Camera_Depth/zed_workspace/build/camera_interface' returned '0': CMAKE_PREFIX_PATH=${CMAKE_PREFIX_PATH}:/home/zed_workspace/install/camera_controller:/opt/ros/eloquent /usr/bin/cmake --build /root/Luis/camera_zed/Camera_Depth/zed_workspace/build/camera_interface --target install -- -j6 -l6
[30.427s] Level 1:colcon.colcon_core.environment:checking '/root/Luis/camera_zed/Camera_Depth/zed_workspace/install/camera_interface' for CMake module files
[30.430s] Level 1:colcon.colcon_core.environment:checking '/root/Luis/camera_zed/Camera_Depth/zed_workspace/install/camera_interface' for CMake config files
[30.432s] Level 1:colcon.colcon_core.shell:create_environment_hook('camera_interface', 'cmake_prefix_path')
[30.435s] INFO:colcon.colcon_core.shell:Creating environment hook '/root/Luis/camera_zed/Camera_Depth/zed_workspace/install/camera_interface/share/camera_interface/hook/cmake_prefix_path.ps1'
[30.438s] INFO:colcon.colcon_core.shell:Creating environment descriptor '/root/Luis/camera_zed/Camera_Depth/zed_workspace/install/camera_interface/share/camera_interface/hook/cmake_prefix_path.dsv'
[30.440s] INFO:colcon.colcon_core.shell:Creating environment hook '/root/Luis/camera_zed/Camera_Depth/zed_workspace/install/camera_interface/share/camera_interface/hook/cmake_prefix_path.sh'
[30.447s] Level 1:colcon.colcon_core.environment:checking '/root/Luis/camera_zed/Camera_Depth/zed_workspace/install/camera_interface/lib'
[30.447s] Level 1:colcon.colcon_core.shell:create_environment_hook('camera_interface', 'ld_library_path_lib')
[30.450s] INFO:colcon.colcon_core.shell:Creating environment hook '/root/Luis/camera_zed/Camera_Depth/zed_workspace/install/camera_interface/share/camera_interface/hook/ld_library_path_lib.ps1'
[30.452s] INFO:colcon.colcon_core.shell:Creating environment descriptor '/root/Luis/camera_zed/Camera_Depth/zed_workspace/install/camera_interface/share/camera_interface/hook/ld_library_path_lib.dsv'
[30.453s] INFO:colcon.colcon_core.shell:Creating environment hook '/root/Luis/camera_zed/Camera_Depth/zed_workspace/install/camera_interface/share/camera_interface/hook/ld_library_path_lib.sh'
[30.454s] Level 1:colcon.colcon_core.environment:checking '/root/Luis/camera_zed/Camera_Depth/zed_workspace/install/camera_interface/bin'
[30.455s] Level 1:colcon.colcon_core.environment:checking '/root/Luis/camera_zed/Camera_Depth/zed_workspace/install/camera_interface/lib/pkgconfig/camera_interface.pc'
[30.455s] Level 1:colcon.colcon_core.environment:checking '/root/Luis/camera_zed/Camera_Depth/zed_workspace/install/camera_interface/lib/python3.6/site-packages'
[30.455s] Level 1:colcon.colcon_core.shell:create_environment_hook('camera_interface', 'pythonpath')
[30.457s] INFO:colcon.colcon_core.shell:Creating environment hook '/root/Luis/camera_zed/Camera_Depth/zed_workspace/install/camera_interface/share/camera_interface/hook/pythonpath.ps1'
[30.459s] INFO:colcon.colcon_core.shell:Creating environment descriptor '/root/Luis/camera_zed/Camera_Depth/zed_workspace/install/camera_interface/share/camera_interface/hook/pythonpath.dsv'
[30.460s] INFO:colcon.colcon_core.shell:Creating environment hook '/root/Luis/camera_zed/Camera_Depth/zed_workspace/install/camera_interface/share/camera_interface/hook/pythonpath.sh'
[30.464s] INFO:colcon.colcon_core.shell:Creating package script '/root/Luis/camera_zed/Camera_Depth/zed_workspace/install/camera_interface/share/camera_interface/package.ps1'
[30.469s] INFO:colcon.colcon_core.shell:Creating package descriptor '/root/Luis/camera_zed/Camera_Depth/zed_workspace/install/camera_interface/share/camera_interface/package.dsv'
[30.471s] INFO:colcon.colcon_core.shell:Creating package script '/root/Luis/camera_zed/Camera_Depth/zed_workspace/install/camera_interface/share/camera_interface/package.sh'
[30.475s] INFO:colcon.colcon_core.shell:Creating package script '/root/Luis/camera_zed/Camera_Depth/zed_workspace/install/camera_interface/share/camera_interface/package.bash'
[30.479s] INFO:colcon.colcon_core.shell:Creating package script '/root/Luis/camera_zed/Camera_Depth/zed_workspace/install/camera_interface/share/camera_interface/package.zsh'
[30.483s] Level 1:colcon.colcon_core.environment:create_file_with_runtime_dependencies(/root/Luis/camera_zed/Camera_Depth/zed_workspace/install/camera_interface/share/colcon-core/packages/camera_interface)
[30.823s] Level 1:colcon.colcon_core.environment:create_environment_scripts_only(camera_interface)
[30.829s] Level 1:colcon.colcon_core.environment:checking '/root/Luis/camera_zed/Camera_Depth/zed_workspace/install/camera_interface' for CMake module files
[30.833s] Level 1:colcon.colcon_core.environment:checking '/root/Luis/camera_zed/Camera_Depth/zed_workspace/install/camera_interface' for CMake config files
[30.836s] Level 1:colcon.colcon_core.shell:create_environment_hook('camera_interface', 'cmake_prefix_path')
[30.840s] INFO:colcon.colcon_core.shell:Creating environment hook '/root/Luis/camera_zed/Camera_Depth/zed_workspace/install/camera_interface/share/camera_interface/hook/cmake_prefix_path.ps1'
[30.842s] INFO:colcon.colcon_core.shell:Creating environment descriptor '/root/Luis/camera_zed/Camera_Depth/zed_workspace/install/camera_interface/share/camera_interface/hook/cmake_prefix_path.dsv'
[30.844s] INFO:colcon.colcon_core.shell:Creating environment hook '/root/Luis/camera_zed/Camera_Depth/zed_workspace/install/camera_interface/share/camera_interface/hook/cmake_prefix_path.sh'
[30.848s] Level 1:colcon.colcon_core.environment:checking '/root/Luis/camera_zed/Camera_Depth/zed_workspace/install/camera_interface/lib'
[30.849s] Level 1:colcon.colcon_core.shell:create_environment_hook('camera_interface', 'ld_library_path_lib')
[30.851s] INFO:colcon.colcon_core.shell:Creating environment hook '/root/Luis/camera_zed/Camera_Depth/zed_workspace/install/camera_interface/share/camera_interface/hook/ld_library_path_lib.ps1'
[30.853s] INFO:colcon.colcon_core.shell:Creating environment descriptor '/root/Luis/camera_zed/Camera_Depth/zed_workspace/install/camera_interface/share/camera_interface/hook/ld_library_path_lib.dsv'
[30.854s] INFO:colcon.colcon_core.shell:Creating environment hook '/root/Luis/camera_zed/Camera_Depth/zed_workspace/install/camera_interface/share/camera_interface/hook/ld_library_path_lib.sh'
[30.855s] Level 1:colcon.colcon_core.environment:checking '/root/Luis/camera_zed/Camera_Depth/zed_workspace/install/camera_interface/bin'
[30.856s] Level 1:colcon.colcon_core.environment:checking '/root/Luis/camera_zed/Camera_Depth/zed_workspace/install/camera_interface/lib/pkgconfig/camera_interface.pc'
[30.857s] Level 1:colcon.colcon_core.environment:checking '/root/Luis/camera_zed/Camera_Depth/zed_workspace/install/camera_interface/lib/python3.6/site-packages'
[30.857s] Level 1:colcon.colcon_core.shell:create_environment_hook('camera_interface', 'pythonpath')
[30.859s] INFO:colcon.colcon_core.shell:Creating environment hook '/root/Luis/camera_zed/Camera_Depth/zed_workspace/install/camera_interface/share/camera_interface/hook/pythonpath.ps1'
[30.861s] INFO:colcon.colcon_core.shell:Creating environment descriptor '/root/Luis/camera_zed/Camera_Depth/zed_workspace/install/camera_interface/share/camera_interface/hook/pythonpath.dsv'
[30.863s] INFO:colcon.colcon_core.shell:Creating environment hook '/root/Luis/camera_zed/Camera_Depth/zed_workspace/install/camera_interface/share/camera_interface/hook/pythonpath.sh'
[30.868s] INFO:colcon.colcon_core.shell:Creating package script '/root/Luis/camera_zed/Camera_Depth/zed_workspace/install/camera_interface/share/camera_interface/package.ps1'
[30.871s] INFO:colcon.colcon_core.shell:Creating package descriptor '/root/Luis/camera_zed/Camera_Depth/zed_workspace/install/camera_interface/share/camera_interface/package.dsv'
[30.873s] INFO:colcon.colcon_core.shell:Creating package script '/root/Luis/camera_zed/Camera_Depth/zed_workspace/install/camera_interface/share/camera_interface/package.sh'
[30.876s] INFO:colcon.colcon_core.shell:Creating package script '/root/Luis/camera_zed/Camera_Depth/zed_workspace/install/camera_interface/share/camera_interface/package.bash'
[30.877s] INFO:colcon.colcon_core.shell:Creating package script '/root/Luis/camera_zed/Camera_Depth/zed_workspace/install/camera_interface/share/camera_interface/package.zsh'
[30.879s] Level 1:colcon.colcon_core.environment:create_file_with_runtime_dependencies(/root/Luis/camera_zed/Camera_Depth/zed_workspace/install/camera_interface/share/colcon-core/packages/camera_interface)
[30.881s] INFO:colcon.colcon_ros.task.ament_python.build:Building ROS package in '/root/Luis/camera_zed/Camera_Depth/zed_workspace/src/camera_controller' with build type 'ament_python'
[30.882s] Level 1:colcon.colcon_core.shell:create_environment_hook('camera_controller', 'ament_prefix_path')
[30.885s] INFO:colcon.colcon_core.shell:Creating environment hook '/root/Luis/camera_zed/Camera_Depth/zed_workspace/install/camera_controller/share/camera_controller/hook/ament_prefix_path.ps1'
[30.890s] INFO:colcon.colcon_core.shell:Creating environment descriptor '/root/Luis/camera_zed/Camera_Depth/zed_workspace/install/camera_controller/share/camera_controller/hook/ament_prefix_path.dsv'
[30.891s] INFO:colcon.colcon_core.shell:Creating environment hook '/root/Luis/camera_zed/Camera_Depth/zed_workspace/install/camera_controller/share/camera_controller/hook/ament_prefix_path.sh'
[30.895s] INFO:colcon.colcon_core.shell:Skip shell extension 'powershell' for command environment: Not usable outside of PowerShell
[30.896s] DEBUG:colcon.colcon_core.shell:Skip shell extension 'dsv' for command environment
[32.030s] INFO:colcon.colcon_core.task.python.build:Building Python package in '/root/Luis/camera_zed/Camera_Depth/zed_workspace/src/camera_controller'
[32.035s] INFO:colcon.colcon_core.shell:Skip shell extension 'powershell' for command environment: Not usable outside of PowerShell
[32.036s] DEBUG:colcon.colcon_core.shell:Skip shell extension 'dsv' for command environment
[33.521s] DEBUG:colcon.colcon_core.event_handler.log_command:Invoking command in '/root/Luis/camera_zed/Camera_Depth/zed_workspace/src/camera_controller': AMENT_PREFIX_PATH=/root/Luis/camera_zed/Camera_Depth/zed_workspace/install/camera_interface:${AMENT_PREFIX_PATH} CMAKE_PREFIX_PATH=/root/Luis/camera_zed/Camera_Depth/zed_workspace/install/camera_interface:${CMAKE_PREFIX_PATH} LD_LIBRARY_PATH=/root/Luis/camera_zed/Camera_Depth/zed_workspace/install/camera_interface/lib:/home/zed_workspace/install/camera_interface/lib:/usr/lib/aarch64-linux-gnu/gazebo-9/plugins:/opt/ros/eloquent/opt/yaml_cpp_vendor/lib:/opt/ros/eloquent/lib/aarch64-linux-gnu:/opt/ros/eloquent/lib:/usr/local/cuda-10.2/targets/aarch64-linux/lib PYTHONPATH=/root/Luis/camera_zed/Camera_Depth/zed_workspace/install/camera_controller/lib/python3.6/site-packages:/root/Luis/camera_zed/Camera_Depth/zed_workspace/install/camera_interface/lib/python3.6/site-packages:${PYTHONPATH} /usr/bin/python3 setup.py egg_info --egg-base ../../build/camera_controller build --build-base /root/Luis/camera_zed/Camera_Depth/zed_workspace/build/camera_controller/build install --prefix /root/Luis/camera_zed/Camera_Depth/zed_workspace/install/camera_controller --record /root/Luis/camera_zed/Camera_Depth/zed_workspace/build/camera_controller/install.log --single-version-externally-managed
[34.824s] Level 1:colcon.colcon_core.environment:checking '/root/Luis/camera_zed/Camera_Depth/zed_workspace/install/camera_controller' for CMake module files
[34.826s] DEBUG:colcon.colcon_core.event_handler.log_command:Invoked command in '/root/Luis/camera_zed/Camera_Depth/zed_workspace/src/camera_controller' returned '0': AMENT_PREFIX_PATH=/root/Luis/camera_zed/Camera_Depth/zed_workspace/install/camera_interface:${AMENT_PREFIX_PATH} CMAKE_PREFIX_PATH=/root/Luis/camera_zed/Camera_Depth/zed_workspace/install/camera_interface:${CMAKE_PREFIX_PATH} LD_LIBRARY_PATH=/root/Luis/camera_zed/Camera_Depth/zed_workspace/install/camera_interface/lib:/home/zed_workspace/install/camera_interface/lib:/usr/lib/aarch64-linux-gnu/gazebo-9/plugins:/opt/ros/eloquent/opt/yaml_cpp_vendor/lib:/opt/ros/eloquent/lib/aarch64-linux-gnu:/opt/ros/eloquent/lib:/usr/local/cuda-10.2/targets/aarch64-linux/lib PYTHONPATH=/root/Luis/camera_zed/Camera_Depth/zed_workspace/install/camera_controller/lib/python3.6/site-packages:/root/Luis/camera_zed/Camera_Depth/zed_workspace/install/camera_interface/lib/python3.6/site-packages:${PYTHONPATH} /usr/bin/python3 setup.py egg_info --egg-base ../../build/camera_controller build --build-base /root/Luis/camera_zed/Camera_Depth/zed_workspace/build/camera_controller/build install --prefix /root/Luis/camera_zed/Camera_Depth/zed_workspace/install/camera_controller --record /root/Luis/camera_zed/Camera_Depth/zed_workspace/build/camera_controller/install.log --single-version-externally-managed
[34.829s] Level 1:colcon.colcon_core.environment:checking '/root/Luis/camera_zed/Camera_Depth/zed_workspace/install/camera_controller' for CMake config files
[34.833s] Level 1:colcon.colcon_core.environment:checking '/root/Luis/camera_zed/Camera_Depth/zed_workspace/install/camera_controller/lib'
[34.834s] Level 1:colcon.colcon_core.environment:checking '/root/Luis/camera_zed/Camera_Depth/zed_workspace/install/camera_controller/bin'
[34.834s] Level 1:colcon.colcon_core.environment:checking '/root/Luis/camera_zed/Camera_Depth/zed_workspace/install/camera_controller/lib/pkgconfig/camera_controller.pc'
[34.835s] Level 1:colcon.colcon_core.environment:checking '/root/Luis/camera_zed/Camera_Depth/zed_workspace/install/camera_controller/lib/python3.6/site-packages'
[34.835s] Level 1:colcon.colcon_core.shell:create_environment_hook('camera_controller', 'pythonpath')
[34.838s] INFO:colcon.colcon_core.shell:Creating environment hook '/root/Luis/camera_zed/Camera_Depth/zed_workspace/install/camera_controller/share/camera_controller/hook/pythonpath.ps1'
[34.840s] INFO:colcon.colcon_core.shell:Creating environment descriptor '/root/Luis/camera_zed/Camera_Depth/zed_workspace/install/camera_controller/share/camera_controller/hook/pythonpath.dsv'
[34.841s] INFO:colcon.colcon_core.shell:Creating environment hook '/root/Luis/camera_zed/Camera_Depth/zed_workspace/install/camera_controller/share/camera_controller/hook/pythonpath.sh'
[34.843s] Level 1:colcon.colcon_core.environment:create_environment_scripts_only(camera_controller)
[34.846s] INFO:colcon.colcon_core.shell:Creating package script '/root/Luis/camera_zed/Camera_Depth/zed_workspace/install/camera_controller/share/camera_controller/package.ps1'
[34.848s] INFO:colcon.colcon_core.shell:Creating package descriptor '/root/Luis/camera_zed/Camera_Depth/zed_workspace/install/camera_controller/share/camera_controller/package.dsv'
[34.850s] INFO:colcon.colcon_core.shell:Creating package script '/root/Luis/camera_zed/Camera_Depth/zed_workspace/install/camera_controller/share/camera_controller/package.sh'
[34.852s] INFO:colcon.colcon_core.shell:Creating package script '/root/Luis/camera_zed/Camera_Depth/zed_workspace/install/camera_controller/share/camera_controller/package.bash'
[34.853s] INFO:colcon.colcon_core.shell:Creating package script '/root/Luis/camera_zed/Camera_Depth/zed_workspace/install/camera_controller/share/camera_controller/package.zsh'
[34.855s] Level 1:colcon.colcon_core.environment:create_file_with_runtime_dependencies(/root/Luis/camera_zed/Camera_Depth/zed_workspace/install/camera_controller/share/colcon-core/packages/camera_controller)
[34.860s] DEBUG:colcon.colcon_parallel_executor.executor.parallel:closing loop
[34.861s] DEBUG:colcon.colcon_parallel_executor.executor.parallel:loop closed
[34.863s] DEBUG:colcon.colcon_parallel_executor.executor.parallel:run_until_complete finished with '0'
[34.864s] DEBUG:colcon.colcon_core.event_reactor:joining thread
[34.894s] INFO:colcon.colcon_core.plugin_system:Skipping extension 'colcon_notification.desktop_notification.notify_send': Could not find 'notify-send'
[34.894s] INFO:colcon.colcon_core.plugin_system:Skipping extension 'colcon_notification.desktop_notification.terminal_notifier': Not used on non-Darwin systems
[34.894s] INFO:colcon.colcon_core.plugin_system:Skipping extension 'colcon_notification.desktop_notification.win32': Not used on non-Windows systems
[34.895s] INFO:colcon.colcon_notification.desktop_notification:Sending desktop notification using 'notify2'
[34.901s] DEBUG:colcon.colcon_notification.desktop_notification.notify2:Failed to initialize notify2: org.freedesktop.DBus.Error.Spawn.ExecFailed: /usr/bin/dbus-launch terminated abnormally without any error message
[34.903s] DEBUG:colcon.colcon_core.event_reactor:joined thread
[34.909s] INFO:colcon.colcon_core.shell:Creating prefix script '/root/Luis/camera_zed/Camera_Depth/zed_workspace/install/local_setup.ps1'
[34.915s] INFO:colcon.colcon_core.shell:Creating prefix util module '/root/Luis/camera_zed/Camera_Depth/zed_workspace/install/_local_setup_util_ps1.py'
[34.922s] INFO:colcon.colcon_core.shell:Creating prefix chain script '/root/Luis/camera_zed/Camera_Depth/zed_workspace/install/setup.ps1'
[34.927s] INFO:colcon.colcon_core.shell:Creating prefix script '/root/Luis/camera_zed/Camera_Depth/zed_workspace/install/local_setup.sh'
[34.930s] INFO:colcon.colcon_core.shell:Creating prefix util module '/root/Luis/camera_zed/Camera_Depth/zed_workspace/install/_local_setup_util_sh.py'
[34.932s] INFO:colcon.colcon_core.shell:Creating prefix chain script '/root/Luis/camera_zed/Camera_Depth/zed_workspace/install/setup.sh'
[34.936s] INFO:colcon.colcon_core.shell:Creating prefix script '/root/Luis/camera_zed/Camera_Depth/zed_workspace/install/local_setup.bash'
[34.938s] INFO:colcon.colcon_core.shell:Creating prefix chain script '/root/Luis/camera_zed/Camera_Depth/zed_workspace/install/setup.bash'
[34.943s] INFO:colcon.colcon_core.shell:Creating prefix script '/root/Luis/camera_zed/Camera_Depth/zed_workspace/install/local_setup.zsh'
[34.945s] INFO:colcon.colcon_core.shell:Creating prefix chain script '/root/Luis/camera_zed/Camera_Depth/zed_workspace/install/setup.zsh'
