/root/Luis/Camera_Depth/install/camera_controller/lib/python3.10/site-packages/camera_controller/distance.py
/root/Luis/Camera_Depth/install/camera_controller/lib/python3.10/site-packages/camera_controller/distance_all.py
/root/Luis/Camera_Depth/install/camera_controller/lib/python3.10/site-packages/camera_controller/distance_cells.py
/root/Luis/Camera_Depth/install/camera_controller/lib/python3.10/site-packages/camera_controller/__init__.py
/root/Luis/Camera_Depth/install/camera_controller/lib/python3.10/site-packages/camera_controller/distance_move.py
/root/Luis/Camera_Depth/install/camera_controller/lib/python3.10/site-packages/camera_controller/__pycache__/distance.cpython-310.pyc
/root/Luis/Camera_Depth/install/camera_controller/lib/python3.10/site-packages/camera_controller/__pycache__/distance_all.cpython-310.pyc
/root/Luis/Camera_Depth/install/camera_controller/lib/python3.10/site-packages/camera_controller/__pycache__/distance_cells.cpython-310.pyc
/root/Luis/Camera_Depth/install/camera_controller/lib/python3.10/site-packages/camera_controller/__pycache__/__init__.cpython-310.pyc
/root/Luis/Camera_Depth/install/camera_controller/lib/python3.10/site-packages/camera_controller/__pycache__/distance_move.cpython-310.pyc
/root/Luis/Camera_Depth/install/camera_controller/share/ament_index/resource_index/packages/camera_controller
/root/Luis/Camera_Depth/install/camera_controller/share/camera_controller/package.xml
/root/Luis/Camera_Depth/install/camera_controller/lib/python3.10/site-packages/camera_controller-0.0.0-py3.10.egg-info/PKG-INFO
/root/Luis/Camera_Depth/install/camera_controller/lib/python3.10/site-packages/camera_controller-0.0.0-py3.10.egg-info/entry_points.txt
/root/Luis/Camera_Depth/install/camera_controller/lib/python3.10/site-packages/camera_controller-0.0.0-py3.10.egg-info/top_level.txt
/root/Luis/Camera_Depth/install/camera_controller/lib/python3.10/site-packages/camera_controller-0.0.0-py3.10.egg-info/zip-safe
/root/Luis/Camera_Depth/install/camera_controller/lib/python3.10/site-packages/camera_controller-0.0.0-py3.10.egg-info/SOURCES.txt
/root/Luis/Camera_Depth/install/camera_controller/lib/python3.10/site-packages/camera_controller-0.0.0-py3.10.egg-info/dependency_links.txt
/root/Luis/Camera_Depth/install/camera_controller/lib/python3.10/site-packages/camera_controller-0.0.0-py3.10.egg-info/requires.txt
/root/Luis/Camera_Depth/install/camera_controller/lib/camera_controller/distance
/root/Luis/Camera_Depth/install/camera_controller/lib/camera_controller/distance_all
/root/Luis/Camera_Depth/install/camera_controller/lib/camera_controller/distance_cells
/root/Luis/Camera_Depth/install/camera_controller/lib/camera_controller/distance_move
