[2.949s] Invoking command in '/root/Luis/Camera_Depth/src/camera_controller': PYTHONPATH=/root/Luis/Camera_Depth/build/camera_controller/prefix_override:/root/Luis/Camera_Depth/install/camera_controller/lib/python3.10/site-packages:${PYTHONPATH} /usr/bin/python3 setup.py egg_info --egg-base ../../build/camera_controller build --build-base /root/Luis/Camera_Depth/build/camera_controller/build install --record /root/Luis/Camera_Depth/build/camera_controller/install.log --single-version-externally-managed
[3.891s] running egg_info
[3.893s] writing ../../build/camera_controller/camera_controller.egg-info/PKG-INFO
[3.894s] writing dependency_links to ../../build/camera_controller/camera_controller.egg-info/dependency_links.txt
[3.896s] writing entry points to ../../build/camera_controller/camera_controller.egg-info/entry_points.txt
[3.897s] writing requirements to ../../build/camera_controller/camera_controller.egg-info/requires.txt
[3.898s] writing top-level names to ../../build/camera_controller/camera_controller.egg-info/top_level.txt
[3.906s] reading manifest file '../../build/camera_controller/camera_controller.egg-info/SOURCES.txt'
[3.909s] writing manifest file '../../build/camera_controller/camera_controller.egg-info/SOURCES.txt'
[3.910s] running build
[3.911s] running build_py
[3.911s] copying camera_controller/distance.py -> /root/Luis/Camera_Depth/build/camera_controller/build/lib/camera_controller
[3.914s] running install
[3.915s] /usr/lib/python3/dist-packages/setuptools/command/install.py:34: SetuptoolsDeprecationWarning: setup.py install is deprecated. Use build and pip and other standards-based tools.
[3.916s]   warnings.warn(
[3.917s] running install_lib
[3.920s] copying /root/Luis/Camera_Depth/build/camera_controller/build/lib/camera_controller/distance.py -> /root/Luis/Camera_Depth/install/camera_controller/lib/python3.10/site-packages/camera_controller
[3.923s] byte-compiling /root/Luis/Camera_Depth/install/camera_controller/lib/python3.10/site-packages/camera_controller/distance.py to distance.cpython-310.pyc
[3.926s] running install_data
[3.940s] running install_egg_info
[3.948s] removing '/root/Luis/Camera_Depth/install/camera_controller/lib/python3.10/site-packages/camera_controller-0.0.0-py3.10.egg-info' (and everything under it)
[3.949s] Copying ../../build/camera_controller/camera_controller.egg-info to /root/Luis/Camera_Depth/install/camera_controller/lib/python3.10/site-packages/camera_controller-0.0.0-py3.10.egg-info
[3.960s] running install_scripts
[4.077s] Installing distance script to /root/Luis/Camera_Depth/install/camera_controller/lib/camera_controller
[4.078s] Installing distance_all script to /root/Luis/Camera_Depth/install/camera_controller/lib/camera_controller
[4.080s] Installing distance_cells script to /root/Luis/Camera_Depth/install/camera_controller/lib/camera_controller
[4.080s] Installing distance_move script to /root/Luis/Camera_Depth/install/camera_controller/lib/camera_controller
[4.081s] writing list of installed files to '/root/Luis/Camera_Depth/build/camera_controller/install.log'
[4.195s] Invoked command in '/root/Luis/Camera_Depth/src/camera_controller' returned '0': PYTHONPATH=/root/Luis/Camera_Depth/build/camera_controller/prefix_override:/root/Luis/Camera_Depth/install/camera_controller/lib/python3.10/site-packages:${PYTHONPATH} /usr/bin/python3 setup.py egg_info --egg-base ../../build/camera_controller build --build-base /root/Luis/Camera_Depth/build/camera_controller/build install --record /root/Luis/Camera_Depth/build/camera_controller/install.log --single-version-externally-managed
