[2.978s] Invoking command in '/root/Luis/Camera_Depth/src/camera_controller': PYTHONPATH=/root/Luis/Camera_Depth/build/camera_controller/prefix_override:/root/Luis/Camera_Depth/install/camera_controller/lib/python3.10/site-packages:${PYTHONPATH} /usr/bin/python3 setup.py egg_info --egg-base ../../build/camera_controller build --build-base /root/Luis/Camera_Depth/build/camera_controller/build install --record /root/Luis/Camera_Depth/build/camera_controller/install.log --single-version-externally-managed
[3.913s] running egg_info
[3.916s] writing ../../build/camera_controller/camera_controller.egg-info/PKG-INFO
[3.917s] writing dependency_links to ../../build/camera_controller/camera_controller.egg-info/dependency_links.txt
[3.918s] writing entry points to ../../build/camera_controller/camera_controller.egg-info/entry_points.txt
[3.919s] writing requirements to ../../build/camera_controller/camera_controller.egg-info/requires.txt
[3.920s] writing top-level names to ../../build/camera_controller/camera_controller.egg-info/top_level.txt
[3.928s] reading manifest file '../../build/camera_controller/camera_controller.egg-info/SOURCES.txt'
[3.934s] writing manifest file '../../build/camera_controller/camera_controller.egg-info/SOURCES.txt'
[3.935s] running build
[3.936s] running build_py
[3.945s] copying camera_controller/distance.py -> /root/Luis/Camera_Depth/build/camera_controller/build/lib/camera_controller
[3.948s] running install
[3.949s] /usr/lib/python3/dist-packages/setuptools/command/install.py:34: SetuptoolsDeprecationWarning: setup.py install is deprecated. Use build and pip and other standards-based tools.
[3.949s]   warnings.warn(
[3.950s] running install_lib
[3.954s] copying /root/Luis/Camera_Depth/build/camera_controller/build/lib/camera_controller/distance.py -> /root/Luis/Camera_Depth/install/camera_controller/lib/python3.10/site-packages/camera_controller
[3.957s] byte-compiling /root/Luis/Camera_Depth/install/camera_controller/lib/python3.10/site-packages/camera_controller/distance.py to distance.cpython-310.pyc
[3.961s] running install_data
[3.962s] running install_egg_info
[3.970s] removing '/root/Luis/Camera_Depth/install/camera_controller/lib/python3.10/site-packages/camera_controller-0.0.0-py3.10.egg-info' (and everything under it)
[3.971s] Copying ../../build/camera_controller/camera_controller.egg-info to /root/Luis/Camera_Depth/install/camera_controller/lib/python3.10/site-packages/camera_controller-0.0.0-py3.10.egg-info
[3.976s] running install_scripts
[4.072s] Installing distance script to /root/Luis/Camera_Depth/install/camera_controller/lib/camera_controller
[4.073s] Installing distance_all script to /root/Luis/Camera_Depth/install/camera_controller/lib/camera_controller
[4.074s] Installing distance_cells script to /root/Luis/Camera_Depth/install/camera_controller/lib/camera_controller
[4.074s] Installing distance_move script to /root/Luis/Camera_Depth/install/camera_controller/lib/camera_controller
[4.076s] writing list of installed files to '/root/Luis/Camera_Depth/build/camera_controller/install.log'
[4.182s] Invoked command in '/root/Luis/Camera_Depth/src/camera_controller' returned '0': PYTHONPATH=/root/Luis/Camera_Depth/build/camera_controller/prefix_override:/root/Luis/Camera_Depth/install/camera_controller/lib/python3.10/site-packages:${PYTHONPATH} /usr/bin/python3 setup.py egg_info --egg-base ../../build/camera_controller build --build-base /root/Luis/Camera_Depth/build/camera_controller/build install --record /root/Luis/Camera_Depth/build/camera_controller/install.log --single-version-externally-managed
