/root/Luis/Camera_Depth/install/camera_controller/lib/python3.6/site-packages/camera_controller/distance.py
/root/Luis/Camera_Depth/install/camera_controller/lib/python3.6/site-packages/camera_controller/distance_all.py
/root/Luis/Camera_Depth/install/camera_controller/lib/python3.6/site-packages/camera_controller/test_tf2.py
/root/Luis/Camera_Depth/install/camera_controller/lib/python3.6/site-packages/camera_controller/distance_cells.py
/root/Luis/Camera_Depth/install/camera_controller/lib/python3.6/site-packages/camera_controller/globalPoint.py
/root/Luis/Camera_Depth/install/camera_controller/lib/python3.6/site-packages/camera_controller/robot_localization.py
/root/Luis/Camera_Depth/install/camera_controller/lib/python3.6/site-packages/camera_controller/__init__.py
/root/Luis/Camera_Depth/install/camera_controller/lib/python3.6/site-packages/camera_controller/distance_move.py
/root/Luis/Camera_Depth/install/camera_controller/lib/python3.6/site-packages/camera_controller/__pycache__/distance.cpython-36.pyc
/root/Luis/Camera_Depth/install/camera_controller/lib/python3.6/site-packages/camera_controller/__pycache__/distance_all.cpython-36.pyc
/root/Luis/Camera_Depth/install/camera_controller/lib/python3.6/site-packages/camera_controller/__pycache__/test_tf2.cpython-36.pyc
/root/Luis/Camera_Depth/install/camera_controller/lib/python3.6/site-packages/camera_controller/__pycache__/distance_cells.cpython-36.pyc
/root/Luis/Camera_Depth/install/camera_controller/lib/python3.6/site-packages/camera_controller/__pycache__/globalPoint.cpython-36.pyc
/root/Luis/Camera_Depth/install/camera_controller/lib/python3.6/site-packages/camera_controller/__pycache__/robot_localization.cpython-36.pyc
/root/Luis/Camera_Depth/install/camera_controller/lib/python3.6/site-packages/camera_controller/__pycache__/__init__.cpython-36.pyc
/root/Luis/Camera_Depth/install/camera_controller/lib/python3.6/site-packages/camera_controller/__pycache__/distance_move.cpython-36.pyc
/root/Luis/Camera_Depth/install/camera_controller/share/ament_index/resource_index/packages/camera_controller
/root/Luis/Camera_Depth/install/camera_controller/share/camera_controller/package.xml
/root/Luis/Camera_Depth/install/camera_controller/lib/python3.6/site-packages/camera_controller-0.0.0-py3.6.egg-info/PKG-INFO
/root/Luis/Camera_Depth/install/camera_controller/lib/python3.6/site-packages/camera_controller-0.0.0-py3.6.egg-info/entry_points.txt
/root/Luis/Camera_Depth/install/camera_controller/lib/python3.6/site-packages/camera_controller-0.0.0-py3.6.egg-info/top_level.txt
/root/Luis/Camera_Depth/install/camera_controller/lib/python3.6/site-packages/camera_controller-0.0.0-py3.6.egg-info/zip-safe
/root/Luis/Camera_Depth/install/camera_controller/lib/python3.6/site-packages/camera_controller-0.0.0-py3.6.egg-info/SOURCES.txt
/root/Luis/Camera_Depth/install/camera_controller/lib/python3.6/site-packages/camera_controller-0.0.0-py3.6.egg-info/dependency_links.txt
/root/Luis/Camera_Depth/install/camera_controller/lib/python3.6/site-packages/camera_controller-0.0.0-py3.6.egg-info/requires.txt
/root/Luis/Camera_Depth/install/camera_controller/lib/camera_controller/distance
/root/Luis/Camera_Depth/install/camera_controller/lib/camera_controller/distance_all
/root/Luis/Camera_Depth/install/camera_controller/lib/camera_controller/distance_cells
/root/Luis/Camera_Depth/install/camera_controller/lib/camera_controller/distance_move
