[2.580s] Invoking command in '/root/Luis/Camera_Depth/src/camera_controller': PYTHONPATH=/root/Luis/Camera_Depth/build/camera_controller/prefix_override:/root/Luis/Camera_Depth/install/camera_controller/lib/python3.10/site-packages:${PYTHONPATH} /usr/bin/python3 setup.py egg_info --egg-base ../../build/camera_controller build --build-base /root/Luis/Camera_Depth/build/camera_controller/build install --record /root/Luis/Camera_Depth/build/camera_controller/install.log --single-version-externally-managed
[3.437s] running egg_info
[3.440s] writing ../../build/camera_controller/camera_controller.egg-info/PKG-INFO
[3.441s] writing dependency_links to ../../build/camera_controller/camera_controller.egg-info/dependency_links.txt
[3.442s] writing entry points to ../../build/camera_controller/camera_controller.egg-info/entry_points.txt
[3.443s] writing requirements to ../../build/camera_controller/camera_controller.egg-info/requires.txt
[3.443s] writing top-level names to ../../build/camera_controller/camera_controller.egg-info/top_level.txt
[3.451s] reading manifest file '../../build/camera_controller/camera_controller.egg-info/SOURCES.txt'
[3.456s] writing manifest file '../../build/camera_controller/camera_controller.egg-info/SOURCES.txt'
[3.457s] running build
[3.457s] running build_py
[3.458s] copying camera_controller/distance_move.py -> /root/Luis/Camera_Depth/build/camera_controller/build/lib/camera_controller
[3.460s] running install
[3.460s] /usr/lib/python3/dist-packages/setuptools/command/install.py:34: SetuptoolsDeprecationWarning: setup.py install is deprecated. Use build and pip and other standards-based tools.
[3.461s]   warnings.warn(
[3.462s] running install_lib
[3.466s] copying /root/Luis/Camera_Depth/build/camera_controller/build/lib/camera_controller/distance_move.py -> /root/Luis/Camera_Depth/install/camera_controller/lib/python3.10/site-packages/camera_controller
[3.470s] byte-compiling /root/Luis/Camera_Depth/install/camera_controller/lib/python3.10/site-packages/camera_controller/distance_move.py to distance_move.cpython-310.pyc
[3.474s] running install_data
[3.477s] running install_egg_info
[3.484s] removing '/root/Luis/Camera_Depth/install/camera_controller/lib/python3.10/site-packages/camera_controller-0.0.0-py3.10.egg-info' (and everything under it)
[3.485s] Copying ../../build/camera_controller/camera_controller.egg-info to /root/Luis/Camera_Depth/install/camera_controller/lib/python3.10/site-packages/camera_controller-0.0.0-py3.10.egg-info
[3.489s] running install_scripts
[3.586s] Installing distance script to /root/Luis/Camera_Depth/install/camera_controller/lib/camera_controller
[3.587s] Installing distance_all script to /root/Luis/Camera_Depth/install/camera_controller/lib/camera_controller
[3.587s] Installing distance_cells script to /root/Luis/Camera_Depth/install/camera_controller/lib/camera_controller
[3.587s] Installing distance_move script to /root/Luis/Camera_Depth/install/camera_controller/lib/camera_controller
[3.589s] writing list of installed files to '/root/Luis/Camera_Depth/build/camera_controller/install.log'
[3.690s] Invoked command in '/root/Luis/Camera_Depth/src/camera_controller' returned '0': PYTHONPATH=/root/Luis/Camera_Depth/build/camera_controller/prefix_override:/root/Luis/Camera_Depth/install/camera_controller/lib/python3.10/site-packages:${PYTHONPATH} /usr/bin/python3 setup.py egg_info --egg-base ../../build/camera_controller build --build-base /root/Luis/Camera_Depth/build/camera_controller/build install --record /root/Luis/Camera_Depth/build/camera_controller/install.log --single-version-externally-managed
