[4.003s] DEBUG:colcon:Command line arguments: ['/usr/bin/colcon', 'build']
[4.004s] DEBUG:colcon:Parsed command line arguments: Namespace(log_base=None, log_level=None, verb_name='build', build_base='build', install_base='install', merge_install=False, symlink_install=False, test_result_base=None, continue_on_error=False, executor='parallel', parallel_workers=6, event_handlers=None, ignore_user_meta=False, metas=['./colcon.meta'], base_paths=['.'], packages_ignore=None, packages_ignore_regex=None, paths=None, packages_up_to=None, packages_up_to_regex=None, packages_above=None, packages_above_and_dependencies=None, packages_above_depth=None, packages_select_by_dep=None, packages_skip_by_dep=None, packages_skip_up_to=None, packages_select_build_failed=False, packages_skip_build_finished=False, packages_select_test_failures=False, packages_skip_test_passed=False, packages_select=None, packages_skip=None, packages_select_regex=None, packages_skip_regex=None, packages_start=None, packages_end=None, cmake_args=None, cmake_target=None, cmake_target_skip_unavailable=False, cmake_clean_cache=False, cmake_clean_first=False, cmake_force_configure=False, ament_cmake_args=None, catkin_cmake_args=None, catkin_skip_building_tests=False, mixin_files=None, mixin=None, verb_parser=<colcon_mixin.mixin.mixin_argument.MixinArgumentDecorator object at 0x7fa5ba7850>, verb_extension=<colcon_core.verb.build.BuildVerb object at 0x7fa5ba5570>, main=<bound method BuildVerb.main of <colcon_core.verb.build.BuildVerb object at 0x7fa5ba5570>>, mixin_verb=('build',))
[4.207s] Level 1:colcon.colcon_core.package_discovery:discover_packages(colcon_meta) check parameters
[4.211s] INFO:colcon.colcon_metadata.package_discovery.colcon_meta:Using configuration from '/root/.colcon/metadata/default/Gazebo.meta'
[4.214s] INFO:colcon.colcon_metadata.package_discovery.colcon_meta:Using configuration from '/root/.colcon/metadata/default/fastrtps.meta'
[4.215s] Level 1:colcon.colcon_core.package_discovery:discover_packages(recursive) check parameters
[4.215s] Level 1:colcon.colcon_core.package_discovery:discover_packages(ignore) check parameters
[4.215s] Level 1:colcon.colcon_core.package_discovery:discover_packages(path) check parameters
[4.215s] Level 1:colcon.colcon_core.package_discovery:discover_packages(colcon_meta) discover
[4.216s] Level 1:colcon.colcon_core.package_discovery:discover_packages(recursive) discover
[4.216s] INFO:colcon.colcon_core.package_discovery:Crawling recursively for packages in '/root/Luis/Camera_Depth'
[4.217s] Level 1:colcon.colcon_core.package_identification:_identify(.) by extensions ['ignore', 'ignore_ament_install']
[4.217s] Level 1:colcon.colcon_core.package_identification:_identify(.) by extension 'ignore'
[4.218s] Level 1:colcon.colcon_core.package_identification:_identify(.) by extension 'ignore_ament_install'
[4.218s] Level 1:colcon.colcon_core.package_identification:_identify(.) by extensions ['colcon_pkg']
[4.218s] Level 1:colcon.colcon_core.package_identification:_identify(.) by extension 'colcon_pkg'
[4.218s] Level 1:colcon.colcon_core.package_identification:_identify(.) by extensions ['colcon_meta']
[4.219s] Level 1:colcon.colcon_core.package_identification:_identify(.) by extension 'colcon_meta'
[4.219s] Level 1:colcon.colcon_core.package_identification:_identify(.) by extensions ['ros']
[4.219s] Level 1:colcon.colcon_core.package_identification:_identify(.) by extension 'ros'
[4.283s] Level 1:colcon.colcon_core.package_identification:_identify(.) by extensions ['cmake', 'python']
[4.283s] Level 1:colcon.colcon_core.package_identification:_identify(.) by extension 'cmake'
[4.284s] Level 1:colcon.colcon_core.package_identification:_identify(.) by extension 'python'
[4.284s] Level 1:colcon.colcon_core.package_identification:_identify(.) by extensions ['python_setup_py']
[4.284s] Level 1:colcon.colcon_core.package_identification:_identify(.) by extension 'python_setup_py'
[4.285s] Level 1:colcon.colcon_core.package_identification:_identify(build) by extensions ['ignore', 'ignore_ament_install']
[4.286s] Level 1:colcon.colcon_core.package_identification:_identify(build) by extension 'ignore'
[4.286s] Level 1:colcon.colcon_core.package_identification:_identify(build) ignored
[4.287s] Level 1:colcon.colcon_core.package_identification:_identify(install) by extensions ['ignore', 'ignore_ament_install']
[4.287s] Level 1:colcon.colcon_core.package_identification:_identify(install) by extension 'ignore'
[4.288s] Level 1:colcon.colcon_core.package_identification:_identify(install) ignored
[4.288s] Level 1:colcon.colcon_core.package_identification:_identify(log) by extensions ['ignore', 'ignore_ament_install']
[4.289s] Level 1:colcon.colcon_core.package_identification:_identify(log) by extension 'ignore'
[4.289s] Level 1:colcon.colcon_core.package_identification:_identify(log) ignored
[4.290s] Level 1:colcon.colcon_core.package_identification:_identify(src) by extensions ['ignore', 'ignore_ament_install']
[4.291s] Level 1:colcon.colcon_core.package_identification:_identify(src) by extension 'ignore'
[4.291s] Level 1:colcon.colcon_core.package_identification:_identify(src) by extension 'ignore_ament_install'
[4.291s] Level 1:colcon.colcon_core.package_identification:_identify(src) by extensions ['colcon_pkg']
[4.291s] Level 1:colcon.colcon_core.package_identification:_identify(src) by extension 'colcon_pkg'
[4.292s] Level 1:colcon.colcon_core.package_identification:_identify(src) by extensions ['colcon_meta']
[4.292s] Level 1:colcon.colcon_core.package_identification:_identify(src) by extension 'colcon_meta'
[4.292s] Level 1:colcon.colcon_core.package_identification:_identify(src) by extensions ['ros']
[4.292s] Level 1:colcon.colcon_core.package_identification:_identify(src) by extension 'ros'
[4.293s] Level 1:colcon.colcon_core.package_identification:_identify(src) by extensions ['cmake', 'python']
[4.293s] Level 1:colcon.colcon_core.package_identification:_identify(src) by extension 'cmake'
[4.293s] Level 1:colcon.colcon_core.package_identification:_identify(src) by extension 'python'
[4.293s] Level 1:colcon.colcon_core.package_identification:_identify(src) by extensions ['python_setup_py']
[4.293s] Level 1:colcon.colcon_core.package_identification:_identify(src) by extension 'python_setup_py'
[4.294s] Level 1:colcon.colcon_core.package_identification:_identify(src/camera_controller) by extensions ['ignore', 'ignore_ament_install']
[4.294s] Level 1:colcon.colcon_core.package_identification:_identify(src/camera_controller) by extension 'ignore'
[4.295s] Level 1:colcon.colcon_core.package_identification:_identify(src/camera_controller) by extension 'ignore_ament_install'
[4.295s] Level 1:colcon.colcon_core.package_identification:_identify(src/camera_controller) by extensions ['colcon_pkg']
[4.295s] Level 1:colcon.colcon_core.package_identification:_identify(src/camera_controller) by extension 'colcon_pkg'
[4.295s] Level 1:colcon.colcon_core.package_identification:_identify(src/camera_controller) by extensions ['colcon_meta']
[4.296s] Level 1:colcon.colcon_core.package_identification:_identify(src/camera_controller) by extension 'colcon_meta'
[4.296s] Level 1:colcon.colcon_core.package_identification:_identify(src/camera_controller) by extensions ['ros']
[4.296s] Level 1:colcon.colcon_core.package_identification:_identify(src/camera_controller) by extension 'ros'
[4.311s] DEBUG:colcon.colcon_core.package_identification:Package 'src/camera_controller' with type 'ros.ament_python' and name 'camera_controller'
[4.311s] Level 1:colcon.colcon_core.package_discovery:discover_packages(recursive) using defaults
[4.311s] Level 1:colcon.colcon_core.package_discovery:discover_packages(ignore) discover
[4.312s] Level 1:colcon.colcon_core.package_discovery:discover_packages(ignore) using defaults
[4.312s] Level 1:colcon.colcon_core.package_discovery:discover_packages(path) discover
[4.312s] Level 1:colcon.colcon_core.package_discovery:discover_packages(path) using defaults
[4.619s] Level 5:colcon.colcon_core.verb:set package 'camera_controller' build argument 'cmake_args' from command line to 'None'
[4.620s] Level 5:colcon.colcon_core.verb:set package 'camera_controller' build argument 'cmake_target' from command line to 'None'
[4.620s] Level 5:colcon.colcon_core.verb:set package 'camera_controller' build argument 'cmake_target_skip_unavailable' from command line to 'False'
[4.620s] Level 5:colcon.colcon_core.verb:set package 'camera_controller' build argument 'cmake_clean_cache' from command line to 'False'
[4.620s] Level 5:colcon.colcon_core.verb:set package 'camera_controller' build argument 'cmake_clean_first' from command line to 'False'
[4.620s] Level 5:colcon.colcon_core.verb:set package 'camera_controller' build argument 'cmake_force_configure' from command line to 'False'
[4.620s] Level 5:colcon.colcon_core.verb:set package 'camera_controller' build argument 'ament_cmake_args' from command line to 'None'
[4.621s] Level 5:colcon.colcon_core.verb:set package 'camera_controller' build argument 'catkin_cmake_args' from command line to 'None'
[4.621s] Level 5:colcon.colcon_core.verb:set package 'camera_controller' build argument 'catkin_skip_building_tests' from command line to 'False'
[4.621s] DEBUG:colcon.colcon_core.verb:Building package 'camera_controller' with the following arguments: {'ament_cmake_args': None, 'build_base': '/root/Luis/Camera_Depth/build/camera_controller', 'catkin_cmake_args': None, 'catkin_skip_building_tests': False, 'cmake_args': None, 'cmake_clean_cache': False, 'cmake_clean_first': False, 'cmake_force_configure': False, 'cmake_target': None, 'cmake_target_skip_unavailable': False, 'install_base': '/root/Luis/Camera_Depth/install/camera_controller', 'merge_install': False, 'path': '/root/Luis/Camera_Depth/src/camera_controller', 'symlink_install': False, 'test_result_base': None}
[4.670s] INFO:colcon.colcon_core.executor:Executing jobs using 'parallel' executor
[4.725s] DEBUG:colcon.colcon_parallel_executor.executor.parallel:run_until_complete
[4.727s] INFO:colcon.colcon_ros.task.ament_python.build:Building ROS package in '/root/Luis/Camera_Depth/src/camera_controller' with build type 'ament_python'
[4.728s] Level 1:colcon.colcon_core.shell:create_environment_hook('camera_controller', 'ament_prefix_path')
[4.793s] INFO:colcon.colcon_core.plugin_system:Skipping extension 'colcon_core.shell.bat': Not used on non-Windows systems
[4.794s] INFO:colcon.colcon_core.shell:Creating environment hook '/root/Luis/Camera_Depth/install/camera_controller/share/camera_controller/hook/ament_prefix_path.ps1'
[4.798s] INFO:colcon.colcon_core.shell:Creating environment descriptor '/root/Luis/Camera_Depth/install/camera_controller/share/camera_controller/hook/ament_prefix_path.dsv'
[4.800s] INFO:colcon.colcon_core.shell:Creating environment hook '/root/Luis/Camera_Depth/install/camera_controller/share/camera_controller/hook/ament_prefix_path.sh'
[4.855s] INFO:colcon.colcon_core.shell:Skip shell extension 'powershell' for command environment: Not usable outside of PowerShell
[4.855s] DEBUG:colcon.colcon_core.shell:Skip shell extension 'dsv' for command environment
[5.954s] INFO:colcon.colcon_core.task.python.build:Building Python package in '/root/Luis/Camera_Depth/src/camera_controller'
[6.007s] INFO:colcon.colcon_core.shell:Skip shell extension 'powershell' for command environment: Not usable outside of PowerShell
[6.007s] DEBUG:colcon.colcon_core.shell:Skip shell extension 'dsv' for command environment
[7.513s] DEBUG:colcon.colcon_core.event_handler.log_command:Invoking command in '/root/Luis/Camera_Depth/src/camera_controller': PYTHONPATH=/root/Luis/Camera_Depth/build/camera_controller/prefix_override:/root/Luis/Camera_Depth/install/camera_controller/lib/python3.10/site-packages:${PYTHONPATH} /usr/bin/python3 setup.py egg_info --egg-base ../../build/camera_controller build --build-base /root/Luis/Camera_Depth/build/camera_controller/build install --record /root/Luis/Camera_Depth/build/camera_controller/install.log --single-version-externally-managed
[8.696s] DEBUG:colcon.colcon_core.event_handler.log_command:Invoked command in '/root/Luis/Camera_Depth/src/camera_controller' returned '0': PYTHONPATH=/root/Luis/Camera_Depth/build/camera_controller/prefix_override:/root/Luis/Camera_Depth/install/camera_controller/lib/python3.10/site-packages:${PYTHONPATH} /usr/bin/python3 setup.py egg_info --egg-base ../../build/camera_controller build --build-base /root/Luis/Camera_Depth/build/camera_controller/build install --record /root/Luis/Camera_Depth/build/camera_controller/install.log --single-version-externally-managed
[8.753s] Level 1:colcon.colcon_core.environment:checking '/root/Luis/Camera_Depth/install/camera_controller' for CMake module files
[8.756s] Level 1:colcon.colcon_core.environment:checking '/root/Luis/Camera_Depth/install/camera_controller' for CMake config files
[8.759s] Level 1:colcon.colcon_core.environment:checking '/root/Luis/Camera_Depth/install/camera_controller/lib'
[8.760s] Level 1:colcon.colcon_core.environment:checking '/root/Luis/Camera_Depth/install/camera_controller/bin'
[8.760s] Level 1:colcon.colcon_core.environment:checking '/root/Luis/Camera_Depth/install/camera_controller/lib/pkgconfig/camera_controller.pc'
[8.762s] Level 1:colcon.colcon_core.environment:checking '/root/Luis/Camera_Depth/install/camera_controller/lib/python3.10/site-packages'
[8.762s] Level 1:colcon.colcon_core.shell:create_environment_hook('camera_controller', 'pythonpath')
[8.804s] INFO:colcon.colcon_core.shell:Creating environment hook '/root/Luis/Camera_Depth/install/camera_controller/share/camera_controller/hook/pythonpath.ps1'
[8.806s] INFO:colcon.colcon_core.shell:Creating environment descriptor '/root/Luis/Camera_Depth/install/camera_controller/share/camera_controller/hook/pythonpath.dsv'
[8.807s] INFO:colcon.colcon_core.shell:Creating environment hook '/root/Luis/Camera_Depth/install/camera_controller/share/camera_controller/hook/pythonpath.sh'
[8.810s] Level 1:colcon.colcon_core.environment:checking '/root/Luis/Camera_Depth/install/camera_controller/bin'
[8.810s] Level 1:colcon.colcon_core.environment:create_environment_scripts_only(camera_controller)
[8.853s] INFO:colcon.colcon_core.shell:Creating package script '/root/Luis/Camera_Depth/install/camera_controller/share/camera_controller/package.ps1'
[8.858s] INFO:colcon.colcon_core.shell:Creating package descriptor '/root/Luis/Camera_Depth/install/camera_controller/share/camera_controller/package.dsv'
[8.861s] INFO:colcon.colcon_core.shell:Creating package script '/root/Luis/Camera_Depth/install/camera_controller/share/camera_controller/package.sh'
[8.864s] INFO:colcon.colcon_core.shell:Creating package script '/root/Luis/Camera_Depth/install/camera_controller/share/camera_controller/package.bash'
[8.868s] INFO:colcon.colcon_core.shell:Creating package script '/root/Luis/Camera_Depth/install/camera_controller/share/camera_controller/package.zsh'
[8.870s] Level 1:colcon.colcon_core.environment:create_file_with_runtime_dependencies(/root/Luis/Camera_Depth/install/camera_controller/share/colcon-core/packages/camera_controller)
[8.872s] DEBUG:colcon.colcon_parallel_executor.executor.parallel:closing loop
[8.873s] DEBUG:colcon.colcon_parallel_executor.executor.parallel:loop closed
[8.873s] DEBUG:colcon.colcon_parallel_executor.executor.parallel:run_until_complete finished with '0'
[8.874s] DEBUG:colcon.colcon_core.event_reactor:joining thread
[8.943s] INFO:colcon.colcon_core.plugin_system:Skipping extension 'colcon_notification.desktop_notification.notify_send': Could not find 'notify-send'
[8.943s] INFO:colcon.colcon_core.plugin_system:Skipping extension 'colcon_notification.desktop_notification.terminal_notifier': Not used on non-Darwin systems
[8.944s] INFO:colcon.colcon_core.plugin_system:Skipping extension 'colcon_notification.desktop_notification.win32': Not used on non-Windows systems
[8.944s] INFO:colcon.colcon_notification.desktop_notification:Sending desktop notification using 'notify2'
[8.944s] DEBUG:colcon.colcon_notification.desktop_notification.notify2:Failed to initialize notify2: org.freedesktop.DBus.Error.InvalidFileContent: D-Bus library appears to be incorrectly set up: see the manual page for dbus-uuidgen to correct this issue. (Failed to open "/var/lib/dbus/machine-id": No such file or directory; UUID file '/etc/machine-id' should contain a hex string of length 32, not length 0, with no other text)
[8.945s] DEBUG:colcon.colcon_core.event_reactor:joined thread
[8.987s] INFO:colcon.colcon_core.shell:Creating prefix script '/root/Luis/Camera_Depth/install/local_setup.ps1'
[8.991s] INFO:colcon.colcon_core.shell:Creating prefix util module '/root/Luis/Camera_Depth/install/_local_setup_util_ps1.py'
[8.998s] INFO:colcon.colcon_core.shell:Creating prefix chain script '/root/Luis/Camera_Depth/install/setup.ps1'
[9.042s] INFO:colcon.colcon_core.shell:Creating prefix script '/root/Luis/Camera_Depth/install/local_setup.sh'
[9.045s] INFO:colcon.colcon_core.shell:Creating prefix util module '/root/Luis/Camera_Depth/install/_local_setup_util_sh.py'
[9.047s] INFO:colcon.colcon_core.shell:Creating prefix chain script '/root/Luis/Camera_Depth/install/setup.sh'
[9.094s] INFO:colcon.colcon_core.shell:Creating prefix script '/root/Luis/Camera_Depth/install/local_setup.bash'
[9.096s] INFO:colcon.colcon_core.shell:Creating prefix chain script '/root/Luis/Camera_Depth/install/setup.bash'
[9.152s] INFO:colcon.colcon_core.shell:Creating prefix script '/root/Luis/Camera_Depth/install/local_setup.zsh'
[9.154s] INFO:colcon.colcon_core.shell:Creating prefix chain script '/root/Luis/Camera_Depth/install/setup.zsh'
