[4.640s] DEBUG:colcon:Command line arguments: ['/usr/bin/colcon', 'build']
[4.641s] DEBUG:colcon:Parsed command line arguments: Namespace(log_base=None, log_level=None, verb_name='build', build_base='build', install_base='install', merge_install=False, symlink_install=False, test_result_base=None, continue_on_error=False, executor='parallel', parallel_workers=6, event_handlers=None, ignore_user_meta=False, metas=['./colcon.meta'], base_paths=['.'], packages_ignore=None, packages_ignore_regex=None, paths=None, packages_up_to=None, packages_up_to_regex=None, packages_above=None, packages_above_and_dependencies=None, packages_above_depth=None, packages_select_by_dep=None, packages_skip_by_dep=None, packages_skip_up_to=None, packages_select_build_failed=False, packages_skip_build_finished=False, packages_select_test_failures=False, packages_skip_test_passed=False, packages_select=None, packages_skip=None, packages_select_regex=None, packages_skip_regex=None, packages_start=None, packages_end=None, cmake_args=None, cmake_target=None, cmake_target_skip_unavailable=False, cmake_clean_cache=False, cmake_clean_first=False, cmake_force_configure=False, ament_cmake_args=None, catkin_cmake_args=None, catkin_skip_building_tests=False, mixin_files=None, mixin=None, verb_parser=<colcon_mixin.mixin.mixin_argument.MixinArgumentDecorator object at 0x7fb0e509a0>, verb_extension=<colcon_core.verb.build.BuildVerb object at 0x7fb0e87cd0>, main=<bound method BuildVerb.main of <colcon_core.verb.build.BuildVerb object at 0x7fb0e87cd0>>, mixin_verb=('build',))
[4.811s] Level 1:colcon.colcon_core.package_discovery:discover_packages(colcon_meta) check parameters
[4.814s] INFO:colcon.colcon_metadata.package_discovery.colcon_meta:Using configuration from '/root/.colcon/metadata/default/Gazebo.meta'
[4.816s] INFO:colcon.colcon_metadata.package_discovery.colcon_meta:Using configuration from '/root/.colcon/metadata/default/fastrtps.meta'
[4.817s] Level 1:colcon.colcon_core.package_discovery:discover_packages(recursive) check parameters
[4.817s] Level 1:colcon.colcon_core.package_discovery:discover_packages(ignore) check parameters
[4.817s] Level 1:colcon.colcon_core.package_discovery:discover_packages(path) check parameters
[4.817s] Level 1:colcon.colcon_core.package_discovery:discover_packages(colcon_meta) discover
[4.818s] Level 1:colcon.colcon_core.package_discovery:discover_packages(recursive) discover
[4.818s] INFO:colcon.colcon_core.package_discovery:Crawling recursively for packages in '/root/Luis/Camera_Depth'
[4.818s] Level 1:colcon.colcon_core.package_identification:_identify(.) by extensions ['ignore', 'ignore_ament_install']
[4.819s] Level 1:colcon.colcon_core.package_identification:_identify(.) by extension 'ignore'
[4.819s] Level 1:colcon.colcon_core.package_identification:_identify(.) by extension 'ignore_ament_install'
[4.819s] Level 1:colcon.colcon_core.package_identification:_identify(.) by extensions ['colcon_pkg']
[4.819s] Level 1:colcon.colcon_core.package_identification:_identify(.) by extension 'colcon_pkg'
[4.820s] Level 1:colcon.colcon_core.package_identification:_identify(.) by extensions ['colcon_meta']
[4.820s] Level 1:colcon.colcon_core.package_identification:_identify(.) by extension 'colcon_meta'
[4.820s] Level 1:colcon.colcon_core.package_identification:_identify(.) by extensions ['ros']
[4.820s] Level 1:colcon.colcon_core.package_identification:_identify(.) by extension 'ros'
[4.874s] Level 1:colcon.colcon_core.package_identification:_identify(.) by extensions ['cmake', 'python']
[4.875s] Level 1:colcon.colcon_core.package_identification:_identify(.) by extension 'cmake'
[4.875s] Level 1:colcon.colcon_core.package_identification:_identify(.) by extension 'python'
[4.875s] Level 1:colcon.colcon_core.package_identification:_identify(.) by extensions ['python_setup_py']
[4.875s] Level 1:colcon.colcon_core.package_identification:_identify(.) by extension 'python_setup_py'
[4.876s] Level 1:colcon.colcon_core.package_identification:_identify(build) by extensions ['ignore', 'ignore_ament_install']
[4.876s] Level 1:colcon.colcon_core.package_identification:_identify(build) by extension 'ignore'
[4.877s] Level 1:colcon.colcon_core.package_identification:_identify(build) ignored
[4.877s] Level 1:colcon.colcon_core.package_identification:_identify(install) by extensions ['ignore', 'ignore_ament_install']
[4.878s] Level 1:colcon.colcon_core.package_identification:_identify(install) by extension 'ignore'
[4.878s] Level 1:colcon.colcon_core.package_identification:_identify(install) ignored
[4.878s] Level 1:colcon.colcon_core.package_identification:_identify(log) by extensions ['ignore', 'ignore_ament_install']
[4.879s] Level 1:colcon.colcon_core.package_identification:_identify(log) by extension 'ignore'
[4.879s] Level 1:colcon.colcon_core.package_identification:_identify(log) ignored
[4.879s] Level 1:colcon.colcon_core.package_identification:_identify(src) by extensions ['ignore', 'ignore_ament_install']
[4.880s] Level 1:colcon.colcon_core.package_identification:_identify(src) by extension 'ignore'
[4.880s] Level 1:colcon.colcon_core.package_identification:_identify(src) by extension 'ignore_ament_install'
[4.880s] Level 1:colcon.colcon_core.package_identification:_identify(src) by extensions ['colcon_pkg']
[4.880s] Level 1:colcon.colcon_core.package_identification:_identify(src) by extension 'colcon_pkg'
[4.881s] Level 1:colcon.colcon_core.package_identification:_identify(src) by extensions ['colcon_meta']
[4.881s] Level 1:colcon.colcon_core.package_identification:_identify(src) by extension 'colcon_meta'
[4.881s] Level 1:colcon.colcon_core.package_identification:_identify(src) by extensions ['ros']
[4.881s] Level 1:colcon.colcon_core.package_identification:_identify(src) by extension 'ros'
[4.882s] Level 1:colcon.colcon_core.package_identification:_identify(src) by extensions ['cmake', 'python']
[4.882s] Level 1:colcon.colcon_core.package_identification:_identify(src) by extension 'cmake'
[4.882s] Level 1:colcon.colcon_core.package_identification:_identify(src) by extension 'python'
[4.882s] Level 1:colcon.colcon_core.package_identification:_identify(src) by extensions ['python_setup_py']
[4.882s] Level 1:colcon.colcon_core.package_identification:_identify(src) by extension 'python_setup_py'
[4.883s] Level 1:colcon.colcon_core.package_identification:_identify(src/camera_controller) by extensions ['ignore', 'ignore_ament_install']
[4.883s] Level 1:colcon.colcon_core.package_identification:_identify(src/camera_controller) by extension 'ignore'
[4.883s] Level 1:colcon.colcon_core.package_identification:_identify(src/camera_controller) by extension 'ignore_ament_install'
[4.884s] Level 1:colcon.colcon_core.package_identification:_identify(src/camera_controller) by extensions ['colcon_pkg']
[4.884s] Level 1:colcon.colcon_core.package_identification:_identify(src/camera_controller) by extension 'colcon_pkg'
[4.884s] Level 1:colcon.colcon_core.package_identification:_identify(src/camera_controller) by extensions ['colcon_meta']
[4.884s] Level 1:colcon.colcon_core.package_identification:_identify(src/camera_controller) by extension 'colcon_meta'
[4.885s] Level 1:colcon.colcon_core.package_identification:_identify(src/camera_controller) by extensions ['ros']
[4.885s] Level 1:colcon.colcon_core.package_identification:_identify(src/camera_controller) by extension 'ros'
[4.898s] DEBUG:colcon.colcon_core.package_identification:Package 'src/camera_controller' with type 'ros.ament_python' and name 'camera_controller'
[4.898s] Level 1:colcon.colcon_core.package_discovery:discover_packages(recursive) using defaults
[4.899s] Level 1:colcon.colcon_core.package_discovery:discover_packages(ignore) discover
[4.899s] Level 1:colcon.colcon_core.package_discovery:discover_packages(ignore) using defaults
[4.899s] Level 1:colcon.colcon_core.package_discovery:discover_packages(path) discover
[4.899s] Level 1:colcon.colcon_core.package_discovery:discover_packages(path) using defaults
[5.159s] Level 5:colcon.colcon_core.verb:set package 'camera_controller' build argument 'cmake_args' from command line to 'None'
[5.159s] Level 5:colcon.colcon_core.verb:set package 'camera_controller' build argument 'cmake_target' from command line to 'None'
[5.159s] Level 5:colcon.colcon_core.verb:set package 'camera_controller' build argument 'cmake_target_skip_unavailable' from command line to 'False'
[5.159s] Level 5:colcon.colcon_core.verb:set package 'camera_controller' build argument 'cmake_clean_cache' from command line to 'False'
[5.159s] Level 5:colcon.colcon_core.verb:set package 'camera_controller' build argument 'cmake_clean_first' from command line to 'False'
[5.160s] Level 5:colcon.colcon_core.verb:set package 'camera_controller' build argument 'cmake_force_configure' from command line to 'False'
[5.160s] Level 5:colcon.colcon_core.verb:set package 'camera_controller' build argument 'ament_cmake_args' from command line to 'None'
[5.160s] Level 5:colcon.colcon_core.verb:set package 'camera_controller' build argument 'catkin_cmake_args' from command line to 'None'
[5.160s] Level 5:colcon.colcon_core.verb:set package 'camera_controller' build argument 'catkin_skip_building_tests' from command line to 'False'
[5.161s] DEBUG:colcon.colcon_core.verb:Building package 'camera_controller' with the following arguments: {'ament_cmake_args': None, 'build_base': '/root/Luis/Camera_Depth/build/camera_controller', 'catkin_cmake_args': None, 'catkin_skip_building_tests': False, 'cmake_args': None, 'cmake_clean_cache': False, 'cmake_clean_first': False, 'cmake_force_configure': False, 'cmake_target': None, 'cmake_target_skip_unavailable': False, 'install_base': '/root/Luis/Camera_Depth/install/camera_controller', 'merge_install': False, 'path': '/root/Luis/Camera_Depth/src/camera_controller', 'symlink_install': False, 'test_result_base': None}
[5.202s] INFO:colcon.colcon_core.executor:Executing jobs using 'parallel' executor
[5.249s] DEBUG:colcon.colcon_parallel_executor.executor.parallel:run_until_complete
[5.250s] INFO:colcon.colcon_ros.task.ament_python.build:Building ROS package in '/root/Luis/Camera_Depth/src/camera_controller' with build type 'ament_python'
[5.251s] Level 1:colcon.colcon_core.shell:create_environment_hook('camera_controller', 'ament_prefix_path')
[5.305s] INFO:colcon.colcon_core.plugin_system:Skipping extension 'colcon_core.shell.bat': Not used on non-Windows systems
[5.306s] INFO:colcon.colcon_core.shell:Creating environment hook '/root/Luis/Camera_Depth/install/camera_controller/share/camera_controller/hook/ament_prefix_path.ps1'
[5.309s] INFO:colcon.colcon_core.shell:Creating environment descriptor '/root/Luis/Camera_Depth/install/camera_controller/share/camera_controller/hook/ament_prefix_path.dsv'
[5.311s] INFO:colcon.colcon_core.shell:Creating environment hook '/root/Luis/Camera_Depth/install/camera_controller/share/camera_controller/hook/ament_prefix_path.sh'
[5.357s] INFO:colcon.colcon_core.shell:Skip shell extension 'powershell' for command environment: Not usable outside of PowerShell
[5.358s] DEBUG:colcon.colcon_core.shell:Skip shell extension 'dsv' for command environment
[6.434s] INFO:colcon.colcon_core.task.python.build:Building Python package in '/root/Luis/Camera_Depth/src/camera_controller'
[6.481s] INFO:colcon.colcon_core.shell:Skip shell extension 'powershell' for command environment: Not usable outside of PowerShell
[6.481s] DEBUG:colcon.colcon_core.shell:Skip shell extension 'dsv' for command environment
[7.953s] DEBUG:colcon.colcon_core.event_handler.log_command:Invoking command in '/root/Luis/Camera_Depth/src/camera_controller': PYTHONPATH=/root/Luis/Camera_Depth/build/camera_controller/prefix_override:/root/Luis/Camera_Depth/install/camera_controller/lib/python3.10/site-packages:${PYTHONPATH} /usr/bin/python3 setup.py egg_info --egg-base ../../build/camera_controller build --build-base /root/Luis/Camera_Depth/build/camera_controller/build install --record /root/Luis/Camera_Depth/build/camera_controller/install.log --single-version-externally-managed
[9.131s] DEBUG:colcon.colcon_core.event_handler.log_command:Invoked command in '/root/Luis/Camera_Depth/src/camera_controller' returned '0': PYTHONPATH=/root/Luis/Camera_Depth/build/camera_controller/prefix_override:/root/Luis/Camera_Depth/install/camera_controller/lib/python3.10/site-packages:${PYTHONPATH} /usr/bin/python3 setup.py egg_info --egg-base ../../build/camera_controller build --build-base /root/Luis/Camera_Depth/build/camera_controller/build install --record /root/Luis/Camera_Depth/build/camera_controller/install.log --single-version-externally-managed
[9.180s] Level 1:colcon.colcon_core.environment:checking '/root/Luis/Camera_Depth/install/camera_controller' for CMake module files
[9.183s] Level 1:colcon.colcon_core.environment:checking '/root/Luis/Camera_Depth/install/camera_controller' for CMake config files
[9.186s] Level 1:colcon.colcon_core.environment:checking '/root/Luis/Camera_Depth/install/camera_controller/lib'
[9.187s] Level 1:colcon.colcon_core.environment:checking '/root/Luis/Camera_Depth/install/camera_controller/bin'
[9.187s] Level 1:colcon.colcon_core.environment:checking '/root/Luis/Camera_Depth/install/camera_controller/lib/pkgconfig/camera_controller.pc'
[9.188s] Level 1:colcon.colcon_core.environment:checking '/root/Luis/Camera_Depth/install/camera_controller/lib/python3.10/site-packages'
[9.188s] Level 1:colcon.colcon_core.shell:create_environment_hook('camera_controller', 'pythonpath')
[9.232s] INFO:colcon.colcon_core.shell:Creating environment hook '/root/Luis/Camera_Depth/install/camera_controller/share/camera_controller/hook/pythonpath.ps1'
[9.234s] INFO:colcon.colcon_core.shell:Creating environment descriptor '/root/Luis/Camera_Depth/install/camera_controller/share/camera_controller/hook/pythonpath.dsv'
[9.235s] INFO:colcon.colcon_core.shell:Creating environment hook '/root/Luis/Camera_Depth/install/camera_controller/share/camera_controller/hook/pythonpath.sh'
[9.238s] Level 1:colcon.colcon_core.environment:checking '/root/Luis/Camera_Depth/install/camera_controller/bin'
[9.238s] Level 1:colcon.colcon_core.environment:create_environment_scripts_only(camera_controller)
[9.281s] INFO:colcon.colcon_core.shell:Creating package script '/root/Luis/Camera_Depth/install/camera_controller/share/camera_controller/package.ps1'
[9.286s] INFO:colcon.colcon_core.shell:Creating package descriptor '/root/Luis/Camera_Depth/install/camera_controller/share/camera_controller/package.dsv'
[9.288s] INFO:colcon.colcon_core.shell:Creating package script '/root/Luis/Camera_Depth/install/camera_controller/share/camera_controller/package.sh'
[9.293s] INFO:colcon.colcon_core.shell:Creating package script '/root/Luis/Camera_Depth/install/camera_controller/share/camera_controller/package.bash'
[9.296s] INFO:colcon.colcon_core.shell:Creating package script '/root/Luis/Camera_Depth/install/camera_controller/share/camera_controller/package.zsh'
[9.299s] Level 1:colcon.colcon_core.environment:create_file_with_runtime_dependencies(/root/Luis/Camera_Depth/install/camera_controller/share/colcon-core/packages/camera_controller)
[9.300s] DEBUG:colcon.colcon_parallel_executor.executor.parallel:closing loop
[9.302s] DEBUG:colcon.colcon_parallel_executor.executor.parallel:loop closed
[9.303s] DEBUG:colcon.colcon_parallel_executor.executor.parallel:run_until_complete finished with '0'
[9.303s] DEBUG:colcon.colcon_core.event_reactor:joining thread
[9.383s] INFO:colcon.colcon_core.plugin_system:Skipping extension 'colcon_notification.desktop_notification.notify_send': Could not find 'notify-send'
[9.384s] INFO:colcon.colcon_core.plugin_system:Skipping extension 'colcon_notification.desktop_notification.terminal_notifier': Not used on non-Darwin systems
[9.384s] INFO:colcon.colcon_core.plugin_system:Skipping extension 'colcon_notification.desktop_notification.win32': Not used on non-Windows systems
[9.384s] INFO:colcon.colcon_notification.desktop_notification:Sending desktop notification using 'notify2'
[9.385s] DEBUG:colcon.colcon_notification.desktop_notification.notify2:Failed to initialize notify2: org.freedesktop.DBus.Error.InvalidFileContent: D-Bus library appears to be incorrectly set up: see the manual page for dbus-uuidgen to correct this issue. (Failed to open "/var/lib/dbus/machine-id": No such file or directory; UUID file '/etc/machine-id' should contain a hex string of length 32, not length 0, with no other text)
[9.385s] DEBUG:colcon.colcon_core.event_reactor:joined thread
[9.429s] INFO:colcon.colcon_core.shell:Creating prefix script '/root/Luis/Camera_Depth/install/local_setup.ps1'
[9.433s] INFO:colcon.colcon_core.shell:Creating prefix util module '/root/Luis/Camera_Depth/install/_local_setup_util_ps1.py'
[9.440s] INFO:colcon.colcon_core.shell:Creating prefix chain script '/root/Luis/Camera_Depth/install/setup.ps1'
[9.488s] INFO:colcon.colcon_core.shell:Creating prefix script '/root/Luis/Camera_Depth/install/local_setup.sh'
[9.491s] INFO:colcon.colcon_core.shell:Creating prefix util module '/root/Luis/Camera_Depth/install/_local_setup_util_sh.py'
[9.494s] INFO:colcon.colcon_core.shell:Creating prefix chain script '/root/Luis/Camera_Depth/install/setup.sh'
[9.541s] INFO:colcon.colcon_core.shell:Creating prefix script '/root/Luis/Camera_Depth/install/local_setup.bash'
[9.544s] INFO:colcon.colcon_core.shell:Creating prefix chain script '/root/Luis/Camera_Depth/install/setup.bash'
[9.591s] INFO:colcon.colcon_core.shell:Creating prefix script '/root/Luis/Camera_Depth/install/local_setup.zsh'
[9.593s] INFO:colcon.colcon_core.shell:Creating prefix chain script '/root/Luis/Camera_Depth/install/setup.zsh'
