[0.075s] Invoking command in '/root/Luis/camera_zed/Camera_Depth/zed_workspace/build/camera_interface': CMAKE_PREFIX_PATH=${CMAKE_PREFIX_PATH}:/root/Luis/camera_zed/Camera_Depth/zed_workspace/install/camera_controller:/opt/ros/eloquent /usr/bin/cmake --build /root/Luis/camera_zed/Camera_Depth/zed_workspace/build/camera_interface -- -j6 -l6
[0.301s] [  2%] Built target camera_interface__cpp
[0.313s] [ 13%] Built target camera_interface__rosidl_generator_c
[0.440s] [ 24%] Built target camera_interface__rosidl_typesupport_introspection_cpp
[0.452s] [ 35%] Built target camera_interface__rosidl_typesupport_fastrtps_cpp
[0.462s] [ 46%] Built target camera_interface__rosidl_typesupport_introspection_c
[0.585s] [ 68%] Built target camera_interface__rosidl_typesupport_cpp
[0.586s] [ 68%] Built target camera_interface__rosidl_typesupport_fastrtps_c
[0.723s] [ 80%] Built target camera_interface__rosidl_typesupport_c
[0.807s] [ 80%] Built target camera_interface
[0.897s] [ 82%] Built target camera_interface__py
[1.010s] [ 91%] Built target camera_interface__python
[1.126s] [100%] Built target camera_interface__rosidl_typesupport_c__pyext
[1.127s] [100%] Built target camera_interface__rosidl_typesupport_fastrtps_c__pyext
[1.171s] Invoked command in '/root/Luis/camera_zed/Camera_Depth/zed_workspace/build/camera_interface' returned '0': CMAKE_PREFIX_PATH=${CMAKE_PREFIX_PATH}:/root/Luis/camera_zed/Camera_Depth/zed_workspace/install/camera_controller:/opt/ros/eloquent /usr/bin/cmake --build /root/Luis/camera_zed/Camera_Depth/zed_workspace/build/camera_interface -- -j6 -l6
[1.547s] Invoking command in '/root/Luis/camera_zed/Camera_Depth/zed_workspace/build/camera_interface': CMAKE_PREFIX_PATH=${CMAKE_PREFIX_PATH}:/root/Luis/camera_zed/Camera_Depth/zed_workspace/install/camera_controller:/opt/ros/eloquent /usr/bin/cmake --build /root/Luis/camera_zed/Camera_Depth/zed_workspace/build/camera_interface --target install -- -j6 -l6
[1.772s] [  2%] Built target camera_interface__cpp
[1.787s] [ 13%] Built target camera_interface__rosidl_generator_c
[1.893s] [ 24%] Built target camera_interface__rosidl_typesupport_introspection_cpp
[1.902s] [ 35%] Built target camera_interface__rosidl_typesupport_fastrtps_cpp
[1.911s] [ 46%] Built target camera_interface__rosidl_typesupport_introspection_c
[2.024s] [ 68%] Built target camera_interface__rosidl_typesupport_fastrtps_c
[2.025s] [ 68%] Built target camera_interface__rosidl_typesupport_cpp
[2.136s] [ 80%] Built target camera_interface__rosidl_typesupport_c
[2.226s] [ 80%] Built target camera_interface
[2.337s] [ 82%] Built target camera_interface__py
[2.458s] [ 91%] Built target camera_interface__python
[2.584s] [100%] Built target camera_interface__rosidl_typesupport_c__pyext
[2.584s] [100%] Built target camera_interface__rosidl_typesupport_fastrtps_c__pyext
[2.664s] [36mInstall the project...[0m
[2.701s] -- Install configuration: ""
[2.702s] -- Up-to-date: /root/Luis/camera_zed/Camera_Depth/zed_workspace/install/camera_interface/share/ament_index/resource_index/rosidl_interfaces/camera_interface
[2.703s] -- Up-to-date: /root/Luis/camera_zed/Camera_Depth/zed_workspace/install/camera_interface/lib/libcamera_interface__rosidl_typesupport_c.so
[2.704s] -- Up-to-date: /root/Luis/camera_zed/Camera_Depth/zed_workspace/install/camera_interface/share/camera_interface/environment/library_path.sh
[2.705s] -- Up-to-date: /root/Luis/camera_zed/Camera_Depth/zed_workspace/install/camera_interface/share/camera_interface/environment/library_path.dsv
[2.706s] -- Up-to-date: /root/Luis/camera_zed/Camera_Depth/zed_workspace/install/camera_interface/lib/libcamera_interface__rosidl_typesupport_cpp.so
[2.707s] -- Up-to-date: /root/Luis/camera_zed/Camera_Depth/zed_workspace/install/camera_interface/include/camera_interface
[2.707s] -- Up-to-date: /root/Luis/camera_zed/Camera_Depth/zed_workspace/install/camera_interface/include/camera_interface/msg
[2.708s] -- Up-to-date: /root/Luis/camera_zed/Camera_Depth/zed_workspace/install/camera_interface/include/camera_interface/msg/rosidl_typesupport_fastrtps_c__visibility_control.h
[2.709s] -- Up-to-date: /root/Luis/camera_zed/Camera_Depth/zed_workspace/install/camera_interface/include/camera_interface/msg/nodeupdate__rosidl_typesupport_fastrtps_c.h
[2.711s] -- Up-to-date: /root/Luis/camera_zed/Camera_Depth/zed_workspace/install/camera_interface/include/camera_interface/msg/obstacles__rosidl_typesupport_fastrtps_c.h
[2.712s] -- Up-to-date: /root/Luis/camera_zed/Camera_Depth/zed_workspace/install/camera_interface/include/camera_interface/msg/camera__rosidl_typesupport_fastrtps_c.h
[2.712s] -- Up-to-date: /root/Luis/camera_zed/Camera_Depth/zed_workspace/install/camera_interface/lib/libcamera_interface__rosidl_typesupport_fastrtps_c.so
[2.713s] -- Up-to-date: /root/Luis/camera_zed/Camera_Depth/zed_workspace/install/camera_interface/include/camera_interface
[2.714s] -- Up-to-date: /root/Luis/camera_zed/Camera_Depth/zed_workspace/install/camera_interface/include/camera_interface/msg
[2.715s] -- Up-to-date: /root/Luis/camera_zed/Camera_Depth/zed_workspace/install/camera_interface/include/camera_interface/msg/obstacles__struct.h
[2.717s] -- Up-to-date: /root/Luis/camera_zed/Camera_Depth/zed_workspace/install/camera_interface/include/camera_interface/msg/camera__struct.h
[2.718s] -- Up-to-date: /root/Luis/camera_zed/Camera_Depth/zed_workspace/install/camera_interface/include/camera_interface/msg/nodeupdate__functions.h
[2.719s] -- Up-to-date: /root/Luis/camera_zed/Camera_Depth/zed_workspace/install/camera_interface/include/camera_interface/msg/obstacles.h
[2.720s] -- Up-to-date: /root/Luis/camera_zed/Camera_Depth/zed_workspace/install/camera_interface/include/camera_interface/msg/obstacles__functions.c
[2.722s] -- Up-to-date: /root/Luis/camera_zed/Camera_Depth/zed_workspace/install/camera_interface/include/camera_interface/msg/nodeupdate__type_support.h
[2.722s] -- Up-to-date: /root/Luis/camera_zed/Camera_Depth/zed_workspace/install/camera_interface/include/camera_interface/msg/camera__type_support.h
[2.723s] -- Up-to-date: /root/Luis/camera_zed/Camera_Depth/zed_workspace/install/camera_interface/include/camera_interface/msg/obstacles__functions.h
[2.724s] -- Up-to-date: /root/Luis/camera_zed/Camera_Depth/zed_workspace/install/camera_interface/include/camera_interface/msg/rosidl_generator_c__visibility_control.h
[2.725s] -- Up-to-date: /root/Luis/camera_zed/Camera_Depth/zed_workspace/install/camera_interface/include/camera_interface/msg/nodeupdate__struct.h
[2.725s] -- Up-to-date: /root/Luis/camera_zed/Camera_Depth/zed_workspace/install/camera_interface/include/camera_interface/msg/nodeupdate.h
[2.726s] -- Up-to-date: /root/Luis/camera_zed/Camera_Depth/zed_workspace/install/camera_interface/include/camera_interface/msg/camera.h
[2.726s] -- Up-to-date: /root/Luis/camera_zed/Camera_Depth/zed_workspace/install/camera_interface/include/camera_interface/msg/camera__functions.c
[2.727s] -- Up-to-date: /root/Luis/camera_zed/Camera_Depth/zed_workspace/install/camera_interface/include/camera_interface/msg/obstacles__type_support.h
[2.727s] -- Up-to-date: /root/Luis/camera_zed/Camera_Depth/zed_workspace/install/camera_interface/include/camera_interface/msg/camera__functions.h
[2.728s] -- Up-to-date: /root/Luis/camera_zed/Camera_Depth/zed_workspace/install/camera_interface/include/camera_interface/msg/nodeupdate__functions.c
[2.728s] -- Up-to-date: /root/Luis/camera_zed/Camera_Depth/zed_workspace/install/camera_interface/lib/libcamera_interface__rosidl_generator_c.so
[2.729s] -- Up-to-date: /root/Luis/camera_zed/Camera_Depth/zed_workspace/install/camera_interface/include/camera_interface
[2.729s] -- Up-to-date: /root/Luis/camera_zed/Camera_Depth/zed_workspace/install/camera_interface/include/camera_interface/msg
[2.730s] -- Up-to-date: /root/Luis/camera_zed/Camera_Depth/zed_workspace/install/camera_interface/include/camera_interface/msg/camera__rosidl_typesupport_fastrtps_cpp.hpp
[2.730s] -- Up-to-date: /root/Luis/camera_zed/Camera_Depth/zed_workspace/install/camera_interface/include/camera_interface/msg/rosidl_typesupport_fastrtps_cpp__visibility_control.h
[2.731s] -- Up-to-date: /root/Luis/camera_zed/Camera_Depth/zed_workspace/install/camera_interface/include/camera_interface/msg/nodeupdate__rosidl_typesupport_fastrtps_cpp.hpp
[2.731s] -- Up-to-date: /root/Luis/camera_zed/Camera_Depth/zed_workspace/install/camera_interface/include/camera_interface/msg/obstacles__rosidl_typesupport_fastrtps_cpp.hpp
[2.732s] -- Up-to-date: /root/Luis/camera_zed/Camera_Depth/zed_workspace/install/camera_interface/include/camera_interface/msg/dds_fastrtps
[2.732s] -- Up-to-date: /root/Luis/camera_zed/Camera_Depth/zed_workspace/install/camera_interface/lib/libcamera_interface__rosidl_typesupport_fastrtps_cpp.so
[2.732s] -- Up-to-date: /root/Luis/camera_zed/Camera_Depth/zed_workspace/install/camera_interface/include/camera_interface
[2.733s] -- Up-to-date: /root/Luis/camera_zed/Camera_Depth/zed_workspace/install/camera_interface/include/camera_interface/msg
[2.734s] -- Up-to-date: /root/Luis/camera_zed/Camera_Depth/zed_workspace/install/camera_interface/include/camera_interface/msg/nodeupdate.hpp
[2.734s] -- Up-to-date: /root/Luis/camera_zed/Camera_Depth/zed_workspace/install/camera_interface/include/camera_interface/msg/nodeupdate__traits.hpp
[2.734s] -- Up-to-date: /root/Luis/camera_zed/Camera_Depth/zed_workspace/install/camera_interface/include/camera_interface/msg/obstacles.hpp
[2.735s] -- Up-to-date: /root/Luis/camera_zed/Camera_Depth/zed_workspace/install/camera_interface/include/camera_interface/msg/camera__traits.hpp
[2.735s] -- Up-to-date: /root/Luis/camera_zed/Camera_Depth/zed_workspace/install/camera_interface/include/camera_interface/msg/camera.hpp
[2.736s] -- Up-to-date: /root/Luis/camera_zed/Camera_Depth/zed_workspace/install/camera_interface/include/camera_interface/msg/nodeupdate__struct.hpp
[2.736s] -- Up-to-date: /root/Luis/camera_zed/Camera_Depth/zed_workspace/install/camera_interface/include/camera_interface/msg/obstacles__traits.hpp
[2.737s] -- Up-to-date: /root/Luis/camera_zed/Camera_Depth/zed_workspace/install/camera_interface/include/camera_interface/msg/obstacles__struct.hpp
[2.737s] -- Up-to-date: /root/Luis/camera_zed/Camera_Depth/zed_workspace/install/camera_interface/include/camera_interface/msg/camera__struct.hpp
[2.738s] -- Up-to-date: /root/Luis/camera_zed/Camera_Depth/zed_workspace/install/camera_interface/include/camera_interface
[2.738s] -- Up-to-date: /root/Luis/camera_zed/Camera_Depth/zed_workspace/install/camera_interface/include/camera_interface/msg
[2.738s] -- Up-to-date: /root/Luis/camera_zed/Camera_Depth/zed_workspace/install/camera_interface/include/camera_interface/msg/rosidl_typesupport_introspection_c__visibility_control.h
[2.739s] -- Up-to-date: /root/Luis/camera_zed/Camera_Depth/zed_workspace/install/camera_interface/include/camera_interface/msg/nodeupdate__rosidl_typesupport_introspection_c.h
[2.739s] -- Up-to-date: /root/Luis/camera_zed/Camera_Depth/zed_workspace/install/camera_interface/include/camera_interface/msg/obstacles__type_support.c
[2.740s] -- Up-to-date: /root/Luis/camera_zed/Camera_Depth/zed_workspace/install/camera_interface/include/camera_interface/msg/nodeupdate__type_support.c
[2.740s] -- Up-to-date: /root/Luis/camera_zed/Camera_Depth/zed_workspace/install/camera_interface/include/camera_interface/msg/obstacles__rosidl_typesupport_introspection_c.h
[2.740s] -- Up-to-date: /root/Luis/camera_zed/Camera_Depth/zed_workspace/install/camera_interface/include/camera_interface/msg/camera__rosidl_typesupport_introspection_c.h
[2.741s] -- Up-to-date: /root/Luis/camera_zed/Camera_Depth/zed_workspace/install/camera_interface/include/camera_interface/msg/camera__type_support.c
[2.741s] -- Up-to-date: /root/Luis/camera_zed/Camera_Depth/zed_workspace/install/camera_interface/lib/libcamera_interface__rosidl_typesupport_introspection_c.so
[2.742s] -- Up-to-date: /root/Luis/camera_zed/Camera_Depth/zed_workspace/install/camera_interface/include/camera_interface
[2.742s] -- Up-to-date: /root/Luis/camera_zed/Camera_Depth/zed_workspace/install/camera_interface/include/camera_interface/msg
[2.743s] -- Up-to-date: /root/Luis/camera_zed/Camera_Depth/zed_workspace/install/camera_interface/include/camera_interface/msg/obstacles__type_support.cpp
[2.743s] -- Up-to-date: /root/Luis/camera_zed/Camera_Depth/zed_workspace/install/camera_interface/include/camera_interface/msg/obstacles__rosidl_typesupport_introspection_cpp.hpp
[2.743s] -- Up-to-date: /root/Luis/camera_zed/Camera_Depth/zed_workspace/install/camera_interface/include/camera_interface/msg/nodeupdate__type_support.cpp
[2.744s] -- Up-to-date: /root/Luis/camera_zed/Camera_Depth/zed_workspace/install/camera_interface/include/camera_interface/msg/camera__rosidl_typesupport_introspection_cpp.hpp
[2.744s] -- Up-to-date: /root/Luis/camera_zed/Camera_Depth/zed_workspace/install/camera_interface/include/camera_interface/msg/camera__type_support.cpp
[2.745s] -- Up-to-date: /root/Luis/camera_zed/Camera_Depth/zed_workspace/install/camera_interface/include/camera_interface/msg/nodeupdate__rosidl_typesupport_introspection_cpp.hpp
[2.745s] -- Up-to-date: /root/Luis/camera_zed/Camera_Depth/zed_workspace/install/camera_interface/lib/libcamera_interface__rosidl_typesupport_introspection_cpp.so
[2.746s] -- Up-to-date: /root/Luis/camera_zed/Camera_Depth/zed_workspace/install/camera_interface/share/camera_interface/environment/pythonpath.sh
[2.746s] -- Up-to-date: /root/Luis/camera_zed/Camera_Depth/zed_workspace/install/camera_interface/share/camera_interface/environment/pythonpath.dsv
[2.746s] -- Up-to-date: /root/Luis/camera_zed/Camera_Depth/zed_workspace/install/camera_interface/lib/python3.6/site-packages/camera_interface/__init__.py
[2.883s] -- Up-to-date: /root/Luis/camera_zed/Camera_Depth/zed_workspace/install/camera_interface/lib/python3.6/site-packages/camera_interface/msg
[2.885s] -- Up-to-date: /root/Luis/camera_zed/Camera_Depth/zed_workspace/install/camera_interface/lib/python3.6/site-packages/camera_interface/msg/_camera_s.c
[2.887s] -- Up-to-date: /root/Luis/camera_zed/Camera_Depth/zed_workspace/install/camera_interface/lib/python3.6/site-packages/camera_interface/msg/_camera.py
[2.888s] -- Up-to-date: /root/Luis/camera_zed/Camera_Depth/zed_workspace/install/camera_interface/lib/python3.6/site-packages/camera_interface/msg/_obstacles_s.c
[2.888s] -- Up-to-date: /root/Luis/camera_zed/Camera_Depth/zed_workspace/install/camera_interface/lib/python3.6/site-packages/camera_interface/msg/_nodeupdate_s.c
[2.889s] -- Up-to-date: /root/Luis/camera_zed/Camera_Depth/zed_workspace/install/camera_interface/lib/python3.6/site-packages/camera_interface/msg/__init__.py
[2.889s] -- Up-to-date: /root/Luis/camera_zed/Camera_Depth/zed_workspace/install/camera_interface/lib/python3.6/site-packages/camera_interface/msg/_obstacles.py
[2.890s] -- Up-to-date: /root/Luis/camera_zed/Camera_Depth/zed_workspace/install/camera_interface/lib/python3.6/site-packages/camera_interface/msg/_nodeupdate.py
[2.890s] -- Up-to-date: /root/Luis/camera_zed/Camera_Depth/zed_workspace/install/camera_interface/lib/python3.6/site-packages/camera_interface/camera_interface_s__rosidl_typesupport_c.cpython-36m-aarch64-linux-gnu.so
[2.891s] -- Up-to-date: /root/Luis/camera_zed/Camera_Depth/zed_workspace/install/camera_interface/lib/python3.6/site-packages/camera_interface/camera_interface_s__rosidl_typesupport_fastrtps_c.cpython-36m-aarch64-linux-gnu.so
[2.891s] -- Up-to-date: /root/Luis/camera_zed/Camera_Depth/zed_workspace/install/camera_interface/lib/libcamera_interface__python.so
[2.892s] -- Up-to-date: /root/Luis/camera_zed/Camera_Depth/zed_workspace/install/camera_interface/share/camera_interface/msg/Camera.idl
[2.893s] -- Up-to-date: /root/Luis/camera_zed/Camera_Depth/zed_workspace/install/camera_interface/share/camera_interface/msg/Obstacles.idl
[2.894s] -- Up-to-date: /root/Luis/camera_zed/Camera_Depth/zed_workspace/install/camera_interface/share/camera_interface/msg/Nodeupdate.idl
[2.895s] -- Up-to-date: /root/Luis/camera_zed/Camera_Depth/zed_workspace/install/camera_interface/share/camera_interface/msg/Camera.msg
[2.895s] -- Up-to-date: /root/Luis/camera_zed/Camera_Depth/zed_workspace/install/camera_interface/share/camera_interface/msg/Obstacles.msg
[2.896s] -- Up-to-date: /root/Luis/camera_zed/Camera_Depth/zed_workspace/install/camera_interface/share/camera_interface/msg/Nodeupdate.msg
[2.896s] -- Up-to-date: /root/Luis/camera_zed/Camera_Depth/zed_workspace/install/camera_interface/share/ament_index/resource_index/package_run_dependencies/camera_interface
[2.897s] -- Up-to-date: /root/Luis/camera_zed/Camera_Depth/zed_workspace/install/camera_interface/share/ament_index/resource_index/parent_prefix_path/camera_interface
[2.898s] -- Up-to-date: /root/Luis/camera_zed/Camera_Depth/zed_workspace/install/camera_interface/share/camera_interface/environment/ament_prefix_path.sh
[2.899s] -- Up-to-date: /root/Luis/camera_zed/Camera_Depth/zed_workspace/install/camera_interface/share/camera_interface/environment/ament_prefix_path.dsv
[2.900s] -- Up-to-date: /root/Luis/camera_zed/Camera_Depth/zed_workspace/install/camera_interface/share/camera_interface/environment/path.sh
[2.900s] -- Up-to-date: /root/Luis/camera_zed/Camera_Depth/zed_workspace/install/camera_interface/share/camera_interface/environment/path.dsv
[2.901s] -- Up-to-date: /root/Luis/camera_zed/Camera_Depth/zed_workspace/install/camera_interface/share/camera_interface/local_setup.bash
[2.901s] -- Up-to-date: /root/Luis/camera_zed/Camera_Depth/zed_workspace/install/camera_interface/share/camera_interface/local_setup.sh
[2.902s] -- Up-to-date: /root/Luis/camera_zed/Camera_Depth/zed_workspace/install/camera_interface/share/camera_interface/local_setup.zsh
[2.902s] -- Up-to-date: /root/Luis/camera_zed/Camera_Depth/zed_workspace/install/camera_interface/share/camera_interface/local_setup.dsv
[2.903s] -- Installing: /root/Luis/camera_zed/Camera_Depth/zed_workspace/install/camera_interface/share/camera_interface/package.dsv
[2.903s] -- Up-to-date: /root/Luis/camera_zed/Camera_Depth/zed_workspace/install/camera_interface/share/ament_index/resource_index/packages/camera_interface
[2.904s] -- Up-to-date: /root/Luis/camera_zed/Camera_Depth/zed_workspace/install/camera_interface/share/camera_interface/cmake/rosidl_cmake-extras.cmake
[2.904s] -- Up-to-date: /root/Luis/camera_zed/Camera_Depth/zed_workspace/install/camera_interface/share/camera_interface/cmake/ament_cmake_export_dependencies-extras.cmake
[2.905s] -- Up-to-date: /root/Luis/camera_zed/Camera_Depth/zed_workspace/install/camera_interface/share/camera_interface/cmake/ament_cmake_export_libraries-extras.cmake
[2.905s] -- Up-to-date: /root/Luis/camera_zed/Camera_Depth/zed_workspace/install/camera_interface/share/camera_interface/cmake/ament_cmake_export_include_directories-extras.cmake
[2.906s] -- Up-to-date: /root/Luis/camera_zed/Camera_Depth/zed_workspace/install/camera_interface/share/camera_interface/cmake/camera_interfaceConfig.cmake
[2.906s] -- Up-to-date: /root/Luis/camera_zed/Camera_Depth/zed_workspace/install/camera_interface/share/camera_interface/cmake/camera_interfaceConfig-version.cmake
[2.907s] -- Up-to-date: /root/Luis/camera_zed/Camera_Depth/zed_workspace/install/camera_interface/share/camera_interface/package.xml
[2.922s] Invoked command in '/root/Luis/camera_zed/Camera_Depth/zed_workspace/build/camera_interface' returned '0': CMAKE_PREFIX_PATH=${CMAKE_PREFIX_PATH}:/root/Luis/camera_zed/Camera_Depth/zed_workspace/install/camera_controller:/opt/ros/eloquent /usr/bin/cmake --build /root/Luis/camera_zed/Camera_Depth/zed_workspace/build/camera_interface --target install -- -j6 -l6
